<?xml version="1.0" encoding="UTF-8"?>
<testsuites tests="19" failures="13" errors="13" skipped="0">
  <testsuite timestamp="2025-07-23T17:57:21" time="972.854" tests="9" failures="4" errors="4" skipped="0">
    <properties>
      <property name="specId" value="0"/>
      <property name="suiteName" value="Tests for Mass State Change on Manage States &amp; Performances US104416 US"/>
      <property name="capabilities" value="chrome.138_0_7204_158.windows"/>
      <property name="file" value="file:///D:/a/1/s/test/specs/HTR/create-mass-state-change.spec.js"/>
    </properties>
    <testcase classname="chrome.138_0_7204_158.windows.Tests_for_Mass_State_Change_on_Manage_States_&amp;_Performances_US104416_US" name="Prereq Should create a new yard used for all following tests" time="127.168">
      <system-out><![CDATA[
COMMAND: POST /session/aa48994010684139f691768d65878bfa/window/fullscreen - {}
RESULT: {}
COMMAND: POST /session/aa48994010684139f691768d65878bfa/execute/async - {"script":"<script> [1562 bytes]","args":[{"selector":{"controlType":"sap.m.GenericTile","properties":{"header":"Manage Yards"}},"wdio_ui5_key":"sapm.GenericTile{\"header\":\"Manage Yards\"}"}]}
RESULT: {"script":"<script> [1562 bytes]","args":[{"selector":{"controlType":"sap.m.GenericTile","properties":{"header":"Manage Yards"}},"wdio_ui5_key":"sapm.GenericTile{\"header\":\"Manage Yards\"}"}]}
RESULT: undefined
COMMAND: POST /session/aa48994010684139f691768d65878bfa/element - {"using":"xpath","value":"//*[@id=\"__tile42\"]"}
RESULT: {"using":"xpath","value":"//*[@id=\"__tile42\"]"}
COMMAND: POST /session/aa48994010684139f691768d65878bfa/element/f.65B9DE86ED81C21496E6122963357038.d.AED4528F44B74A1ADEE05CC8236804A6.e.157/click - {}
RESULT: {}
COMMAND: GET /session/aa48994010684139f691768d65878bfa/screenshot - {}
RESULT: {}
COMMAND: POST /session/aa48994010684139f691768d65878bfa/elements - {"using":"xpath","value":"//span[text()='Error']"}
RESULT: {"using":"xpath","value":"//span[text()='Error']"}
COMMAND: POST /session/aa48994010684139f691768d65878bfa/element - {"using":"xpath","value":"//button[@data-kt=\"addNewYardOverflowToolbarButton\"]"}
RESULT: {"using":"xpath","value":"//button[@data-kt=\"addNewYardOverflowToolbarButton\"]"}
COMMAND: POST /session/aa48994010684139f691768d65878bfa/elements - {"using":"xpath","value":"//button[@data-kt=\"addNewYardOverflowToolbarButton\"]"}
RESULT: {"using":"xpath","value":"//button[@data-kt=\"addNewYardOverflowToolbarButton\"]"}
COMMAND: POST /session/aa48994010684139f691768d65878bfa/elements - {"using":"xpath","value":"//button[@data-kt=\"addNewYardOverflowToolbarButton\"]"}
RESULT: {"using":"xpath","value":"//button[@data-kt=\"addNewYardOverflowToolbarButton\"]"}
COMMAND: POST /session/aa48994010684139f691768d65878bfa/elements - {"using":"xpath","value":"//button[@data-kt=\"addNewYardOverflowToolbarButton\"]"}
RESULT: {"using":"xpath","value":"//button[@data-kt=\"addNewYardOverflowToolbarButton\"]"}
COMMAND: POST /session/aa48994010684139f691768d65878bfa/elements - {"using":"xpath","value":"//button[@data-kt=\"addNewYardOverflowToolbarButton\"]"}
RESULT: {"using":"xpath","value":"//button[@data-kt=\"addNewYardOverflowToolbarButton\"]"}
COMMAND: POST /session/aa48994010684139f691768d65878bfa/elements - {"using":"xpath","value":"//button[@data-kt=\"addNewYardOverflowToolbarButton\"]"}
RESULT: {"using":"xpath","value":"//button[@data-kt=\"addNewYardOverflowToolbarButton\"]"}
COMMAND: POST /session/aa48994010684139f691768d65878bfa/elements - {"using":"xpath","value":"//button[@data-kt=\"addNewYardOverflowToolbarButton\"]"}
RESULT: {"using":"xpath","value":"//button[@data-kt=\"addNewYardOverflowToolbarButton\"]"}
COMMAND: POST /session/aa48994010684139f691768d65878bfa/elements - {"using":"xpath","value":"//button[@data-kt=\"addNewYardOverflowToolbarButton\"]"}
RESULT: {"using":"xpath","value":"//button[@data-kt=\"addNewYardOverflowToolbarButton\"]"}
COMMAND: POST /session/aa48994010684139f691768d65878bfa/elements - {"using":"xpath","value":"//button[@data-kt=\"addNewYardOverflowToolbarButton\"]"}
RESULT: {"using":"xpath","value":"//button[@data-kt=\"addNewYardOverflowToolbarButton\"]"}
COMMAND: POST /session/aa48994010684139f691768d65878bfa/elements - {"using":"xpath","value":"//button[@data-kt=\"addNewYardOverflowToolbarButton\"]"}
RESULT: {"using":"xpath","value":"//button[@data-kt=\"addNewYardOverflowToolbarButton\"]"}
COMMAND: POST /session/aa48994010684139f691768d65878bfa/elements - {"using":"xpath","value":"//button[@data-kt=\"addNewYardOverflowToolbarButton\"]"}
RESULT: {"using":"xpath","value":"//button[@data-kt=\"addNewYardOverflowToolbarButton\"]"}
COMMAND: POST /session/aa48994010684139f691768d65878bfa/element - {"using":"xpath","value":"//button[@data-kt=\"addNewYardOverflowToolbarButton\"]"}
RESULT: {"using":"xpath","value":"//button[@data-kt=\"addNewYardOverflowToolbarButton\"]"}
COMMAND: POST /session/aa48994010684139f691768d65878bfa/execute/sync - {"script":"<script> [8489 bytes]","args":[{"element-6066-11e4-a52e-4f735466cecf":"f.65B9DE86ED81C21496E6122963357038.d.AED4528F44B74A1ADEE05CC8236804A6.e.298","ELEMENT":"f.65B9DE86ED81C21496E6122963357038.d.AED4528F44B74A1ADEE05CC8236804A6.e.298"}]}
RESULT: {"script":"<script> [8489 bytes]","args":[{"element-6066-11e4-a52e-4f735466cecf":"f.65B9DE86ED81C21496E6122963357038.d.AED4528F44B74A1ADEE05CC8236804A6.e.298","ELEMENT":"f.65B9DE86ED81C21496E6122963357038.d.AED4528F44B74A1ADEE05CC8236804A6.e.298"}]}
COMMAND: GET /session/aa48994010684139f691768d65878bfa/element/f.65B9DE86ED81C21496E6122963357038.d.AED4528F44B74A1ADEE05CC8236804A6.e.298/enabled - {}
COMMAND: GET /session/aa48994010684139f691768d65878bfa/screenshot - {}
RESULT: {}
COMMAND: POST /session/aa48994010684139f691768d65878bfa/execute/sync - {"script":"<script> [8489 bytes]","args":[{"element-6066-11e4-a52e-4f735466cecf":"f.65B9DE86ED81C21496E6122963357038.d.AED4528F44B74A1ADEE05CC8236804A6.e.298","ELEMENT":"f.65B9DE86ED81C21496E6122963357038.d.AED4528F44B74A1ADEE05CC8236804A6.e.298"}]}
COMMAND: GET /session/aa48994010684139f691768d65878bfa/screenshot - {}
RESULT: {}
RESULT: {"script":"<script> [8489 bytes]","args":[{"element-6066-11e4-a52e-4f735466cecf":"f.65B9DE86ED81C21496E6122963357038.d.AED4528F44B74A1ADEE05CC8236804A6.e.298","ELEMENT":"f.65B9DE86ED81C21496E6122963357038.d.AED4528F44B74A1ADEE05CC8236804A6.e.298"}]}
COMMAND: POST /session/aa48994010684139f691768d65878bfa/execute/sync - {"script":"<script> [5351 bytes]","args":[{"element-6066-11e4-a52e-4f735466cecf":"f.65B9DE86ED81C21496E6122963357038.d.AED4528F44B74A1ADEE05CC8236804A6.e.298","ELEMENT":"f.65B9DE86ED81C21496E6122963357038.d.AED4528F44B74A1ADEE05CC8236804A6.e.298"}]}
COMMAND: GET /session/aa48994010684139f691768d65878bfa/screenshot - {}
RESULT: {}
RESULT: {"script":"<script> [5351 bytes]","args":[{"element-6066-11e4-a52e-4f735466cecf":"f.65B9DE86ED81C21496E6122963357038.d.AED4528F44B74A1ADEE05CC8236804A6.e.298","ELEMENT":"f.65B9DE86ED81C21496E6122963357038.d.AED4528F44B74A1ADEE05CC8236804A6.e.298"}]}
COMMAND: POST /session/aa48994010684139f691768d65878bfa/element/f.65B9DE86ED81C21496E6122963357038.d.AED4528F44B74A1ADEE05CC8236804A6.e.298/click - {}
COMMAND: GET /session/aa48994010684139f691768d65878bfa/screenshot - {}
RESULT: {}
RESULT: {}
COMMAND: GET /session/aa48994010684139f691768d65878bfa/screenshot - {}
RESULT: {}
RESULT: {}
COMMAND: POST /session/aa48994010684139f691768d65878bfa/element - {"using":"xpath","value":"//input[@id=\"application-manageyards-display-component---NewYard--yardId-inner\"]"}
RESULT: {"using":"xpath","value":"//input[@id=\"application-manageyards-display-component---NewYard--yardId-inner\"]"}
COMMAND: POST /session/aa48994010684139f691768d65878bfa/element - {"using":"xpath","value":"//input[@id=\"application-manageyards-display-component---NewYard--yardId-inner\"]"}
RESULT: {"using":"xpath","value":"//input[@id=\"application-manageyards-display-component---NewYard--yardId-inner\"]"}
COMMAND: POST /session/aa48994010684139f691768d65878bfa/execute/async - {"script":"<script> [1562 bytes]","args":[{"selector":{"id":"application-manageyards-display-component---NewYard--addressDetailDetailsName1","interaction":{"idSuffix":"inner"}},"wdio_ui5_key":"applicationmanageyards-display-component---NewYard--addressDetailDetailsName1"}]}
RESULT: {"script":"<script> [1562 bytes]","args":[{"selector":{"id":"application-manageyards-display-component---NewYard--addressDetailDetailsName1","interaction":{"idSuffix":"inner"}},"wdio_ui5_key":"applicationmanageyards-display-component---NewYard--addressDetailDetailsName1"}]}
RESULT: undefined
COMMAND: POST /session/aa48994010684139f691768d65878bfa/execute/async - {"script":"<script> [776 bytes]","args":[{"enterText":"Other Yard WDIO","selector":{"id":"application-manageyards-display-component---NewYard--addressDetailDetailsName1","interaction":{"idSuffix":"inner"}},"clearTextFirst":true,"interactionType":"ENTER_TEXT"}]}
RESULT: {"script":"<script> [776 bytes]","args":[{"enterText":"Other Yard WDIO","selector":{"id":"application-manageyards-display-component---NewYard--addressDetailDetailsName1","interaction":{"idSuffix":"inner"}},"clearTextFirst":true,"interactionType":"ENTER_TEXT"}]}
COMMAND: POST /session/aa48994010684139f691768d65878bfa/execute/async - {"script":"<script> [1562 bytes]","args":[{"selector":{"id":"application-manageyards-display-component---NewYard--addressDetailDetailsLanguage-arrow"},"wdio_ui5_key":"applicationmanageyards-display-component---NewYard--addressDetailDetailsLanguage-arrow"}]}
RESULT: {"script":"<script> [1562 bytes]","args":[{"selector":{"id":"application-manageyards-display-component---NewYard--addressDetailDetailsLanguage-arrow"},"wdio_ui5_key":"applicationmanageyards-display-component---NewYard--addressDetailDetailsLanguage-arrow"}]}
RESULT: undefined
COMMAND: POST /session/aa48994010684139f691768d65878bfa/element - {"using":"xpath","value":"//*[@id=\"application-manageyards-display-component---NewYard--addressDetailDetailsLanguage-arrow\"]"}
RESULT: {"using":"xpath","value":"//*[@id=\"application-manageyards-display-component---NewYard--addressDetailDetailsLanguage-arrow\"]"}
COMMAND: POST /session/aa48994010684139f691768d65878bfa/element/f.65B9DE86ED81C21496E6122963357038.d.AED4528F44B74A1ADEE05CC8236804A6.e.596/click - {}
RESULT: {}
COMMAND: POST /session/aa48994010684139f691768d65878bfa/element - {"using":"xpath","value":"//span[contains(text(), \"English\")]"}
COMMAND: GET /session/aa48994010684139f691768d65878bfa/screenshot - {}
RESULT: {"using":"xpath","value":"//span[contains(text(), \"English\")]"}
COMMAND: POST /session/aa48994010684139f691768d65878bfa/element/f.65B9DE86ED81C21496E6122963357038.d.AED4528F44B74A1ADEE05CC8236804A6.e.597/click - {}
RESULT: {}
RESULT: {}
COMMAND: POST /session/aa48994010684139f691768d65878bfa/execute/async - {"script":"<script> [1562 bytes]","args":[{"selector":{"id":"application-manageyards-display-component---NewYard--addressDetailDetailsCity1","interaction":{"idSuffix":"inner"}},"wdio_ui5_key":"applicationmanageyards-display-component---NewYard--addressDetailDetailsCity1"}]}
COMMAND: GET /session/aa48994010684139f691768d65878bfa/screenshot - {}
RESULT: {"script":"<script> [1562 bytes]","args":[{"selector":{"id":"application-manageyards-display-component---NewYard--addressDetailDetailsCity1","interaction":{"idSuffix":"inner"}},"wdio_ui5_key":"applicationmanageyards-display-component---NewYard--addressDetailDetailsCity1"}]}
RESULT: undefined
COMMAND: POST /session/aa48994010684139f691768d65878bfa/execute/async - {"script":"<script> [776 bytes]","args":[{"enterText":"Rosario","selector":{"id":"application-manageyards-display-component---NewYard--addressDetailDetailsCity1","interaction":{"idSuffix":"inner"}},"clearTextFirst":true,"interactionType":"ENTER_TEXT"}]}
RESULT: {}
RESULT: {"script":"<script> [776 bytes]","args":[{"enterText":"Rosario","selector":{"id":"application-manageyards-display-component---NewYard--addressDetailDetailsCity1","interaction":{"idSuffix":"inner"}},"clearTextFirst":true,"interactionType":"ENTER_TEXT"}]}
COMMAND: POST /session/aa48994010684139f691768d65878bfa/execute/async - {"script":"<script> [1562 bytes]","args":[{"selector":{"id":"application-manageyards-display-component---NewYard--addressDetailDetailsCountry-arrow"},"wdio_ui5_key":"applicationmanageyards-display-component---NewYard--addressDetailDetailsCountry-arrow"}]}
RESULT: {"script":"<script> [1562 bytes]","args":[{"selector":{"id":"application-manageyards-display-component---NewYard--addressDetailDetailsCountry-arrow"},"wdio_ui5_key":"applicationmanageyards-display-component---NewYard--addressDetailDetailsCountry-arrow"}]}
RESULT: undefined
COMMAND: POST /session/aa48994010684139f691768d65878bfa/element - {"using":"xpath","value":"//*[@id=\"application-manageyards-display-component---NewYard--addressDetailDetailsCountry-arrow\"]"}
RESULT: {"using":"xpath","value":"//*[@id=\"application-manageyards-display-component---NewYard--addressDetailDetailsCountry-arrow\"]"}
COMMAND: POST /session/aa48994010684139f691768d65878bfa/element/f.65B9DE86ED81C21496E6122963357038.d.AED4528F44B74A1ADEE05CC8236804A6.e.599/click - {}
RESULT: {}
COMMAND: POST /session/aa48994010684139f691768d65878bfa/element - {"using":"xpath","value":"//span[contains(text(), \"Argentina\")]"}
COMMAND: GET /session/aa48994010684139f691768d65878bfa/screenshot - {}
RESULT: {"using":"xpath","value":"//span[contains(text(), \"Argentina\")]"}
COMMAND: POST /session/aa48994010684139f691768d65878bfa/element/f.65B9DE86ED81C21496E6122963357038.d.AED4528F44B74A1ADEE05CC8236804A6.e.600/click - {}
RESULT: {}
RESULT: {}
COMMAND: POST /session/aa48994010684139f691768d65878bfa/execute/async - {"script":"<script> [1562 bytes]","args":[{"selector":{"id":"application-manageyards-display-component---NewYard--addressEditDetailsCostObjectCstType-arrow"},"wdio_ui5_key":"applicationmanageyards-display-component---NewYard--addressEditDetailsCostObjectCstType-arrow"}]}
COMMAND: GET /session/aa48994010684139f691768d65878bfa/screenshot - {}
RESULT: {"script":"<script> [1562 bytes]","args":[{"selector":{"id":"application-manageyards-display-component---NewYard--addressEditDetailsCostObjectCstType-arrow"},"wdio_ui5_key":"applicationmanageyards-display-component---NewYard--addressEditDetailsCostObjectCstType-arrow"}]}
RESULT: undefined
COMMAND: POST /session/aa48994010684139f691768d65878bfa/element - {"using":"xpath","value":"//*[@id=\"application-manageyards-display-component---NewYard--addressEditDetailsCostObjectCstType-arrow\"]"}
RESULT: {}
RESULT: {"using":"xpath","value":"//*[@id=\"application-manageyards-display-component---NewYard--addressEditDetailsCostObjectCstType-arrow\"]"}
COMMAND: POST /session/aa48994010684139f691768d65878bfa/element/f.65B9DE86ED81C21496E6122963357038.d.AED4528F44B74A1ADEE05CC8236804A6.e.602/click - {}
RESULT: {}
COMMAND: POST /session/aa48994010684139f691768d65878bfa/element - {"using":"xpath","value":"//span[contains(text(), \"Cost Center\")]"}
COMMAND: GET /session/aa48994010684139f691768d65878bfa/screenshot - {}
RESULT: {"using":"xpath","value":"//span[contains(text(), \"Cost Center\")]"}
COMMAND: POST /session/aa48994010684139f691768d65878bfa/element/f.65B9DE86ED81C21496E6122963357038.d.AED4528F44B74A1ADEE05CC8236804A6.e.603/click - {}
RESULT: {}
RESULT: {}
COMMAND: GET /session/aa48994010684139f691768d65878bfa/screenshot - {}
RESULT: {}
COMMAND: POST /session/aa48994010684139f691768d65878bfa/element - {"using":"xpath","value":"//span[@id=\"application-manageyards-display-component---NewYard--addressNewCostObjectCstID-vhi\"]"}
RESULT: {"using":"xpath","value":"//span[@id=\"application-manageyards-display-component---NewYard--addressNewCostObjectCstID-vhi\"]"}
COMMAND: POST /session/aa48994010684139f691768d65878bfa/execute/sync - {"script":"<script> [8489 bytes]","args":[{"element-6066-11e4-a52e-4f735466cecf":"f.65B9DE86ED81C21496E6122963357038.d.AED4528F44B74A1ADEE05CC8236804A6.e.607","ELEMENT":"f.65B9DE86ED81C21496E6122963357038.d.AED4528F44B74A1ADEE05CC8236804A6.e.607"}]}
RESULT: {"script":"<script> [8489 bytes]","args":[{"element-6066-11e4-a52e-4f735466cecf":"f.65B9DE86ED81C21496E6122963357038.d.AED4528F44B74A1ADEE05CC8236804A6.e.607","ELEMENT":"f.65B9DE86ED81C21496E6122963357038.d.AED4528F44B74A1ADEE05CC8236804A6.e.607"}]}
COMMAND: POST /session/aa48994010684139f691768d65878bfa/execute/async - {"script":"<script> [1562 bytes]","args":[{"selector":{"id":"application-manageyards-display-component---NewYard--addressNewCostObjectCstID-vhi"},"wdio_ui5_key":"applicationmanageyards-display-component---NewYard--addressNewCostObjectCstID-vhi"}]}
COMMAND: GET /session/aa48994010684139f691768d65878bfa/screenshot - {}
RESULT: {"script":"<script> [1562 bytes]","args":[{"selector":{"id":"application-manageyards-display-component---NewYard--addressNewCostObjectCstID-vhi"},"wdio_ui5_key":"applicationmanageyards-display-component---NewYard--addressNewCostObjectCstID-vhi"}]}
RESULT: undefined
COMMAND: POST /session/aa48994010684139f691768d65878bfa/element - {"using":"xpath","value":"//*[@id=\"application-manageyards-display-component---NewYard--addressNewCostObjectCstID-vhi\"]"}
RESULT: {}
RESULT: {"using":"xpath","value":"//*[@id=\"application-manageyards-display-component---NewYard--addressNewCostObjectCstID-vhi\"]"}
COMMAND: POST /session/aa48994010684139f691768d65878bfa/element/f.65B9DE86ED81C21496E6122963357038.d.AED4528F44B74A1ADEE05CC8236804A6.e.607/click - {}
RESULT: {}
COMMAND: GET /session/aa48994010684139f691768d65878bfa/screenshot - {}
RESULT: {}
COMMAND: POST /session/aa48994010684139f691768d65878bfa/execute/async - {"script":"<script> [1562 bytes]","args":[{"selector":{"controlType":"sap.m.SearchField","properties":{"placeholder":"Search"},"searchOpenDialogs":true,"interaction":{"idSuffix":"I"}},"wdio_ui5_key":"sapm.SearchField{\"placeholder\":\"Search\"}"}]}
RESULT: {"script":"<script> [1562 bytes]","args":[{"selector":{"controlType":"sap.m.SearchField","properties":{"placeholder":"Search"},"searchOpenDialogs":true,"interaction":{"idSuffix":"I"}},"wdio_ui5_key":"sapm.SearchField{\"placeholder\":\"Search\"}"}]}
RESULT: undefined
COMMAND: POST /session/aa48994010684139f691768d65878bfa/execute/async - {"script":"<script> [776 bytes]","args":[{"enterText":"bauh_b","selector":{"controlType":"sap.m.SearchField","properties":{"placeholder":"Search"},"searchOpenDialogs":true,"interaction":{"idSuffix":"I"}},"clearTextFirst":true,"interactionType":"ENTER_TEXT"}]}
RESULT: {"script":"<script> [776 bytes]","args":[{"enterText":"bauh_b","selector":{"controlType":"sap.m.SearchField","properties":{"placeholder":"Search"},"searchOpenDialogs":true,"interaction":{"idSuffix":"I"}},"clearTextFirst":true,"interactionType":"ENTER_TEXT"}]}
COMMAND: POST /session/aa48994010684139f691768d65878bfa/actions - {"actions":[{"id":"action1","type":"key","parameters":{},"actions":[{"type":"keyDown","value":""},{"type":"pause","duration":10},{"type":"keyUp","value":""}]}]}
RESULT: {"actions":[{"id":"action1","type":"key","parameters":{},"actions":[{"type":"keyDown","value":""},{"type":"pause","duration":10},{"type":"keyUp","value":""}]}]}
COMMAND: GET /session/aa48994010684139f691768d65878bfa/screenshot - {}
RESULT: {}
COMMAND: POST /session/aa48994010684139f691768d65878bfa/element - {"using":"xpath","value":"//span[contains(text(), \"Demo Yard\")]"}
RESULT: {"using":"xpath","value":"//span[contains(text(), \"Demo Yard\")]"}
COMMAND: POST /session/aa48994010684139f691768d65878bfa/element/f.65B9DE86ED81C21496E6122963357038.d.AED4528F44B74A1ADEE05CC8236804A6.e.647/click - {}
RESULT: {}
COMMAND: GET /session/aa48994010684139f691768d65878bfa/screenshot - {}
RESULT: {}
COMMAND: POST /session/aa48994010684139f691768d65878bfa/element - {"using":"xpath","value":"//bdi[contains(text(), \"OK\")]"}
RESULT: {"using":"xpath","value":"//bdi[contains(text(), \"OK\")]"}
COMMAND: POST /session/aa48994010684139f691768d65878bfa/element/f.65B9DE86ED81C21496E6122963357038.d.AED4528F44B74A1ADEE05CC8236804A6.e.648/click - {}
RESULT: {}
COMMAND: GET /session/aa48994010684139f691768d65878bfa/screenshot - {}
RESULT: {}
COMMAND: POST /session/aa48994010684139f691768d65878bfa/execute/async - {"script":"<script> [1562 bytes]","args":[{"selector":{"id":"application-manageyards-display-component---NewYard--addressEditDetailsCurrency-arrow"},"wdio_ui5_key":"applicationmanageyards-display-component---NewYard--addressEditDetailsCurrency-arrow"}]}
RESULT: {"script":"<script> [1562 bytes]","args":[{"selector":{"id":"application-manageyards-display-component---NewYard--addressEditDetailsCurrency-arrow"},"wdio_ui5_key":"applicationmanageyards-display-component---NewYard--addressEditDetailsCurrency-arrow"}]}
RESULT: undefined
COMMAND: POST /session/aa48994010684139f691768d65878bfa/element - {"using":"xpath","value":"//*[@id=\"application-manageyards-display-component---NewYard--addressEditDetailsCurrency-arrow\"]"}
RESULT: {"using":"xpath","value":"//*[@id=\"application-manageyards-display-component---NewYard--addressEditDetailsCurrency-arrow\"]"}
COMMAND: POST /session/aa48994010684139f691768d65878bfa/element/f.65B9DE86ED81C21496E6122963357038.d.AED4528F44B74A1ADEE05CC8236804A6.e.651/click - {}
RESULT: {}
COMMAND: POST /session/aa48994010684139f691768d65878bfa/element - {"using":"xpath","value":"//span[contains(text(), \"Euro\")]"}
COMMAND: GET /session/aa48994010684139f691768d65878bfa/screenshot - {}
RESULT: {"using":"xpath","value":"//span[contains(text(), \"Euro\")]"}
COMMAND: POST /session/aa48994010684139f691768d65878bfa/element/f.65B9DE86ED81C21496E6122963357038.d.AED4528F44B74A1ADEE05CC8236804A6.e.652/click - {}
RESULT: {}
RESULT: {}
COMMAND: POST /session/aa48994010684139f691768d65878bfa/execute/async - {"script":"<script> [1562 bytes]","args":[{"selector":{"controlType":"sap.m.Input","viewName":"etm.portal.ui.manageyards.view.New","viewId":"application-manageyards-display-component---NewYard","bindingPath":{"path":"","propertyPath":"/CONTROLLING_AREA","modelName":"NewYardModel"},"interaction":{"idSuffix":"inner"}},"wdio_ui5_key":"etmportal.ui.manageyards.view.Newsap.m.Input{\"path\":\"\",\"propertyPath\":\"/CONTROLLING_AREA\",\"modelName\":\"NewYardModel\"}"}]}
COMMAND: GET /session/aa48994010684139f691768d65878bfa/screenshot - {}
RESULT: {"script":"<script> [1562 bytes]","args":[{"selector":{"controlType":"sap.m.Input","viewName":"etm.portal.ui.manageyards.view.New","viewId":"application-manageyards-display-component---NewYard","bindingPath":{"path":"","propertyPath":"/CONTROLLING_AREA","modelName":"NewYardModel"},"interaction":{"idSuffix":"inner"}},"wdio_ui5_key":"etmportal.ui.manageyards.view.Newsap.m.Input{\"path\":\"\",\"propertyPath\":\"/CONTROLLING_AREA\",\"modelName\":\"NewYardModel\"}"}]}
RESULT: undefined
COMMAND: POST /session/aa48994010684139f691768d65878bfa/execute/async - {"script":"<script> [776 bytes]","args":[{"enterText":"Z001","selector":{"controlType":"sap.m.Input","viewName":"etm.portal.ui.manageyards.view.New","viewId":"application-manageyards-display-component---NewYard","bindingPath":{"path":"","propertyPath":"/CONTROLLING_AREA","modelName":"NewYardModel"},"interaction":{"idSuffix":"inner"}},"clearTextFirst":true,"interactionType":"ENTER_TEXT"}]}
RESULT: {}
RESULT: {"script":"<script> [776 bytes]","args":[{"enterText":"Z001","selector":{"controlType":"sap.m.Input","viewName":"etm.portal.ui.manageyards.view.New","viewId":"application-manageyards-display-component---NewYard","bindingPath":{"path":"","propertyPath":"/CONTROLLING_AREA","modelName":"NewYardModel"},"interaction":{"idSuffix":"inner"}},"clearTextFirst":true,"interactionType":"ENTER_TEXT"}]}
COMMAND: POST /session/aa48994010684139f691768d65878bfa/execute/async - {"script":"<script> [1562 bytes]","args":[{"selector":{"id":"application-manageyards-display-component---NewYard--companyCodeComboBox","interaction":{"idSuffix":"inner"}},"wdio_ui5_key":"applicationmanageyards-display-component---NewYard--companyCodeComboBox"}]}
RESULT: {"script":"<script> [1562 bytes]","args":[{"selector":{"id":"application-manageyards-display-component---NewYard--companyCodeComboBox","interaction":{"idSuffix":"inner"}},"wdio_ui5_key":"applicationmanageyards-display-component---NewYard--companyCodeComboBox"}]}
RESULT: undefined
COMMAND: POST /session/aa48994010684139f691768d65878bfa/execute/async - {"script":"<script> [776 bytes]","args":[{"enterText":"1000","selector":{"id":"application-manageyards-display-component---NewYard--companyCodeComboBox","interaction":{"idSuffix":"inner"}},"clearTextFirst":true,"interactionType":"ENTER_TEXT"}]}
RESULT: {"script":"<script> [776 bytes]","args":[{"enterText":"1000","selector":{"id":"application-manageyards-display-component---NewYard--companyCodeComboBox","interaction":{"idSuffix":"inner"}},"clearTextFirst":true,"interactionType":"ENTER_TEXT"}]}
COMMAND: POST /session/aa48994010684139f691768d65878bfa/execute/async - {"script":"<script> [1562 bytes]","args":[{"selector":{"controlType":"sap.m.Input","viewName":"etm.portal.ui.manageyards.view.New","viewId":"application-manageyards-display-component---NewYard","bindingPath":{"path":"","propertyPath":"/PLANT","modelName":"NewYardModel"},"interaction":{"idSuffix":"inner"}},"wdio_ui5_key":"etmportal.ui.manageyards.view.Newsap.m.Input{\"path\":\"\",\"propertyPath\":\"/PLANT\",\"modelName\":\"NewYardModel\"}"}]}
RESULT: {"script":"<script> [1562 bytes]","args":[{"selector":{"controlType":"sap.m.Input","viewName":"etm.portal.ui.manageyards.view.New","viewId":"application-manageyards-display-component---NewYard","bindingPath":{"path":"","propertyPath":"/PLANT","modelName":"NewYardModel"},"interaction":{"idSuffix":"inner"}},"wdio_ui5_key":"etmportal.ui.manageyards.view.Newsap.m.Input{\"path\":\"\",\"propertyPath\":\"/PLANT\",\"modelName\":\"NewYardModel\"}"}]}
RESULT: undefined
COMMAND: POST /session/aa48994010684139f691768d65878bfa/execute/async - {"script":"<script> [776 bytes]","args":[{"enterText":"1001","selector":{"controlType":"sap.m.Input","viewName":"etm.portal.ui.manageyards.view.New","viewId":"application-manageyards-display-component---NewYard","bindingPath":{"path":"","propertyPath":"/PLANT","modelName":"NewYardModel"},"interaction":{"idSuffix":"inner"}},"clearTextFirst":true,"interactionType":"ENTER_TEXT"}]}
RESULT: {"script":"<script> [776 bytes]","args":[{"enterText":"1001","selector":{"controlType":"sap.m.Input","viewName":"etm.portal.ui.manageyards.view.New","viewId":"application-manageyards-display-component---NewYard","bindingPath":{"path":"","propertyPath":"/PLANT","modelName":"NewYardModel"},"interaction":{"idSuffix":"inner"}},"clearTextFirst":true,"interactionType":"ENTER_TEXT"}]}
COMMAND: POST /session/aa48994010684139f691768d65878bfa/execute/async - {"script":"<script> [1562 bytes]","args":[{"selector":{"controlType":"sap.m.Input","viewName":"etm.portal.ui.manageyards.view.New","viewId":"application-manageyards-display-component---NewYard","bindingPath":{"path":"","propertyPath":"/SALES_AREA_VKORG","modelName":"NewYardModel"},"interaction":{"idSuffix":"inner"}},"wdio_ui5_key":"etmportal.ui.manageyards.view.Newsap.m.Input{\"path\":\"\",\"propertyPath\":\"/SALES_AREA_VKORG\",\"modelName\":\"NewYardModel\"}"}]}
RESULT: {"script":"<script> [1562 bytes]","args":[{"selector":{"controlType":"sap.m.Input","viewName":"etm.portal.ui.manageyards.view.New","viewId":"application-manageyards-display-component---NewYard","bindingPath":{"path":"","propertyPath":"/SALES_AREA_VKORG","modelName":"NewYardModel"},"interaction":{"idSuffix":"inner"}},"wdio_ui5_key":"etmportal.ui.manageyards.view.Newsap.m.Input{\"path\":\"\",\"propertyPath\":\"/SALES_AREA_VKORG\",\"modelName\":\"NewYardModel\"}"}]}
RESULT: undefined
COMMAND: POST /session/aa48994010684139f691768d65878bfa/execute/async - {"script":"<script> [776 bytes]","args":[{"enterText":"C002","selector":{"controlType":"sap.m.Input","viewName":"etm.portal.ui.manageyards.view.New","viewId":"application-manageyards-display-component---NewYard","bindingPath":{"path":"","propertyPath":"/SALES_AREA_VKORG","modelName":"NewYardModel"},"interaction":{"idSuffix":"inner"}},"clearTextFirst":true,"interactionType":"ENTER_TEXT"}]}
RESULT: {"script":"<script> [776 bytes]","args":[{"enterText":"C002","selector":{"controlType":"sap.m.Input","viewName":"etm.portal.ui.manageyards.view.New","viewId":"application-manageyards-display-component---NewYard","bindingPath":{"path":"","propertyPath":"/SALES_AREA_VKORG","modelName":"NewYardModel"},"interaction":{"idSuffix":"inner"}},"clearTextFirst":true,"interactionType":"ENTER_TEXT"}]}
COMMAND: POST /session/aa48994010684139f691768d65878bfa/execute/async - {"script":"<script> [1562 bytes]","args":[{"selector":{"controlType":"sap.m.Input","viewName":"etm.portal.ui.manageyards.view.New","viewId":"application-manageyards-display-component---NewYard","bindingPath":{"path":"","propertyPath":"/SALES_AREA_VTWEG","modelName":"NewYardModel"},"interaction":{"idSuffix":"inner"}},"wdio_ui5_key":"etmportal.ui.manageyards.view.Newsap.m.Input{\"path\":\"\",\"propertyPath\":\"/SALES_AREA_VTWEG\",\"modelName\":\"NewYardModel\"}"}]}
RESULT: {"script":"<script> [1562 bytes]","args":[{"selector":{"controlType":"sap.m.Input","viewName":"etm.portal.ui.manageyards.view.New","viewId":"application-manageyards-display-component---NewYard","bindingPath":{"path":"","propertyPath":"/SALES_AREA_VTWEG","modelName":"NewYardModel"},"interaction":{"idSuffix":"inner"}},"wdio_ui5_key":"etmportal.ui.manageyards.view.Newsap.m.Input{\"path\":\"\",\"propertyPath\":\"/SALES_AREA_VTWEG\",\"modelName\":\"NewYardModel\"}"}]}
RESULT: undefined
COMMAND: POST /session/aa48994010684139f691768d65878bfa/execute/async - {"script":"<script> [776 bytes]","args":[{"enterText":"C2","selector":{"controlType":"sap.m.Input","viewName":"etm.portal.ui.manageyards.view.New","viewId":"application-manageyards-display-component---NewYard","bindingPath":{"path":"","propertyPath":"/SALES_AREA_VTWEG","modelName":"NewYardModel"},"interaction":{"idSuffix":"inner"}},"clearTextFirst":true,"interactionType":"ENTER_TEXT"}]}
RESULT: {"script":"<script> [776 bytes]","args":[{"enterText":"C2","selector":{"controlType":"sap.m.Input","viewName":"etm.portal.ui.manageyards.view.New","viewId":"application-manageyards-display-component---NewYard","bindingPath":{"path":"","propertyPath":"/SALES_AREA_VTWEG","modelName":"NewYardModel"},"interaction":{"idSuffix":"inner"}},"clearTextFirst":true,"interactionType":"ENTER_TEXT"}]}
COMMAND: POST /session/aa48994010684139f691768d65878bfa/execute/async - {"script":"<script> [1562 bytes]","args":[{"selector":{"controlType":"sap.m.Input","viewName":"etm.portal.ui.manageyards.view.New","viewId":"application-manageyards-display-component---NewYard","bindingPath":{"path":"","propertyPath":"/SALES_AREA_SPART","modelName":"NewYardModel"},"interaction":{"idSuffix":"inner"}},"wdio_ui5_key":"etmportal.ui.manageyards.view.Newsap.m.Input{\"path\":\"\",\"propertyPath\":\"/SALES_AREA_SPART\",\"modelName\":\"NewYardModel\"}"}]}
RESULT: {"script":"<script> [1562 bytes]","args":[{"selector":{"controlType":"sap.m.Input","viewName":"etm.portal.ui.manageyards.view.New","viewId":"application-manageyards-display-component---NewYard","bindingPath":{"path":"","propertyPath":"/SALES_AREA_SPART","modelName":"NewYardModel"},"interaction":{"idSuffix":"inner"}},"wdio_ui5_key":"etmportal.ui.manageyards.view.Newsap.m.Input{\"path\":\"\",\"propertyPath\":\"/SALES_AREA_SPART\",\"modelName\":\"NewYardModel\"}"}]}
RESULT: undefined
COMMAND: POST /session/aa48994010684139f691768d65878bfa/execute/async - {"script":"<script> [776 bytes]","args":[{"enterText":"C2","selector":{"controlType":"sap.m.Input","viewName":"etm.portal.ui.manageyards.view.New","viewId":"application-manageyards-display-component---NewYard","bindingPath":{"path":"","propertyPath":"/SALES_AREA_SPART","modelName":"NewYardModel"},"interaction":{"idSuffix":"inner"}},"clearTextFirst":true,"interactionType":"ENTER_TEXT"}]}
RESULT: {"script":"<script> [776 bytes]","args":[{"enterText":"C2","selector":{"controlType":"sap.m.Input","viewName":"etm.portal.ui.manageyards.view.New","viewId":"application-manageyards-display-component---NewYard","bindingPath":{"path":"","propertyPath":"/SALES_AREA_SPART","modelName":"NewYardModel"},"interaction":{"idSuffix":"inner"}},"clearTextFirst":true,"interactionType":"ENTER_TEXT"}]}
COMMAND: POST /session/aa48994010684139f691768d65878bfa/execute/async - {"script":"<script> [1562 bytes]","args":[{"selector":{"controlType":"sap.m.Input","viewName":"etm.portal.ui.manageyards.view.New","viewId":"application-manageyards-display-component---NewYard","bindingPath":{"path":"","propertyPath":"/SHIP_POINT","modelName":"NewYardModel"},"interaction":{"idSuffix":"inner"}},"wdio_ui5_key":"etmportal.ui.manageyards.view.Newsap.m.Input{\"path\":\"\",\"propertyPath\":\"/SHIP_POINT\",\"modelName\":\"NewYardModel\"}"}]}
RESULT: {"script":"<script> [1562 bytes]","args":[{"selector":{"controlType":"sap.m.Input","viewName":"etm.portal.ui.manageyards.view.New","viewId":"application-manageyards-display-component---NewYard","bindingPath":{"path":"","propertyPath":"/SHIP_POINT","modelName":"NewYardModel"},"interaction":{"idSuffix":"inner"}},"wdio_ui5_key":"etmportal.ui.manageyards.view.Newsap.m.Input{\"path\":\"\",\"propertyPath\":\"/SHIP_POINT\",\"modelName\":\"NewYardModel\"}"}]}
RESULT: undefined
COMMAND: POST /session/aa48994010684139f691768d65878bfa/execute/async - {"script":"<script> [776 bytes]","args":[{"enterText":"1710","selector":{"controlType":"sap.m.Input","viewName":"etm.portal.ui.manageyards.view.New","viewId":"application-manageyards-display-component---NewYard","bindingPath":{"path":"","propertyPath":"/SHIP_POINT","modelName":"NewYardModel"},"interaction":{"idSuffix":"inner"}},"clearTextFirst":true,"interactionType":"ENTER_TEXT"}]}
RESULT: {"script":"<script> [776 bytes]","args":[{"enterText":"1710","selector":{"controlType":"sap.m.Input","viewName":"etm.portal.ui.manageyards.view.New","viewId":"application-manageyards-display-component---NewYard","bindingPath":{"path":"","propertyPath":"/SHIP_POINT","modelName":"NewYardModel"},"interaction":{"idSuffix":"inner"}},"clearTextFirst":true,"interactionType":"ENTER_TEXT"}]}
COMMAND: POST /session/aa48994010684139f691768d65878bfa/execute/async - {"script":"<script> [1562 bytes]","args":[{"selector":{"controlType":"sap.m.Input","viewName":"etm.portal.ui.manageyards.view.New","viewId":"application-manageyards-display-component---NewYard","bindingPath":{"path":"","propertyPath":"/DELIVERY_TYPE","modelName":"NewYardModel"},"interaction":{"idSuffix":"inner"}},"wdio_ui5_key":"etmportal.ui.manageyards.view.Newsap.m.Input{\"path\":\"\",\"propertyPath\":\"/DELIVERY_TYPE\",\"modelName\":\"NewYardModel\"}"}]}
RESULT: {"script":"<script> [1562 bytes]","args":[{"selector":{"controlType":"sap.m.Input","viewName":"etm.portal.ui.manageyards.view.New","viewId":"application-manageyards-display-component---NewYard","bindingPath":{"path":"","propertyPath":"/DELIVERY_TYPE","modelName":"NewYardModel"},"interaction":{"idSuffix":"inner"}},"wdio_ui5_key":"etmportal.ui.manageyards.view.Newsap.m.Input{\"path\":\"\",\"propertyPath\":\"/DELIVERY_TYPE\",\"modelName\":\"NewYardModel\"}"}]}
RESULT: undefined
COMMAND: POST /session/aa48994010684139f691768d65878bfa/execute/async - {"script":"<script> [776 bytes]","args":[{"enterText":"ZL01","selector":{"controlType":"sap.m.Input","viewName":"etm.portal.ui.manageyards.view.New","viewId":"application-manageyards-display-component---NewYard","bindingPath":{"path":"","propertyPath":"/DELIVERY_TYPE","modelName":"NewYardModel"},"interaction":{"idSuffix":"inner"}},"clearTextFirst":true,"interactionType":"ENTER_TEXT"}]}
RESULT: {"script":"<script> [776 bytes]","args":[{"enterText":"ZL01","selector":{"controlType":"sap.m.Input","viewName":"etm.portal.ui.manageyards.view.New","viewId":"application-manageyards-display-component---NewYard","bindingPath":{"path":"","propertyPath":"/DELIVERY_TYPE","modelName":"NewYardModel"},"interaction":{"idSuffix":"inner"}},"clearTextFirst":true,"interactionType":"ENTER_TEXT"}]}
COMMAND: POST /session/aa48994010684139f691768d65878bfa/execute/async - {"script":"<script> [1562 bytes]","args":[{"selector":{"controlType":"sap.m.Input","viewName":"etm.portal.ui.manageyards.view.New","viewId":"application-manageyards-display-component---NewYard","bindingPath":{"path":"","propertyPath":"/AUART","modelName":"NewYardModel"},"interaction":{"idSuffix":"inner"}},"wdio_ui5_key":"etmportal.ui.manageyards.view.Newsap.m.Input{\"path\":\"\",\"propertyPath\":\"/AUART\",\"modelName\":\"NewYardModel\"}"}]}
RESULT: {"script":"<script> [1562 bytes]","args":[{"selector":{"controlType":"sap.m.Input","viewName":"etm.portal.ui.manageyards.view.New","viewId":"application-manageyards-display-component---NewYard","bindingPath":{"path":"","propertyPath":"/AUART","modelName":"NewYardModel"},"interaction":{"idSuffix":"inner"}},"wdio_ui5_key":"etmportal.ui.manageyards.view.Newsap.m.Input{\"path\":\"\",\"propertyPath\":\"/AUART\",\"modelName\":\"NewYardModel\"}"}]}
RESULT: undefined
COMMAND: POST /session/aa48994010684139f691768d65878bfa/execute/async - {"script":"<script> [776 bytes]","args":[{"enterText":"TA","selector":{"controlType":"sap.m.Input","viewName":"etm.portal.ui.manageyards.view.New","viewId":"application-manageyards-display-component---NewYard","bindingPath":{"path":"","propertyPath":"/AUART","modelName":"NewYardModel"},"interaction":{"idSuffix":"inner"}},"clearTextFirst":true,"interactionType":"ENTER_TEXT"}]}
RESULT: {"script":"<script> [776 bytes]","args":[{"enterText":"TA","selector":{"controlType":"sap.m.Input","viewName":"etm.portal.ui.manageyards.view.New","viewId":"application-manageyards-display-component---NewYard","bindingPath":{"path":"","propertyPath":"/AUART","modelName":"NewYardModel"},"interaction":{"idSuffix":"inner"}},"clearTextFirst":true,"interactionType":"ENTER_TEXT"}]}
COMMAND: POST /session/aa48994010684139f691768d65878bfa/element - {"using":"xpath","value":"//button[@data-kt=\"newYardSaveButton\"]"}
RESULT: {"using":"xpath","value":"//button[@data-kt=\"newYardSaveButton\"]"}
COMMAND: POST /session/aa48994010684139f691768d65878bfa/element/f.65B9DE86ED81C21496E6122963357038.d.AED4528F44B74A1ADEE05CC8236804A6.e.579/click - {}
RESULT: {}
COMMAND: GET /session/aa48994010684139f691768d65878bfa/screenshot - {}
RESULT: {}
COMMAND: POST /session/aa48994010684139f691768d65878bfa/element - {"using":"xpath","value":"//header[contains(@id, 'ObjectPageLayout-headerTitle')]/div[1]/div[2]/div[1]/span[1]"}
RESULT: {"using":"xpath","value":"//header[contains(@id, 'ObjectPageLayout-headerTitle')]/div[1]/div[2]/div[1]/span[1]"}
COMMAND: POST /session/aa48994010684139f691768d65878bfa/elements - {"using":"xpath","value":"//header[contains(@id, 'ObjectPageLayout-headerTitle')]/div[1]/div[2]/div[1]/span[1]"}
RESULT: {"using":"xpath","value":"//header[contains(@id, 'ObjectPageLayout-headerTitle')]/div[1]/div[2]/div[1]/span[1]"}
COMMAND: POST /session/aa48994010684139f691768d65878bfa/execute/sync - {"script":"<script> [56 bytes]","args":[{"element-6066-11e4-a52e-4f735466cecf":"f.65B9DE86ED81C21496E6122963357038.d.AED4528F44B74A1ADEE05CC8236804A6.e.807","ELEMENT":"f.65B9DE86ED81C21496E6122963357038.d.AED4528F44B74A1ADEE05CC8236804A6.e.807"}]}
RESULT: {"script":"<script> [56 bytes]","args":[{"element-6066-11e4-a52e-4f735466cecf":"f.65B9DE86ED81C21496E6122963357038.d.AED4528F44B74A1ADEE05CC8236804A6.e.807","ELEMENT":"f.65B9DE86ED81C21496E6122963357038.d.AED4528F44B74A1ADEE05CC8236804A6.e.807"}]}
COMMAND: GET /session/aa48994010684139f691768d65878bfa/screenshot - {}
RESULT: {}
COMMAND: POST /session/aa48994010684139f691768d65878bfa/element - {"using":"css selector","value":"#shell-header-logo"}
RESULT: {"using":"css selector","value":"#shell-header-logo"}
COMMAND: POST /session/aa48994010684139f691768d65878bfa/element/f.65B9DE86ED81C21496E6122963357038.d.AED4528F44B74A1ADEE05CC8236804A6.e.266/click - {}
RESULT: {}
COMMAND: GET /session/aa48994010684139f691768d65878bfa/screenshot - {}
RESULT: {}
COMMAND: POST /session/aa48994010684139f691768d65878bfa/execute/sync - {"script":"<script> [299 bytes]","args":[["getModel","getResource"]]}
RESULT: {"script":"<script> [299 bytes]","args":[["getModel","getResource"]]}
COMMAND: GET /session/aa48994010684139f691768d65878bfa/screenshot - {}
]]></system-out>
    </testcase>
    <testcase classname="chrome.138_0_7204_158.windows.Tests_for_Mass_State_Change_on_Manage_States_&amp;_Performances_US104416_US" name="Prereq Should create a new partner" time="143.291">
      <system-out><![CDATA[
COMMAND: POST /session/aa48994010684139f691768d65878bfa/window/fullscreen - {}
RESULT: {}
RESULT: {}
COMMAND: POST /session/aa48994010684139f691768d65878bfa/execute/async - {"script":"<script> [1562 bytes]","args":[{"selector":{"controlType":"sap.m.GenericTile","properties":{"header":"Manage Partners"}},"wdio_ui5_key":"sapm.GenericTile{\"header\":\"Manage Partners\"}"}]}
RESULT: {"script":"<script> [1562 bytes]","args":[{"selector":{"controlType":"sap.m.GenericTile","properties":{"header":"Manage Partners"}},"wdio_ui5_key":"sapm.GenericTile{\"header\":\"Manage Partners\"}"}]}
RESULT: undefined
COMMAND: POST /session/aa48994010684139f691768d65878bfa/element - {"using":"xpath","value":"//*[@id=\"__tile39\"]"}
RESULT: {"using":"xpath","value":"//*[@id=\"__tile39\"]"}
COMMAND: POST /session/aa48994010684139f691768d65878bfa/element/f.65B9DE86ED81C21496E6122963357038.d.AED4528F44B74A1ADEE05CC8236804A6.e.148/click - {}
RESULT: {}
COMMAND: GET /session/aa48994010684139f691768d65878bfa/screenshot - {}
RESULT: {}
COMMAND: POST /session/aa48994010684139f691768d65878bfa/elements - {"using":"xpath","value":"//span[text()='Error']"}
RESULT: {"using":"xpath","value":"//span[text()='Error']"}
COMMAND: POST /session/aa48994010684139f691768d65878bfa/element - {"using":"xpath","value":"//button[@data-kt=\"addButton\"]"}
RESULT: {"using":"xpath","value":"//button[@data-kt=\"addButton\"]"}
COMMAND: POST /session/aa48994010684139f691768d65878bfa/elements - {"using":"xpath","value":"//button[@data-kt=\"addButton\"]"}
RESULT: {"using":"xpath","value":"//button[@data-kt=\"addButton\"]"}
COMMAND: POST /session/aa48994010684139f691768d65878bfa/elements - {"using":"xpath","value":"//button[@data-kt=\"addButton\"]"}
RESULT: {"using":"xpath","value":"//button[@data-kt=\"addButton\"]"}
COMMAND: POST /session/aa48994010684139f691768d65878bfa/element - {"using":"xpath","value":"//button[@data-kt=\"addButton\"]"}
RESULT: {"using":"xpath","value":"//button[@data-kt=\"addButton\"]"}
COMMAND: POST /session/aa48994010684139f691768d65878bfa/execute/sync - {"script":"<script> [8489 bytes]","args":[{"element-6066-11e4-a52e-4f735466cecf":"f.65B9DE86ED81C21496E6122963357038.d.AED4528F44B74A1ADEE05CC8236804A6.e.848","ELEMENT":"f.65B9DE86ED81C21496E6122963357038.d.AED4528F44B74A1ADEE05CC8236804A6.e.848"}]}
RESULT: {"script":"<script> [8489 bytes]","args":[{"element-6066-11e4-a52e-4f735466cecf":"f.65B9DE86ED81C21496E6122963357038.d.AED4528F44B74A1ADEE05CC8236804A6.e.848","ELEMENT":"f.65B9DE86ED81C21496E6122963357038.d.AED4528F44B74A1ADEE05CC8236804A6.e.848"}]}
COMMAND: GET /session/aa48994010684139f691768d65878bfa/element/f.65B9DE86ED81C21496E6122963357038.d.AED4528F44B74A1ADEE05CC8236804A6.e.848/enabled - {}
COMMAND: GET /session/aa48994010684139f691768d65878bfa/screenshot - {}
RESULT: {}
COMMAND: POST /session/aa48994010684139f691768d65878bfa/execute/sync - {"script":"<script> [8489 bytes]","args":[{"element-6066-11e4-a52e-4f735466cecf":"f.65B9DE86ED81C21496E6122963357038.d.AED4528F44B74A1ADEE05CC8236804A6.e.848","ELEMENT":"f.65B9DE86ED81C21496E6122963357038.d.AED4528F44B74A1ADEE05CC8236804A6.e.848"}]}
COMMAND: GET /session/aa48994010684139f691768d65878bfa/screenshot - {}
RESULT: {}
RESULT: {"script":"<script> [8489 bytes]","args":[{"element-6066-11e4-a52e-4f735466cecf":"f.65B9DE86ED81C21496E6122963357038.d.AED4528F44B74A1ADEE05CC8236804A6.e.848","ELEMENT":"f.65B9DE86ED81C21496E6122963357038.d.AED4528F44B74A1ADEE05CC8236804A6.e.848"}]}
COMMAND: POST /session/aa48994010684139f691768d65878bfa/execute/sync - {"script":"<script> [5351 bytes]","args":[{"element-6066-11e4-a52e-4f735466cecf":"f.65B9DE86ED81C21496E6122963357038.d.AED4528F44B74A1ADEE05CC8236804A6.e.848","ELEMENT":"f.65B9DE86ED81C21496E6122963357038.d.AED4528F44B74A1ADEE05CC8236804A6.e.848"}]}
COMMAND: GET /session/aa48994010684139f691768d65878bfa/screenshot - {}
RESULT: {}
RESULT: {"script":"<script> [5351 bytes]","args":[{"element-6066-11e4-a52e-4f735466cecf":"f.65B9DE86ED81C21496E6122963357038.d.AED4528F44B74A1ADEE05CC8236804A6.e.848","ELEMENT":"f.65B9DE86ED81C21496E6122963357038.d.AED4528F44B74A1ADEE05CC8236804A6.e.848"}]}
COMMAND: POST /session/aa48994010684139f691768d65878bfa/element/f.65B9DE86ED81C21496E6122963357038.d.AED4528F44B74A1ADEE05CC8236804A6.e.848/click - {}
COMMAND: GET /session/aa48994010684139f691768d65878bfa/screenshot - {}
RESULT: {}
RESULT: {}
COMMAND: GET /session/aa48994010684139f691768d65878bfa/screenshot - {}
COMMAND: POST /session/aa48994010684139f691768d65878bfa/execute/async - {"script":"<script> [1562 bytes]","args":[{"selector":{"id":"application-managepartners-display-component---NewPartner--addressDetailDetailsName1","interaction":{"idSuffix":"inner"}},"wdio_ui5_key":"applicationmanagepartners-display-component---NewPartner--addressDetailDetailsName1"}]}
RESULT: {}
RESULT: {}
RESULT: {"script":"<script> [1562 bytes]","args":[{"selector":{"id":"application-managepartners-display-component---NewPartner--addressDetailDetailsName1","interaction":{"idSuffix":"inner"}},"wdio_ui5_key":"applicationmanagepartners-display-component---NewPartner--addressDetailDetailsName1"}]}
RESULT: undefined
COMMAND: POST /session/aa48994010684139f691768d65878bfa/execute/async - {"script":"<script> [776 bytes]","args":[{"enterText":"Intracompany Partner WDIO","selector":{"id":"application-managepartners-display-component---NewPartner--addressDetailDetailsName1","interaction":{"idSuffix":"inner"}},"clearTextFirst":true,"interactionType":"ENTER_TEXT"}]}
RESULT: {"script":"<script> [776 bytes]","args":[{"enterText":"Intracompany Partner WDIO","selector":{"id":"application-managepartners-display-component---NewPartner--addressDetailDetailsName1","interaction":{"idSuffix":"inner"}},"clearTextFirst":true,"interactionType":"ENTER_TEXT"}]}
COMMAND: POST /session/aa48994010684139f691768d65878bfa/execute/async - {"script":"<script> [1562 bytes]","args":[{"selector":{"id":"application-managepartners-display-component---NewPartner--addressDetailDetailsLanguage-arrow"},"wdio_ui5_key":"applicationmanagepartners-display-component---NewPartner--addressDetailDetailsLanguage-arrow"}]}
RESULT: {"script":"<script> [1562 bytes]","args":[{"selector":{"id":"application-managepartners-display-component---NewPartner--addressDetailDetailsLanguage-arrow"},"wdio_ui5_key":"applicationmanagepartners-display-component---NewPartner--addressDetailDetailsLanguage-arrow"}]}
RESULT: undefined
COMMAND: POST /session/aa48994010684139f691768d65878bfa/element - {"using":"xpath","value":"//*[@id=\"application-managepartners-display-component---NewPartner--addressDetailDetailsLanguage-arrow\"]"}
RESULT: {"using":"xpath","value":"//*[@id=\"application-managepartners-display-component---NewPartner--addressDetailDetailsLanguage-arrow\"]"}
COMMAND: POST /session/aa48994010684139f691768d65878bfa/element/f.65B9DE86ED81C21496E6122963357038.d.AED4528F44B74A1ADEE05CC8236804A6.e.1162/click - {}
RESULT: {}
COMMAND: POST /session/aa48994010684139f691768d65878bfa/element - {"using":"xpath","value":"//span[contains(text(), \"English\")]"}
COMMAND: GET /session/aa48994010684139f691768d65878bfa/screenshot - {}
RESULT: {"using":"xpath","value":"//span[contains(text(), \"English\")]"}
COMMAND: POST /session/aa48994010684139f691768d65878bfa/element/f.65B9DE86ED81C21496E6122963357038.d.AED4528F44B74A1ADEE05CC8236804A6.e.1163/click - {}
RESULT: {}
RESULT: {}
COMMAND: GET /session/aa48994010684139f691768d65878bfa/screenshot - {}
RESULT: {}
COMMAND: POST /session/aa48994010684139f691768d65878bfa/execute/async - {"script":"<script> [1562 bytes]","args":[{"selector":{"id":"application-managepartners-display-component---NewPartner--addressDetailDetailsCity1","interaction":{"idSuffix":"inner"}},"wdio_ui5_key":"applicationmanagepartners-display-component---NewPartner--addressDetailDetailsCity1"}]}
RESULT: {"script":"<script> [1562 bytes]","args":[{"selector":{"id":"application-managepartners-display-component---NewPartner--addressDetailDetailsCity1","interaction":{"idSuffix":"inner"}},"wdio_ui5_key":"applicationmanagepartners-display-component---NewPartner--addressDetailDetailsCity1"}]}
RESULT: undefined
COMMAND: POST /session/aa48994010684139f691768d65878bfa/execute/async - {"script":"<script> [776 bytes]","args":[{"enterText":"Rosario","selector":{"id":"application-managepartners-display-component---NewPartner--addressDetailDetailsCity1","interaction":{"idSuffix":"inner"}},"clearTextFirst":true,"interactionType":"ENTER_TEXT"}]}
RESULT: {"script":"<script> [776 bytes]","args":[{"enterText":"Rosario","selector":{"id":"application-managepartners-display-component---NewPartner--addressDetailDetailsCity1","interaction":{"idSuffix":"inner"}},"clearTextFirst":true,"interactionType":"ENTER_TEXT"}]}
COMMAND: POST /session/aa48994010684139f691768d65878bfa/execute/async - {"script":"<script> [1562 bytes]","args":[{"selector":{"id":"application-managepartners-display-component---NewPartner--addressDetailDetailsCountry-arrow"},"wdio_ui5_key":"applicationmanagepartners-display-component---NewPartner--addressDetailDetailsCountry-arrow"}]}
RESULT: {"script":"<script> [1562 bytes]","args":[{"selector":{"id":"application-managepartners-display-component---NewPartner--addressDetailDetailsCountry-arrow"},"wdio_ui5_key":"applicationmanagepartners-display-component---NewPartner--addressDetailDetailsCountry-arrow"}]}
RESULT: undefined
COMMAND: POST /session/aa48994010684139f691768d65878bfa/element - {"using":"xpath","value":"//*[@id=\"application-managepartners-display-component---NewPartner--addressDetailDetailsCountry-arrow\"]"}
RESULT: {"using":"xpath","value":"//*[@id=\"application-managepartners-display-component---NewPartner--addressDetailDetailsCountry-arrow\"]"}
COMMAND: POST /session/aa48994010684139f691768d65878bfa/element/f.65B9DE86ED81C21496E6122963357038.d.AED4528F44B74A1ADEE05CC8236804A6.e.1143/click - {}
RESULT: {}
COMMAND: POST /session/aa48994010684139f691768d65878bfa/element - {"using":"xpath","value":"//span[contains(text(), \"Argentina\")]"}
COMMAND: GET /session/aa48994010684139f691768d65878bfa/screenshot - {}
RESULT: {"using":"xpath","value":"//span[contains(text(), \"Argentina\")]"}
COMMAND: POST /session/aa48994010684139f691768d65878bfa/element/f.65B9DE86ED81C21496E6122963357038.d.AED4528F44B74A1ADEE05CC8236804A6.e.1165/click - {}
RESULT: {}
RESULT: {}
COMMAND: GET /session/aa48994010684139f691768d65878bfa/screenshot - {}
RESULT: {}
COMMAND: POST /session/aa48994010684139f691768d65878bfa/element - {"using":"xpath","value":"//bdi[contains(text(), \"Commercial\")]"}
RESULT: {"using":"xpath","value":"//bdi[contains(text(), \"Commercial\")]"}
COMMAND: POST /session/aa48994010684139f691768d65878bfa/element/f.65B9DE86ED81C21496E6122963357038.d.AED4528F44B74A1ADEE05CC8236804A6.e.1166/click - {}
RESULT: {}
COMMAND: GET /session/aa48994010684139f691768d65878bfa/screenshot - {}
RESULT: {}
COMMAND: POST /session/aa48994010684139f691768d65878bfa/execute/async - {"script":"<script> [1562 bytes]","args":[{"selector":{"id":"application-managepartners-display-component---NewPartner--partnerDetailInternal-arrow"},"wdio_ui5_key":"applicationmanagepartners-display-component---NewPartner--partnerDetailInternal-arrow"}]}
RESULT: {"script":"<script> [1562 bytes]","args":[{"selector":{"id":"application-managepartners-display-component---NewPartner--partnerDetailInternal-arrow"},"wdio_ui5_key":"applicationmanagepartners-display-component---NewPartner--partnerDetailInternal-arrow"}]}
RESULT: undefined
COMMAND: POST /session/aa48994010684139f691768d65878bfa/element - {"using":"xpath","value":"//*[@id=\"application-managepartners-display-component---NewPartner--partnerDetailInternal-arrow\"]"}
RESULT: {"using":"xpath","value":"//*[@id=\"application-managepartners-display-component---NewPartner--partnerDetailInternal-arrow\"]"}
COMMAND: POST /session/aa48994010684139f691768d65878bfa/element/f.65B9DE86ED81C21496E6122963357038.d.AED4528F44B74A1ADEE05CC8236804A6.e.1172/click - {}
RESULT: {}
COMMAND: POST /session/aa48994010684139f691768d65878bfa/element - {"using":"xpath","value":"//span[contains(text(), \"Affiliated company\")]"}
COMMAND: GET /session/aa48994010684139f691768d65878bfa/screenshot - {}
RESULT: {"using":"xpath","value":"//span[contains(text(), \"Affiliated company\")]"}
COMMAND: POST /session/aa48994010684139f691768d65878bfa/element/f.65B9DE86ED81C21496E6122963357038.d.AED4528F44B74A1ADEE05CC8236804A6.e.1173/click - {}
RESULT: {}
RESULT: {}
COMMAND: POST /session/aa48994010684139f691768d65878bfa/execute/async - {"script":"<script> [1562 bytes]","args":[{"selector":{"id":"application-managepartners-display-component---NewPartner--partnerDetailsCurrency-arrow"},"wdio_ui5_key":"applicationmanagepartners-display-component---NewPartner--partnerDetailsCurrency-arrow"}]}
COMMAND: GET /session/aa48994010684139f691768d65878bfa/screenshot - {}
RESULT: {"script":"<script> [1562 bytes]","args":[{"selector":{"id":"application-managepartners-display-component---NewPartner--partnerDetailsCurrency-arrow"},"wdio_ui5_key":"applicationmanagepartners-display-component---NewPartner--partnerDetailsCurrency-arrow"}]}
RESULT: undefined
COMMAND: POST /session/aa48994010684139f691768d65878bfa/element - {"using":"xpath","value":"//*[@id=\"application-managepartners-display-component---NewPartner--partnerDetailsCurrency-arrow\"]"}
RESULT: {}
RESULT: {"using":"xpath","value":"//*[@id=\"application-managepartners-display-component---NewPartner--partnerDetailsCurrency-arrow\"]"}
COMMAND: POST /session/aa48994010684139f691768d65878bfa/element/f.65B9DE86ED81C21496E6122963357038.d.AED4528F44B74A1ADEE05CC8236804A6.e.1180/click - {}
RESULT: {}
COMMAND: POST /session/aa48994010684139f691768d65878bfa/element - {"using":"xpath","value":"//span[contains(text(), \"Euro\")]"}
COMMAND: GET /session/aa48994010684139f691768d65878bfa/screenshot - {}
RESULT: {"using":"xpath","value":"//span[contains(text(), \"Euro\")]"}
COMMAND: POST /session/aa48994010684139f691768d65878bfa/element/f.65B9DE86ED81C21496E6122963357038.d.AED4528F44B74A1ADEE05CC8236804A6.e.1181/click - {}
RESULT: {}
RESULT: {}
COMMAND: POST /session/aa48994010684139f691768d65878bfa/execute/async - {"script":"<script> [1562 bytes]","args":[{"selector":{"id":"application-managepartners-display-component---NewPartner--addressEditDetailsCostObjectCstType-arrow"},"wdio_ui5_key":"applicationmanagepartners-display-component---NewPartner--addressEditDetailsCostObjectCstType-arrow"}]}
COMMAND: GET /session/aa48994010684139f691768d65878bfa/screenshot - {}
RESULT: {"script":"<script> [1562 bytes]","args":[{"selector":{"id":"application-managepartners-display-component---NewPartner--addressEditDetailsCostObjectCstType-arrow"},"wdio_ui5_key":"applicationmanagepartners-display-component---NewPartner--addressEditDetailsCostObjectCstType-arrow"}]}
RESULT: undefined
COMMAND: POST /session/aa48994010684139f691768d65878bfa/element - {"using":"xpath","value":"//*[@id=\"application-managepartners-display-component---NewPartner--addressEditDetailsCostObjectCstType-arrow\"]"}
RESULT: {}
RESULT: {"using":"xpath","value":"//*[@id=\"application-managepartners-display-component---NewPartner--addressEditDetailsCostObjectCstType-arrow\"]"}
COMMAND: POST /session/aa48994010684139f691768d65878bfa/element/f.65B9DE86ED81C21496E6122963357038.d.AED4528F44B74A1ADEE05CC8236804A6.e.1182/click - {}
RESULT: {}
COMMAND: POST /session/aa48994010684139f691768d65878bfa/element - {"using":"xpath","value":"//span[contains(text(), \"Cost Center\")]"}
COMMAND: GET /session/aa48994010684139f691768d65878bfa/screenshot - {}
RESULT: {"using":"xpath","value":"//span[contains(text(), \"Cost Center\")]"}
COMMAND: POST /session/aa48994010684139f691768d65878bfa/element/f.65B9DE86ED81C21496E6122963357038.d.AED4528F44B74A1ADEE05CC8236804A6.e.1183/click - {}
RESULT: {}
RESULT: {}
COMMAND: GET /session/aa48994010684139f691768d65878bfa/screenshot - {}
RESULT: {}
COMMAND: POST /session/aa48994010684139f691768d65878bfa/element - {"using":"xpath","value":"//span[@id=\"application-managepartners-display-component---NewPartner--addressNewCostObjectCstID-vhi\"]"}
RESULT: {"using":"xpath","value":"//span[@id=\"application-managepartners-display-component---NewPartner--addressNewCostObjectCstID-vhi\"]"}
COMMAND: POST /session/aa48994010684139f691768d65878bfa/execute/sync - {"script":"<script> [8489 bytes]","args":[{"element-6066-11e4-a52e-4f735466cecf":"f.65B9DE86ED81C21496E6122963357038.d.AED4528F44B74A1ADEE05CC8236804A6.e.1187","ELEMENT":"f.65B9DE86ED81C21496E6122963357038.d.AED4528F44B74A1ADEE05CC8236804A6.e.1187"}]}
RESULT: {"script":"<script> [8489 bytes]","args":[{"element-6066-11e4-a52e-4f735466cecf":"f.65B9DE86ED81C21496E6122963357038.d.AED4528F44B74A1ADEE05CC8236804A6.e.1187","ELEMENT":"f.65B9DE86ED81C21496E6122963357038.d.AED4528F44B74A1ADEE05CC8236804A6.e.1187"}]}
COMMAND: POST /session/aa48994010684139f691768d65878bfa/execute/async - {"script":"<script> [1562 bytes]","args":[{"selector":{"id":"application-managepartners-display-component---NewPartner--addressNewCostObjectCstID-vhi"},"wdio_ui5_key":"applicationmanagepartners-display-component---NewPartner--addressNewCostObjectCstID-vhi"}]}
COMMAND: GET /session/aa48994010684139f691768d65878bfa/screenshot - {}
RESULT: {"script":"<script> [1562 bytes]","args":[{"selector":{"id":"application-managepartners-display-component---NewPartner--addressNewCostObjectCstID-vhi"},"wdio_ui5_key":"applicationmanagepartners-display-component---NewPartner--addressNewCostObjectCstID-vhi"}]}
RESULT: undefined
COMMAND: POST /session/aa48994010684139f691768d65878bfa/element - {"using":"xpath","value":"//*[@id=\"application-managepartners-display-component---NewPartner--addressNewCostObjectCstID-vhi\"]"}
RESULT: {}
RESULT: {"using":"xpath","value":"//*[@id=\"application-managepartners-display-component---NewPartner--addressNewCostObjectCstID-vhi\"]"}
COMMAND: POST /session/aa48994010684139f691768d65878bfa/element/f.65B9DE86ED81C21496E6122963357038.d.AED4528F44B74A1ADEE05CC8236804A6.e.1187/click - {}
RESULT: {}
COMMAND: GET /session/aa48994010684139f691768d65878bfa/screenshot - {}
RESULT: {}
RESULT: undefined
COMMAND: POST /session/aa48994010684139f691768d65878bfa/execute/async - {"script":"<script> [776 bytes]","args":[{"enterText":"10001013","selector":{"controlType":"sap.m.SearchField","properties":{"placeholder":"Search"},"searchOpenDialogs":true,"interaction":{"idSuffix":"I"}},"clearTextFirst":true,"interactionType":"ENTER_TEXT"}]}
RESULT: {"script":"<script> [776 bytes]","args":[{"enterText":"10001013","selector":{"controlType":"sap.m.SearchField","properties":{"placeholder":"Search"},"searchOpenDialogs":true,"interaction":{"idSuffix":"I"}},"clearTextFirst":true,"interactionType":"ENTER_TEXT"}]}
COMMAND: POST /session/aa48994010684139f691768d65878bfa/actions - {"actions":[{"id":"action2","type":"key","parameters":{},"actions":[{"type":"keyDown","value":""},{"type":"pause","duration":10},{"type":"keyUp","value":""}]}]}
RESULT: {"actions":[{"id":"action2","type":"key","parameters":{},"actions":[{"type":"keyDown","value":""},{"type":"pause","duration":10},{"type":"keyUp","value":""}]}]}
COMMAND: GET /session/aa48994010684139f691768d65878bfa/screenshot - {}
RESULT: {}
COMMAND: POST /session/aa48994010684139f691768d65878bfa/element - {"using":"xpath","value":"//span[contains(text(), \"General Management\")]"}
RESULT: {"using":"xpath","value":"//span[contains(text(), \"General Management\")]"}
COMMAND: POST /session/aa48994010684139f691768d65878bfa/element/f.65B9DE86ED81C21496E6122963357038.d.AED4528F44B74A1ADEE05CC8236804A6.e.1226/click - {}
RESULT: {}
COMMAND: GET /session/aa48994010684139f691768d65878bfa/screenshot - {}
RESULT: {}
COMMAND: POST /session/aa48994010684139f691768d65878bfa/element - {"using":"xpath","value":"//bdi[contains(text(), \"OK\")]"}
RESULT: {"using":"xpath","value":"//bdi[contains(text(), \"OK\")]"}
COMMAND: POST /session/aa48994010684139f691768d65878bfa/element/f.65B9DE86ED81C21496E6122963357038.d.AED4528F44B74A1ADEE05CC8236804A6.e.1227/click - {}
RESULT: {}
COMMAND: GET /session/aa48994010684139f691768d65878bfa/screenshot - {}
RESULT: {}
COMMAND: POST /session/aa48994010684139f691768d65878bfa/element - {"using":"xpath","value":"//input[@id=\"application-managepartners-display-component---NewPartner--companyCodeComboBox-inner\"]"}
RESULT: {"using":"xpath","value":"//input[@id=\"application-managepartners-display-component---NewPartner--companyCodeComboBox-inner\"]"}
COMMAND: POST /session/aa48994010684139f691768d65878bfa/element/f.65B9DE86ED81C21496E6122963357038.d.AED4528F44B74A1ADEE05CC8236804A6.e.1004/clear - {}
RESULT: {}
COMMAND: POST /session/aa48994010684139f691768d65878bfa/element/f.65B9DE86ED81C21496E6122963357038.d.AED4528F44B74A1ADEE05CC8236804A6.e.1004/value - {"text":"1000"}
COMMAND: GET /session/aa48994010684139f691768d65878bfa/screenshot - {}
RESULT: {"text":"1000"}
COMMAND: GET /session/aa48994010684139f691768d65878bfa/screenshot - {}
RESULT: {}
RESULT: {}
COMMAND: POST /session/aa48994010684139f691768d65878bfa/element - {"using":"xpath","value":"//li[.//span[text()= \"1000\"]]"}
RESULT: {"using":"xpath","value":"//li[.//span[text()= \"1000\"]]"}
COMMAND: POST /session/aa48994010684139f691768d65878bfa/element/f.65B9DE86ED81C21496E6122963357038.d.AED4528F44B74A1ADEE05CC8236804A6.e.1233/click - {}
RESULT: {}
COMMAND: GET /session/aa48994010684139f691768d65878bfa/screenshot - {}
RESULT: {}
COMMAND: POST /session/aa48994010684139f691768d65878bfa/execute/async - {"script":"<script> [1562 bytes]","args":[{"selector":{"id":"application-managepartners-display-component---NewPartner--btnAddTableRow-img"},"wdio_ui5_key":"applicationmanagepartners-display-component---NewPartner--btnAddTableRow-img"}]}
RESULT: {"script":"<script> [1562 bytes]","args":[{"selector":{"id":"application-managepartners-display-component---NewPartner--btnAddTableRow-img"},"wdio_ui5_key":"applicationmanagepartners-display-component---NewPartner--btnAddTableRow-img"}]}
RESULT: undefined
COMMAND: POST /session/aa48994010684139f691768d65878bfa/element - {"using":"xpath","value":"//*[@id=\"application-managepartners-display-component---NewPartner--btnAddTableRow-img\"]"}
RESULT: {"using":"xpath","value":"//*[@id=\"application-managepartners-display-component---NewPartner--btnAddTableRow-img\"]"}
COMMAND: POST /session/aa48994010684139f691768d65878bfa/element/f.65B9DE86ED81C21496E6122963357038.d.AED4528F44B74A1ADEE05CC8236804A6.e.1234/click - {}
RESULT: {}
COMMAND: GET /session/aa48994010684139f691768d65878bfa/screenshot - {}
RESULT: {}
COMMAND: POST /session/aa48994010684139f691768d65878bfa/element - {"using":"xpath","value":"//input[@id=\"application-managepartners-display-component---NewPartner--assignmentYard-application-managepartners-display-component---NewPartner--assignmentsTable-0-inner\"]"}
RESULT: {"using":"xpath","value":"//input[@id=\"application-managepartners-display-component---NewPartner--assignmentYard-application-managepartners-display-component---NewPartner--assignmentsTable-0-inner\"]"}
COMMAND: POST /session/aa48994010684139f691768d65878bfa/element/f.65B9DE86ED81C21496E6122963357038.d.AED4528F44B74A1ADEE05CC8236804A6.e.1237/clear - {}
RESULT: {}
COMMAND: POST /session/aa48994010684139f691768d65878bfa/element/f.65B9DE86ED81C21496E6122963357038.d.AED4528F44B74A1ADEE05CC8236804A6.e.1237/value - {"text":"122"}
COMMAND: GET /session/aa48994010684139f691768d65878bfa/screenshot - {}
RESULT: {"text":"122"}
COMMAND: GET /session/aa48994010684139f691768d65878bfa/screenshot - {}
RESULT: {}
RESULT: {}
COMMAND: POST /session/aa48994010684139f691768d65878bfa/element - {"using":"xpath","value":"//ul[contains(@id,\"NewPartner--assignmentsTable-0-popup-list-listUl\")]//li[.//span[text()='122']]"}
RESULT: {"using":"xpath","value":"//ul[contains(@id,\"NewPartner--assignmentsTable-0-popup-list-listUl\")]//li[.//span[text()='122']]"}
COMMAND: POST /session/aa48994010684139f691768d65878bfa/element/f.65B9DE86ED81C21496E6122963357038.d.AED4528F44B74A1ADEE05CC8236804A6.e.1246/click - {}
RESULT: {}
COMMAND: GET /session/aa48994010684139f691768d65878bfa/screenshot - {}
RESULT: {}
COMMAND: POST /session/aa48994010684139f691768d65878bfa/actions - {"actions":[{"id":"action3","type":"key","parameters":{},"actions":[{"type":"keyDown","value":""},{"type":"pause","duration":10},{"type":"keyUp","value":""}]}]}
RESULT: {"actions":[{"id":"action3","type":"key","parameters":{},"actions":[{"type":"keyDown","value":""},{"type":"pause","duration":10},{"type":"keyUp","value":""}]}]}
COMMAND: POST /session/aa48994010684139f691768d65878bfa/execute/async - {"script":"<script> [1562 bytes]","args":[{"selector":{"id":"application-managepartners-display-component---NewPartner--externalCustomerComboBox-application-managepartners-display-component---NewPartner--assignmentsTable-0-vhi"},"wdio_ui5_key":"applicationmanagepartners-display-component---NewPartner--externalCustomerComboBox-application-managepartners-display-component---NewPartner--assignmentsTable-0-vhi"}]}
COMMAND: GET /session/aa48994010684139f691768d65878bfa/screenshot - {}
RESULT: {"script":"<script> [1562 bytes]","args":[{"selector":{"id":"application-managepartners-display-component---NewPartner--externalCustomerComboBox-application-managepartners-display-component---NewPartner--assignmentsTable-0-vhi"},"wdio_ui5_key":"applicationmanagepartners-display-component---NewPartner--externalCustomerComboBox-application-managepartners-display-component---NewPartner--assignmentsTable-0-vhi"}]}
RESULT: undefined
COMMAND: POST /session/aa48994010684139f691768d65878bfa/element - {"using":"xpath","value":"//*[@id=\"application-managepartners-display-component---NewPartner--externalCustomerComboBox-application-managepartners-display-component---NewPartner--assignmentsTable-0-vhi\"]"}
RESULT: {}
RESULT: {"using":"xpath","value":"//*[@id=\"application-managepartners-display-component---NewPartner--externalCustomerComboBox-application-managepartners-display-component---NewPartner--assignmentsTable-0-vhi\"]"}
COMMAND: POST /session/aa48994010684139f691768d65878bfa/element/f.65B9DE86ED81C21496E6122963357038.d.AED4528F44B74A1ADEE05CC8236804A6.e.1249/click - {}
RESULT: {}
RESULT: undefined
COMMAND: POST /session/aa48994010684139f691768d65878bfa/execute/async - {"script":"<script> [776 bytes]","args":[{"enterText":"300003","selector":{"controlType":"sap.m.SearchField","properties":{"placeholder":"Search"},"searchOpenDialogs":true,"interaction":{"idSuffix":"I"}},"clearTextFirst":true,"interactionType":"ENTER_TEXT"}]}
COMMAND: GET /session/aa48994010684139f691768d65878bfa/screenshot - {}
RESULT: {"script":"<script> [776 bytes]","args":[{"enterText":"300003","selector":{"controlType":"sap.m.SearchField","properties":{"placeholder":"Search"},"searchOpenDialogs":true,"interaction":{"idSuffix":"I"}},"clearTextFirst":true,"interactionType":"ENTER_TEXT"}]}
COMMAND: POST /session/aa48994010684139f691768d65878bfa/actions - {"actions":[{"id":"action4","type":"key","parameters":{},"actions":[{"type":"keyDown","value":""},{"type":"pause","duration":10},{"type":"keyUp","value":""}]}]}
RESULT: {}
RESULT: {"actions":[{"id":"action4","type":"key","parameters":{},"actions":[{"type":"keyDown","value":""},{"type":"pause","duration":10},{"type":"keyUp","value":""}]}]}
COMMAND: GET /session/aa48994010684139f691768d65878bfa/screenshot - {}
RESULT: {}
COMMAND: POST /session/aa48994010684139f691768d65878bfa/element - {"using":"xpath","value":"//span[contains(text(), \"300003\")]"}
RESULT: {"using":"xpath","value":"//span[contains(text(), \"300003\")]"}
COMMAND: POST /session/aa48994010684139f691768d65878bfa/element/f.65B9DE86ED81C21496E6122963357038.d.AED4528F44B74A1ADEE05CC8236804A6.e.1256/click - {}
RESULT: {}
COMMAND: GET /session/aa48994010684139f691768d65878bfa/screenshot - {}
RESULT: {}
COMMAND: POST /session/aa48994010684139f691768d65878bfa/element - {"using":"xpath","value":"//bdi[contains(text(), \"OK\")]"}
RESULT: {"using":"xpath","value":"//bdi[contains(text(), \"OK\")]"}
COMMAND: POST /session/aa48994010684139f691768d65878bfa/element/f.65B9DE86ED81C21496E6122963357038.d.AED4528F44B74A1ADEE05CC8236804A6.e.1258/click - {}
RESULT: {}
COMMAND: GET /session/aa48994010684139f691768d65878bfa/screenshot - {}
RESULT: {}
COMMAND: POST /session/aa48994010684139f691768d65878bfa/execute/async - {"script":"<script> [1562 bytes]","args":[{"selector":{"id":"application-managepartners-display-component---NewPartner--intercompVendorComboBox-application-managepartners-display-component---NewPartner--assignmentsTable-0-vhi"},"wdio_ui5_key":"applicationmanagepartners-display-component---NewPartner--intercompVendorComboBox-application-managepartners-display-component---NewPartner--assignmentsTable-0-vhi"}]}
RESULT: {"script":"<script> [1562 bytes]","args":[{"selector":{"id":"application-managepartners-display-component---NewPartner--intercompVendorComboBox-application-managepartners-display-component---NewPartner--assignmentsTable-0-vhi"},"wdio_ui5_key":"applicationmanagepartners-display-component---NewPartner--intercompVendorComboBox-application-managepartners-display-component---NewPartner--assignmentsTable-0-vhi"}]}
RESULT: undefined
COMMAND: POST /session/aa48994010684139f691768d65878bfa/element - {"using":"xpath","value":"//*[@id=\"application-managepartners-display-component---NewPartner--intercompVendorComboBox-application-managepartners-display-component---NewPartner--assignmentsTable-0-vhi\"]"}
RESULT: {"using":"xpath","value":"//*[@id=\"application-managepartners-display-component---NewPartner--intercompVendorComboBox-application-managepartners-display-component---NewPartner--assignmentsTable-0-vhi\"]"}
COMMAND: POST /session/aa48994010684139f691768d65878bfa/element/f.65B9DE86ED81C21496E6122963357038.d.AED4528F44B74A1ADEE05CC8236804A6.e.1261/click - {}
RESULT: {}
RESULT: undefined
COMMAND: POST /session/aa48994010684139f691768d65878bfa/execute/async - {"script":"<script> [776 bytes]","args":[{"enterText":"100005","selector":{"controlType":"sap.m.SearchField","properties":{"placeholder":"Search"},"searchOpenDialogs":true,"interaction":{"idSuffix":"I"}},"clearTextFirst":true,"interactionType":"ENTER_TEXT"}]}
COMMAND: GET /session/aa48994010684139f691768d65878bfa/screenshot - {}
RESULT: {"script":"<script> [776 bytes]","args":[{"enterText":"100005","selector":{"controlType":"sap.m.SearchField","properties":{"placeholder":"Search"},"searchOpenDialogs":true,"interaction":{"idSuffix":"I"}},"clearTextFirst":true,"interactionType":"ENTER_TEXT"}]}
COMMAND: POST /session/aa48994010684139f691768d65878bfa/actions - {"actions":[{"id":"action5","type":"key","parameters":{},"actions":[{"type":"keyDown","value":""},{"type":"pause","duration":10},{"type":"keyUp","value":""}]}]}
RESULT: {}
RESULT: {"actions":[{"id":"action5","type":"key","parameters":{},"actions":[{"type":"keyDown","value":""},{"type":"pause","duration":10},{"type":"keyUp","value":""}]}]}
COMMAND: GET /session/aa48994010684139f691768d65878bfa/screenshot - {}
RESULT: {}
COMMAND: POST /session/aa48994010684139f691768d65878bfa/element - {"using":"xpath","value":"//span[contains(text(), \"Penguins - Field/12345 Berlin\")]"}
RESULT: {"using":"xpath","value":"//span[contains(text(), \"Penguins - Field/12345 Berlin\")]"}
COMMAND: POST /session/aa48994010684139f691768d65878bfa/element/f.65B9DE86ED81C21496E6122963357038.d.AED4528F44B74A1ADEE05CC8236804A6.e.1279/click - {}
RESULT: {}
COMMAND: GET /session/aa48994010684139f691768d65878bfa/screenshot - {}
RESULT: {}
COMMAND: POST /session/aa48994010684139f691768d65878bfa/element - {"using":"xpath","value":"//bdi[contains(text(), \"OK\")]"}
RESULT: {"using":"xpath","value":"//bdi[contains(text(), \"OK\")]"}
COMMAND: POST /session/aa48994010684139f691768d65878bfa/element/f.65B9DE86ED81C21496E6122963357038.d.AED4528F44B74A1ADEE05CC8236804A6.e.1280/click - {}
RESULT: {}
COMMAND: GET /session/aa48994010684139f691768d65878bfa/screenshot - {}
RESULT: {}
COMMAND: POST /session/aa48994010684139f691768d65878bfa/element - {"using":"xpath","value":"//button[@data-kt=\"saveButton\"]"}
RESULT: {"using":"xpath","value":"//button[@data-kt=\"saveButton\"]"}
COMMAND: POST /session/aa48994010684139f691768d65878bfa/element/f.65B9DE86ED81C21496E6122963357038.d.AED4528F44B74A1ADEE05CC8236804A6.e.1139/click - {}
RESULT: {}
COMMAND: GET /session/aa48994010684139f691768d65878bfa/screenshot - {}
RESULT: {}
COMMAND: POST /session/aa48994010684139f691768d65878bfa/element - {"using":"xpath","value":"//header[contains(@id, 'ObjectPageLayout-headerTitle')]/div[1]/div[2]/div[2]/span[1]"}
RESULT: {"using":"xpath","value":"//header[contains(@id, 'ObjectPageLayout-headerTitle')]/div[1]/div[2]/div[2]/span[1]"}
COMMAND: POST /session/aa48994010684139f691768d65878bfa/elements - {"using":"xpath","value":"//header[contains(@id, 'ObjectPageLayout-headerTitle')]/div[1]/div[2]/div[2]/span[1]"}
RESULT: {"using":"xpath","value":"//header[contains(@id, 'ObjectPageLayout-headerTitle')]/div[1]/div[2]/div[2]/span[1]"}
COMMAND: POST /session/aa48994010684139f691768d65878bfa/execute/sync - {"script":"<script> [56 bytes]","args":[{"element-6066-11e4-a52e-4f735466cecf":"f.65B9DE86ED81C21496E6122963357038.d.AED4528F44B74A1ADEE05CC8236804A6.e.1388","ELEMENT":"f.65B9DE86ED81C21496E6122963357038.d.AED4528F44B74A1ADEE05CC8236804A6.e.1388"}]}
RESULT: {"script":"<script> [56 bytes]","args":[{"element-6066-11e4-a52e-4f735466cecf":"f.65B9DE86ED81C21496E6122963357038.d.AED4528F44B74A1ADEE05CC8236804A6.e.1388","ELEMENT":"f.65B9DE86ED81C21496E6122963357038.d.AED4528F44B74A1ADEE05CC8236804A6.e.1388"}]}
COMMAND: POST /session/aa48994010684139f691768d65878bfa/element - {"using":"css selector","value":"#shell-header-logo"}
COMMAND: GET /session/aa48994010684139f691768d65878bfa/screenshot - {}
RESULT: {"using":"css selector","value":"#shell-header-logo"}
COMMAND: POST /session/aa48994010684139f691768d65878bfa/element/f.65B9DE86ED81C21496E6122963357038.d.AED4528F44B74A1ADEE05CC8236804A6.e.811/click - {}
RESULT: {}
RESULT: {}
COMMAND: GET /session/aa48994010684139f691768d65878bfa/screenshot - {}
RESULT: {}
COMMAND: POST /session/aa48994010684139f691768d65878bfa/execute/sync - {"script":"<script> [299 bytes]","args":[["getModel","getResource"]]}
RESULT: {"script":"<script> [299 bytes]","args":[["getModel","getResource"]]}
COMMAND: GET /session/aa48994010684139f691768d65878bfa/screenshot - {}
]]></system-out>
    </testcase>
    <testcase classname="chrome.138_0_7204_158.windows.Tests_for_Mass_State_Change_on_Manage_States_&amp;_Performances_US104416_US" name="Prereq Should create a new site" time="97.869">
      <system-out><![CDATA[
COMMAND: POST /session/aa48994010684139f691768d65878bfa/execute/async - {"script":"<script> [1562 bytes]","args":[{"selector":{"controlType":"sap.m.GenericTile","properties":{"header":"Manage Sites"}},"wdio_ui5_key":"sapm.GenericTile{\"header\":\"Manage Sites\"}"}]}
RESULT: {}
RESULT: {"script":"<script> [1562 bytes]","args":[{"selector":{"controlType":"sap.m.GenericTile","properties":{"header":"Manage Sites"}},"wdio_ui5_key":"sapm.GenericTile{\"header\":\"Manage Sites\"}"}]}
RESULT: undefined
COMMAND: POST /session/aa48994010684139f691768d65878bfa/element - {"using":"xpath","value":"//*[@id=\"__tile41\"]"}
RESULT: {"using":"xpath","value":"//*[@id=\"__tile41\"]"}
COMMAND: POST /session/aa48994010684139f691768d65878bfa/element/f.65B9DE86ED81C21496E6122963357038.d.AED4528F44B74A1ADEE05CC8236804A6.e.154/click - {}
RESULT: {}
COMMAND: GET /session/aa48994010684139f691768d65878bfa/screenshot - {}
RESULT: {}
COMMAND: POST /session/aa48994010684139f691768d65878bfa/elements - {"using":"xpath","value":"//span[text()='Error']"}
RESULT: {"using":"xpath","value":"//span[text()='Error']"}
COMMAND: POST /session/aa48994010684139f691768d65878bfa/element - {"using":"xpath","value":"//button[@data-kt=\"addOverflowToolbarButton\"]"}
RESULT: {"using":"xpath","value":"//button[@data-kt=\"addOverflowToolbarButton\"]"}
COMMAND: POST /session/aa48994010684139f691768d65878bfa/elements - {"using":"xpath","value":"//button[@data-kt=\"addOverflowToolbarButton\"]"}
RESULT: {"using":"xpath","value":"//button[@data-kt=\"addOverflowToolbarButton\"]"}
COMMAND: POST /session/aa48994010684139f691768d65878bfa/execute/sync - {"script":"<script> [8489 bytes]","args":[{"element-6066-11e4-a52e-4f735466cecf":"f.65B9DE86ED81C21496E6122963357038.d.AED4528F44B74A1ADEE05CC8236804A6.e.1549","ELEMENT":"f.65B9DE86ED81C21496E6122963357038.d.AED4528F44B74A1ADEE05CC8236804A6.e.1549"}]}
RESULT: {"script":"<script> [8489 bytes]","args":[{"element-6066-11e4-a52e-4f735466cecf":"f.65B9DE86ED81C21496E6122963357038.d.AED4528F44B74A1ADEE05CC8236804A6.e.1549","ELEMENT":"f.65B9DE86ED81C21496E6122963357038.d.AED4528F44B74A1ADEE05CC8236804A6.e.1549"}]}
COMMAND: GET /session/aa48994010684139f691768d65878bfa/element/f.65B9DE86ED81C21496E6122963357038.d.AED4528F44B74A1ADEE05CC8236804A6.e.1549/enabled - {}
COMMAND: GET /session/aa48994010684139f691768d65878bfa/screenshot - {}
RESULT: {}
COMMAND: POST /session/aa48994010684139f691768d65878bfa/execute/sync - {"script":"<script> [8489 bytes]","args":[{"element-6066-11e4-a52e-4f735466cecf":"f.65B9DE86ED81C21496E6122963357038.d.AED4528F44B74A1ADEE05CC8236804A6.e.1549","ELEMENT":"f.65B9DE86ED81C21496E6122963357038.d.AED4528F44B74A1ADEE05CC8236804A6.e.1549"}]}
COMMAND: GET /session/aa48994010684139f691768d65878bfa/screenshot - {}
RESULT: {}
RESULT: {"script":"<script> [8489 bytes]","args":[{"element-6066-11e4-a52e-4f735466cecf":"f.65B9DE86ED81C21496E6122963357038.d.AED4528F44B74A1ADEE05CC8236804A6.e.1549","ELEMENT":"f.65B9DE86ED81C21496E6122963357038.d.AED4528F44B74A1ADEE05CC8236804A6.e.1549"}]}
COMMAND: POST /session/aa48994010684139f691768d65878bfa/execute/sync - {"script":"<script> [5351 bytes]","args":[{"element-6066-11e4-a52e-4f735466cecf":"f.65B9DE86ED81C21496E6122963357038.d.AED4528F44B74A1ADEE05CC8236804A6.e.1549","ELEMENT":"f.65B9DE86ED81C21496E6122963357038.d.AED4528F44B74A1ADEE05CC8236804A6.e.1549"}]}
COMMAND: GET /session/aa48994010684139f691768d65878bfa/screenshot - {}
RESULT: {}
RESULT: {"script":"<script> [5351 bytes]","args":[{"element-6066-11e4-a52e-4f735466cecf":"f.65B9DE86ED81C21496E6122963357038.d.AED4528F44B74A1ADEE05CC8236804A6.e.1549","ELEMENT":"f.65B9DE86ED81C21496E6122963357038.d.AED4528F44B74A1ADEE05CC8236804A6.e.1549"}]}
COMMAND: POST /session/aa48994010684139f691768d65878bfa/element/f.65B9DE86ED81C21496E6122963357038.d.AED4528F44B74A1ADEE05CC8236804A6.e.1549/click - {}
COMMAND: GET /session/aa48994010684139f691768d65878bfa/screenshot - {}
RESULT: {}
RESULT: {}
COMMAND: GET /session/aa48994010684139f691768d65878bfa/screenshot - {}
RESULT: {}
RESULT: {}
COMMAND: POST /session/aa48994010684139f691768d65878bfa/element - {"using":"xpath","value":"//input[@id=\"application-managesites-display-component---NewSite--siteId-inner\"]"}
RESULT: {"using":"xpath","value":"//input[@id=\"application-managesites-display-component---NewSite--siteId-inner\"]"}
COMMAND: POST /session/aa48994010684139f691768d65878bfa/element - {"using":"xpath","value":"//input[@id=\"application-managesites-display-component---NewSite--siteId-inner\"]"}
RESULT: {"using":"xpath","value":"//input[@id=\"application-managesites-display-component---NewSite--siteId-inner\"]"}
[...]
RESULT: {"using":"xpath","value":"//button[@data-kt=\"massStateChangeRusSectionButton\"]"}
COMMAND: POST /session/aa48994010684139f691768d65878bfa/elements - {"using":"xpath","value":"//button[@data-kt=\"massStateChangeRusSectionButton\"]"}
RESULT: {"using":"xpath","value":"//button[@data-kt=\"massStateChangeRusSectionButton\"]"}
COMMAND: POST /session/aa48994010684139f691768d65878bfa/elements - {"using":"xpath","value":"//button[@data-kt=\"massStateChangeRusSectionButton\"]"}
RESULT: {"using":"xpath","value":"//button[@data-kt=\"massStateChangeRusSectionButton\"]"}
COMMAND: POST /session/aa48994010684139f691768d65878bfa/elements - {"using":"xpath","value":"//button[@data-kt=\"massStateChangeRusSectionButton\"]"}
RESULT: {"using":"xpath","value":"//button[@data-kt=\"massStateChangeRusSectionButton\"]"}
COMMAND: POST /session/aa48994010684139f691768d65878bfa/elements - {"using":"xpath","value":"//button[@data-kt=\"massStateChangeRusSectionButton\"]"}
RESULT: {"using":"xpath","value":"//button[@data-kt=\"massStateChangeRusSectionButton\"]"}
COMMAND: POST /session/aa48994010684139f691768d65878bfa/elements - {"using":"xpath","value":"//button[@data-kt=\"massStateChangeRusSectionButton\"]"}
RESULT: {"using":"xpath","value":"//button[@data-kt=\"massStateChangeRusSectionButton\"]"}
COMMAND: POST /session/aa48994010684139f691768d65878bfa/elements - {"using":"xpath","value":"//button[@data-kt=\"massStateChangeRusSectionButton\"]"}
RESULT: {"using":"xpath","value":"//button[@data-kt=\"massStateChangeRusSectionButton\"]"}
COMMAND: POST /session/aa48994010684139f691768d65878bfa/elements - {"using":"xpath","value":"//button[@data-kt=\"massStateChangeRusSectionButton\"]"}
RESULT: {"using":"xpath","value":"//button[@data-kt=\"massStateChangeRusSectionButton\"]"}
COMMAND: POST /session/aa48994010684139f691768d65878bfa/elements - {"using":"xpath","value":"//button[@data-kt=\"massStateChangeRusSectionButton\"]"}
RESULT: {"using":"xpath","value":"//button[@data-kt=\"massStateChangeRusSectionButton\"]"}
COMMAND: POST /session/aa48994010684139f691768d65878bfa/elements - {"using":"xpath","value":"//button[@data-kt=\"massStateChangeRusSectionButton\"]"}
RESULT: {"using":"xpath","value":"//button[@data-kt=\"massStateChangeRusSectionButton\"]"}
COMMAND: POST /session/aa48994010684139f691768d65878bfa/elements - {"using":"xpath","value":"//button[@data-kt=\"massStateChangeRusSectionButton\"]"}
RESULT: {"using":"xpath","value":"//button[@data-kt=\"massStateChangeRusSectionButton\"]"}
COMMAND: POST /session/aa48994010684139f691768d65878bfa/elements - {"using":"xpath","value":"//button[@data-kt=\"massStateChangeRusSectionButton\"]"}
RESULT: {"using":"xpath","value":"//button[@data-kt=\"massStateChangeRusSectionButton\"]"}
COMMAND: POST /session/aa48994010684139f691768d65878bfa/elements - {"using":"xpath","value":"//button[@data-kt=\"massStateChangeRusSectionButton\"]"}
RESULT: {"using":"xpath","value":"//button[@data-kt=\"massStateChangeRusSectionButton\"]"}
COMMAND: POST /session/aa48994010684139f691768d65878bfa/elements - {"using":"xpath","value":"//button[@data-kt=\"massStateChangeRusSectionButton\"]"}
RESULT: {"using":"xpath","value":"//button[@data-kt=\"massStateChangeRusSectionButton\"]"}
COMMAND: POST /session/aa48994010684139f691768d65878bfa/elements - {"using":"xpath","value":"//button[@data-kt=\"massStateChangeRusSectionButton\"]"}
RESULT: {"using":"xpath","value":"//button[@data-kt=\"massStateChangeRusSectionButton\"]"}
COMMAND: POST /session/aa48994010684139f691768d65878bfa/elements - {"using":"xpath","value":"//button[@data-kt=\"massStateChangeRusSectionButton\"]"}
RESULT: {"using":"xpath","value":"//button[@data-kt=\"massStateChangeRusSectionButton\"]"}
COMMAND: POST /session/aa48994010684139f691768d65878bfa/elements - {"using":"xpath","value":"//button[@data-kt=\"massStateChangeRusSectionButton\"]"}
RESULT: {"using":"xpath","value":"//button[@data-kt=\"massStateChangeRusSectionButton\"]"}
COMMAND: POST /session/aa48994010684139f691768d65878bfa/elements - {"using":"xpath","value":"//button[@data-kt=\"massStateChangeRusSectionButton\"]"}
RESULT: {"using":"xpath","value":"//button[@data-kt=\"massStateChangeRusSectionButton\"]"}
COMMAND: POST /session/aa48994010684139f691768d65878bfa/elements - {"using":"xpath","value":"//button[@data-kt=\"massStateChangeRusSectionButton\"]"}
RESULT: {"using":"xpath","value":"//button[@data-kt=\"massStateChangeRusSectionButton\"]"}
COMMAND: POST /session/aa48994010684139f691768d65878bfa/elements - {"using":"xpath","value":"//button[@data-kt=\"massStateChangeRusSectionButton\"]"}
RESULT: {"using":"xpath","value":"//button[@data-kt=\"massStateChangeRusSectionButton\"]"}
COMMAND: POST /session/aa48994010684139f691768d65878bfa/elements - {"using":"xpath","value":"//button[@data-kt=\"massStateChangeRusSectionButton\"]"}
RESULT: {"using":"xpath","value":"//button[@data-kt=\"massStateChangeRusSectionButton\"]"}
COMMAND: POST /session/aa48994010684139f691768d65878bfa/elements - {"using":"xpath","value":"//button[@data-kt=\"massStateChangeRusSectionButton\"]"}
RESULT: {"using":"xpath","value":"//button[@data-kt=\"massStateChangeRusSectionButton\"]"}
COMMAND: POST /session/aa48994010684139f691768d65878bfa/elements - {"using":"xpath","value":"//button[@data-kt=\"massStateChangeRusSectionButton\"]"}
RESULT: {"using":"xpath","value":"//button[@data-kt=\"massStateChangeRusSectionButton\"]"}
COMMAND: POST /session/aa48994010684139f691768d65878bfa/elements - {"using":"xpath","value":"//button[@data-kt=\"massStateChangeRusSectionButton\"]"}
RESULT: {"using":"xpath","value":"//button[@data-kt=\"massStateChangeRusSectionButton\"]"}
COMMAND: POST /session/aa48994010684139f691768d65878bfa/elements - {"using":"xpath","value":"//button[@data-kt=\"massStateChangeRusSectionButton\"]"}
RESULT: {"using":"xpath","value":"//button[@data-kt=\"massStateChangeRusSectionButton\"]"}
COMMAND: POST /session/aa48994010684139f691768d65878bfa/elements - {"using":"xpath","value":"//button[@data-kt=\"massStateChangeRusSectionButton\"]"}
RESULT: {"using":"xpath","value":"//button[@data-kt=\"massStateChangeRusSectionButton\"]"}
COMMAND: POST /session/aa48994010684139f691768d65878bfa/elements - {"using":"xpath","value":"//button[@data-kt=\"massStateChangeRusSectionButton\"]"}
RESULT: {"using":"xpath","value":"//button[@data-kt=\"massStateChangeRusSectionButton\"]"}
COMMAND: POST /session/aa48994010684139f691768d65878bfa/elements - {"using":"xpath","value":"//button[@data-kt=\"massStateChangeRusSectionButton\"]"}
RESULT: {"using":"xpath","value":"//button[@data-kt=\"massStateChangeRusSectionButton\"]"}
COMMAND: POST /session/aa48994010684139f691768d65878bfa/elements - {"using":"xpath","value":"//button[@data-kt=\"massStateChangeRusSectionButton\"]"}
RESULT: {"using":"xpath","value":"//button[@data-kt=\"massStateChangeRusSectionButton\"]"}
COMMAND: POST /session/aa48994010684139f691768d65878bfa/elements - {"using":"xpath","value":"//button[@data-kt=\"massStateChangeRusSectionButton\"]"}
RESULT: {"using":"xpath","value":"//button[@data-kt=\"massStateChangeRusSectionButton\"]"}
COMMAND: POST /session/aa48994010684139f691768d65878bfa/elements - {"using":"xpath","value":"//button[@data-kt=\"massStateChangeRusSectionButton\"]"}
RESULT: {"using":"xpath","value":"//button[@data-kt=\"massStateChangeRusSectionButton\"]"}
COMMAND: POST /session/aa48994010684139f691768d65878bfa/elements - {"using":"xpath","value":"//button[@data-kt=\"massStateChangeRusSectionButton\"]"}
RESULT: {"using":"xpath","value":"//button[@data-kt=\"massStateChangeRusSectionButton\"]"}
COMMAND: POST /session/aa48994010684139f691768d65878bfa/elements - {"using":"xpath","value":"//button[@data-kt=\"massStateChangeRusSectionButton\"]"}
RESULT: {"using":"xpath","value":"//button[@data-kt=\"massStateChangeRusSectionButton\"]"}
COMMAND: POST /session/aa48994010684139f691768d65878bfa/elements - {"using":"xpath","value":"//button[@data-kt=\"massStateChangeRusSectionButton\"]"}
RESULT: {"using":"xpath","value":"//button[@data-kt=\"massStateChangeRusSectionButton\"]"}
COMMAND: POST /session/aa48994010684139f691768d65878bfa/elements - {"using":"xpath","value":"//button[@data-kt=\"massStateChangeRusSectionButton\"]"}
RESULT: {"using":"xpath","value":"//button[@data-kt=\"massStateChangeRusSectionButton\"]"}
COMMAND: POST /session/aa48994010684139f691768d65878bfa/elements - {"using":"xpath","value":"//button[@data-kt=\"massStateChangeRusSectionButton\"]"}
RESULT: {"using":"xpath","value":"//button[@data-kt=\"massStateChangeRusSectionButton\"]"}
COMMAND: POST /session/aa48994010684139f691768d65878bfa/elements - {"using":"xpath","value":"//button[@data-kt=\"massStateChangeRusSectionButton\"]"}
RESULT: {"using":"xpath","value":"//button[@data-kt=\"massStateChangeRusSectionButton\"]"}
COMMAND: POST /session/aa48994010684139f691768d65878bfa/elements - {"using":"xpath","value":"//button[@data-kt=\"massStateChangeRusSectionButton\"]"}
RESULT: {"using":"xpath","value":"//button[@data-kt=\"massStateChangeRusSectionButton\"]"}
COMMAND: POST /session/aa48994010684139f691768d65878bfa/elements - {"using":"xpath","value":"//button[@data-kt=\"massStateChangeRusSectionButton\"]"}
RESULT: {"using":"xpath","value":"//button[@data-kt=\"massStateChangeRusSectionButton\"]"}
COMMAND: POST /session/aa48994010684139f691768d65878bfa/elements - {"using":"xpath","value":"//button[@data-kt=\"massStateChangeRusSectionButton\"]"}
RESULT: {"using":"xpath","value":"//button[@data-kt=\"massStateChangeRusSectionButton\"]"}
COMMAND: POST /session/aa48994010684139f691768d65878bfa/elements - {"using":"xpath","value":"//button[@data-kt=\"massStateChangeRusSectionButton\"]"}
RESULT: {"using":"xpath","value":"//button[@data-kt=\"massStateChangeRusSectionButton\"]"}
COMMAND: POST /session/aa48994010684139f691768d65878bfa/elements - {"using":"xpath","value":"//button[@data-kt=\"massStateChangeRusSectionButton\"]"}
RESULT: {"using":"xpath","value":"//button[@data-kt=\"massStateChangeRusSectionButton\"]"}
COMMAND: POST /session/aa48994010684139f691768d65878bfa/elements - {"using":"xpath","value":"//button[@data-kt=\"massStateChangeRusSectionButton\"]"}
RESULT: {"using":"xpath","value":"//button[@data-kt=\"massStateChangeRusSectionButton\"]"}
COMMAND: POST /session/aa48994010684139f691768d65878bfa/elements - {"using":"xpath","value":"//button[@data-kt=\"massStateChangeRusSectionButton\"]"}
RESULT: {"using":"xpath","value":"//button[@data-kt=\"massStateChangeRusSectionButton\"]"}
COMMAND: POST /session/aa48994010684139f691768d65878bfa/elements - {"using":"xpath","value":"//button[@data-kt=\"massStateChangeRusSectionButton\"]"}
RESULT: {"using":"xpath","value":"//button[@data-kt=\"massStateChangeRusSectionButton\"]"}
COMMAND: POST /session/aa48994010684139f691768d65878bfa/elements - {"using":"xpath","value":"//button[@data-kt=\"massStateChangeRusSectionButton\"]"}
RESULT: {"using":"xpath","value":"//button[@data-kt=\"massStateChangeRusSectionButton\"]"}
COMMAND: POST /session/aa48994010684139f691768d65878bfa/elements - {"using":"xpath","value":"//button[@data-kt=\"massStateChangeRusSectionButton\"]"}
RESULT: {"using":"xpath","value":"//button[@data-kt=\"massStateChangeRusSectionButton\"]"}
COMMAND: POST /session/aa48994010684139f691768d65878bfa/elements - {"using":"xpath","value":"//button[@data-kt=\"massStateChangeRusSectionButton\"]"}
RESULT: {"using":"xpath","value":"//button[@data-kt=\"massStateChangeRusSectionButton\"]"}
COMMAND: POST /session/aa48994010684139f691768d65878bfa/elements - {"using":"xpath","value":"//button[@data-kt=\"massStateChangeRusSectionButton\"]"}
RESULT: {"using":"xpath","value":"//button[@data-kt=\"massStateChangeRusSectionButton\"]"}
COMMAND: POST /session/aa48994010684139f691768d65878bfa/elements - {"using":"xpath","value":"//button[@data-kt=\"massStateChangeRusSectionButton\"]"}
RESULT: {"using":"xpath","value":"//button[@data-kt=\"massStateChangeRusSectionButton\"]"}
COMMAND: POST /session/aa48994010684139f691768d65878bfa/elements - {"using":"xpath","value":"//button[@data-kt=\"massStateChangeRusSectionButton\"]"}
RESULT: {"using":"xpath","value":"//button[@data-kt=\"massStateChangeRusSectionButton\"]"}
COMMAND: POST /session/aa48994010684139f691768d65878bfa/elements - {"using":"xpath","value":"//button[@data-kt=\"massStateChangeRusSectionButton\"]"}
RESULT: {"using":"xpath","value":"//button[@data-kt=\"massStateChangeRusSectionButton\"]"}
COMMAND: POST /session/aa48994010684139f691768d65878bfa/elements - {"using":"xpath","value":"//button[@data-kt=\"massStateChangeRusSectionButton\"]"}
RESULT: {"using":"xpath","value":"//button[@data-kt=\"massStateChangeRusSectionButton\"]"}
COMMAND: POST /session/aa48994010684139f691768d65878bfa/elements - {"using":"xpath","value":"//button[@data-kt=\"massStateChangeRusSectionButton\"]"}
RESULT: {"using":"xpath","value":"//button[@data-kt=\"massStateChangeRusSectionButton\"]"}
COMMAND: POST /session/aa48994010684139f691768d65878bfa/elements - {"using":"xpath","value":"//button[@data-kt=\"massStateChangeRusSectionButton\"]"}
RESULT: {"using":"xpath","value":"//button[@data-kt=\"massStateChangeRusSectionButton\"]"}
COMMAND: POST /session/aa48994010684139f691768d65878bfa/elements - {"using":"xpath","value":"//button[@data-kt=\"massStateChangeRusSectionButton\"]"}
RESULT: {"using":"xpath","value":"//button[@data-kt=\"massStateChangeRusSectionButton\"]"}
COMMAND: POST /session/aa48994010684139f691768d65878bfa/elements - {"using":"xpath","value":"//button[@data-kt=\"massStateChangeRusSectionButton\"]"}
RESULT: {"using":"xpath","value":"//button[@data-kt=\"massStateChangeRusSectionButton\"]"}
COMMAND: POST /session/aa48994010684139f691768d65878bfa/elements - {"using":"xpath","value":"//button[@data-kt=\"massStateChangeRusSectionButton\"]"}
RESULT: {"using":"xpath","value":"//button[@data-kt=\"massStateChangeRusSectionButton\"]"}
COMMAND: POST /session/aa48994010684139f691768d65878bfa/elements - {"using":"xpath","value":"//button[@data-kt=\"massStateChangeRusSectionButton\"]"}
RESULT: {"using":"xpath","value":"//button[@data-kt=\"massStateChangeRusSectionButton\"]"}
COMMAND: POST /session/aa48994010684139f691768d65878bfa/elements - {"using":"xpath","value":"//button[@data-kt=\"massStateChangeRusSectionButton\"]"}
RESULT: {"using":"xpath","value":"//button[@data-kt=\"massStateChangeRusSectionButton\"]"}
COMMAND: POST /session/aa48994010684139f691768d65878bfa/elements - {"using":"xpath","value":"//button[@data-kt=\"massStateChangeRusSectionButton\"]"}
RESULT: {"using":"xpath","value":"//button[@data-kt=\"massStateChangeRusSectionButton\"]"}
COMMAND: POST /session/aa48994010684139f691768d65878bfa/elements - {"using":"xpath","value":"//button[@data-kt=\"massStateChangeRusSectionButton\"]"}
RESULT: {"using":"xpath","value":"//button[@data-kt=\"massStateChangeRusSectionButton\"]"}
COMMAND: POST /session/aa48994010684139f691768d65878bfa/elements - {"using":"xpath","value":"//button[@data-kt=\"massStateChangeRusSectionButton\"]"}
RESULT: {"using":"xpath","value":"//button[@data-kt=\"massStateChangeRusSectionButton\"]"}
COMMAND: POST /session/aa48994010684139f691768d65878bfa/elements - {"using":"xpath","value":"//button[@data-kt=\"massStateChangeRusSectionButton\"]"}
RESULT: {"using":"xpath","value":"//button[@data-kt=\"massStateChangeRusSectionButton\"]"}
COMMAND: POST /session/aa48994010684139f691768d65878bfa/elements - {"using":"xpath","value":"//button[@data-kt=\"massStateChangeRusSectionButton\"]"}
RESULT: {"using":"xpath","value":"//button[@data-kt=\"massStateChangeRusSectionButton\"]"}
COMMAND: POST /session/aa48994010684139f691768d65878bfa/elements - {"using":"xpath","value":"//button[@data-kt=\"massStateChangeRusSectionButton\"]"}
RESULT: {"using":"xpath","value":"//button[@data-kt=\"massStateChangeRusSectionButton\"]"}
COMMAND: POST /session/aa48994010684139f691768d65878bfa/elements - {"using":"xpath","value":"//button[@data-kt=\"massStateChangeRusSectionButton\"]"}
RESULT: {"using":"xpath","value":"//button[@data-kt=\"massStateChangeRusSectionButton\"]"}
COMMAND: POST /session/aa48994010684139f691768d65878bfa/elements - {"using":"xpath","value":"//button[@data-kt=\"massStateChangeRusSectionButton\"]"}
RESULT: {"using":"xpath","value":"//button[@data-kt=\"massStateChangeRusSectionButton\"]"}
COMMAND: POST /session/aa48994010684139f691768d65878bfa/elements - {"using":"xpath","value":"//button[@data-kt=\"massStateChangeRusSectionButton\"]"}
RESULT: {"using":"xpath","value":"//button[@data-kt=\"massStateChangeRusSectionButton\"]"}
COMMAND: POST /session/aa48994010684139f691768d65878bfa/elements - {"using":"xpath","value":"//button[@data-kt=\"massStateChangeRusSectionButton\"]"}
RESULT: {"using":"xpath","value":"//button[@data-kt=\"massStateChangeRusSectionButton\"]"}
COMMAND: POST /session/aa48994010684139f691768d65878bfa/elements - {"using":"xpath","value":"//button[@data-kt=\"massStateChangeRusSectionButton\"]"}
RESULT: {"using":"xpath","value":"//button[@data-kt=\"massStateChangeRusSectionButton\"]"}
COMMAND: POST /session/aa48994010684139f691768d65878bfa/elements - {"using":"xpath","value":"//button[@data-kt=\"massStateChangeRusSectionButton\"]"}
RESULT: {"using":"xpath","value":"//button[@data-kt=\"massStateChangeRusSectionButton\"]"}
COMMAND: POST /session/aa48994010684139f691768d65878bfa/elements - {"using":"xpath","value":"//button[@data-kt=\"massStateChangeRusSectionButton\"]"}
RESULT: {"using":"xpath","value":"//button[@data-kt=\"massStateChangeRusSectionButton\"]"}
COMMAND: POST /session/aa48994010684139f691768d65878bfa/elements - {"using":"xpath","value":"//button[@data-kt=\"massStateChangeRusSectionButton\"]"}
RESULT: {"using":"xpath","value":"//button[@data-kt=\"massStateChangeRusSectionButton\"]"}
COMMAND: POST /session/aa48994010684139f691768d65878bfa/elements - {"using":"xpath","value":"//button[@data-kt=\"massStateChangeRusSectionButton\"]"}
RESULT: {"using":"xpath","value":"//button[@data-kt=\"massStateChangeRusSectionButton\"]"}
COMMAND: POST /session/aa48994010684139f691768d65878bfa/elements - {"using":"xpath","value":"//button[@data-kt=\"massStateChangeRusSectionButton\"]"}
RESULT: {"using":"xpath","value":"//button[@data-kt=\"massStateChangeRusSectionButton\"]"}
COMMAND: POST /session/aa48994010684139f691768d65878bfa/elements - {"using":"xpath","value":"//button[@data-kt=\"massStateChangeRusSectionButton\"]"}
RESULT: {"using":"xpath","value":"//button[@data-kt=\"massStateChangeRusSectionButton\"]"}
COMMAND: POST /session/aa48994010684139f691768d65878bfa/elements - {"using":"xpath","value":"//button[@data-kt=\"massStateChangeRusSectionButton\"]"}
RESULT: {"using":"xpath","value":"//button[@data-kt=\"massStateChangeRusSectionButton\"]"}
COMMAND: POST /session/aa48994010684139f691768d65878bfa/elements - {"using":"xpath","value":"//button[@data-kt=\"massStateChangeRusSectionButton\"]"}
RESULT: {"using":"xpath","value":"//button[@data-kt=\"massStateChangeRusSectionButton\"]"}
COMMAND: POST /session/aa48994010684139f691768d65878bfa/elements - {"using":"xpath","value":"//button[@data-kt=\"massStateChangeRusSectionButton\"]"}
RESULT: {"using":"xpath","value":"//button[@data-kt=\"massStateChangeRusSectionButton\"]"}
COMMAND: GET /session/aa48994010684139f691768d65878bfa/screenshot - {}
RESULT: {}
COMMAND: GET /session/aa48994010684139f691768d65878bfa/screenshot - {}
COMMAND: GET /session/aa48994010684139f691768d65878bfa/screenshot - {}
RESULT: {}
RESULT: {}
COMMAND: DELETE /session/aa48994010684139f691768d65878bfa - {}
RESULT: {}
]]></system-out>
      <system-err><![CDATA[
Error: element ("//button[@data-kt="massStateChangeRusSectionButton"]") still not existing after 45000ms
    at async UtilsPrerequisites.checkIfPageLoaded (D:\a\1\s\test\specs\BTS\prerequisites-and-utils-functions.js:3936:9)
    at async Context.<anonymous> (D:\a\1\s\test\specs\HTR\manage-states-perf.spec.js:400:9)
]]></system-err>
    </testcase>
  </testsuite>
</testsuites>