<?xml version="1.0" encoding="UTF-8"?>
<testsuites tests="9" failures="0" errors="0" skipped="0">
  <testsuite timestamp="2025-11-11T17:55:25" time="571.528" tests="9" failures="0" errors="0" skipped="0">
    <properties>
      <property name="specId" value="0"/>
      <property name="suiteName" value="Address Management Tests US173921 US156181 US151165 US151160 US156180 US156178 US151157 US151172 US151170 US151166 US151168"/>
      <property name="capabilities" value="chrome.142_0_7444_60.windows"/>
      <property name="file" value="file:///D:/a/1/s/test/specs/BTS/address-management.spec.js"/>
    </properties>
    <testcase classname="chrome.142_0_7444_60.windows.Address_Management_Tests_US173921_US156181_US151165_US151160_US156180_US156178_US151157_US151172_US151170_US151166_US151168" name="Step 1 Will check existence of address created with generated name if none then we create US173921 US156181" time="65.905">
      <system-out><![CDATA[
COMMAND: POST /session/cee7cc2170e3ea1d9e5071364ff418c7/window/fullscreen - {}
RESULT: {}
COMMAND: POST /session/cee7cc2170e3ea1d9e5071364ff418c7/execute/async - {"script":"<script> [1562 bytes]","args":[{"selector":{"controlType":"sap.m.GenericTile","properties":{"header":"Address Management"}},"wdio_ui5_key":"sapm.GenericTile{\"header\":\"Address Management\"}"}]}
RESULT: {"script":"<script> [1562 bytes]","args":[{"selector":{"controlType":"sap.m.GenericTile","properties":{"header":"Address Management"}},"wdio_ui5_key":"sapm.GenericTile{\"header\":\"Address Management\"}"}]}
RESULT: undefined
COMMAND: POST /session/cee7cc2170e3ea1d9e5071364ff418c7/element - {"using":"xpath","value":"//*[@id=\"__tile34\"]"}
RESULT: {"using":"xpath","value":"//*[@id=\"__tile34\"]"}
COMMAND: POST /session/cee7cc2170e3ea1d9e5071364ff418c7/element/f.26C60A8F778F936CD36A32719ACDBB72.d.871ACABA95BCC69CB9D55868D0DCA4B2.e.209/click - {}
RESULT: {}
COMMAND: GET /session/cee7cc2170e3ea1d9e5071364ff418c7/screenshot - {}
RESULT: {}
COMMAND: POST /session/cee7cc2170e3ea1d9e5071364ff418c7/elements - {"using":"xpath","value":"//span[text()='Error']"}
RESULT: {"using":"xpath","value":"//span[text()='Error']"}
COMMAND: POST /session/cee7cc2170e3ea1d9e5071364ff418c7/element - {"using":"xpath","value":"//button[@data-kt=\"addButton\"]"}
RESULT: {"using":"xpath","value":"//button[@data-kt=\"addButton\"]"}
COMMAND: POST /session/cee7cc2170e3ea1d9e5071364ff418c7/elements - {"using":"xpath","value":"//button[@data-kt=\"addButton\"]"}
RESULT: {"using":"xpath","value":"//button[@data-kt=\"addButton\"]"}
COMMAND: POST /session/cee7cc2170e3ea1d9e5071364ff418c7/elements - {"using":"xpath","value":"//button[@data-kt=\"addButton\"]"}
RESULT: {"using":"xpath","value":"//button[@data-kt=\"addButton\"]"}
COMMAND: POST /session/cee7cc2170e3ea1d9e5071364ff418c7/elements - {"using":"xpath","value":"//button[@data-kt=\"addButton\"]"}
RESULT: {"using":"xpath","value":"//button[@data-kt=\"addButton\"]"}
COMMAND: POST /session/cee7cc2170e3ea1d9e5071364ff418c7/element - {"using":"xpath","value":"//button[@data-kt=\"addButton\"]"}
RESULT: {"using":"xpath","value":"//button[@data-kt=\"addButton\"]"}
COMMAND: POST /session/cee7cc2170e3ea1d9e5071364ff418c7/execute/sync - {"script":"<script> [8489 bytes]","args":[{"element-6066-11e4-a52e-4f735466cecf":"f.26C60A8F778F936CD36A32719ACDBB72.d.871ACABA95BCC69CB9D55868D0DCA4B2.e.286","ELEMENT":"f.26C60A8F778F936CD36A32719ACDBB72.d.871ACABA95BCC69CB9D55868D0DCA4B2.e.286"}]}
RESULT: {"script":"<script> [8489 bytes]","args":[{"element-6066-11e4-a52e-4f735466cecf":"f.26C60A8F778F936CD36A32719ACDBB72.d.871ACABA95BCC69CB9D55868D0DCA4B2.e.286","ELEMENT":"f.26C60A8F778F936CD36A32719ACDBB72.d.871ACABA95BCC69CB9D55868D0DCA4B2.e.286"}]}
COMMAND: GET /session/cee7cc2170e3ea1d9e5071364ff418c7/element/f.26C60A8F778F936CD36A32719ACDBB72.d.871ACABA95BCC69CB9D55868D0DCA4B2.e.286/enabled - {}
COMMAND: GET /session/cee7cc2170e3ea1d9e5071364ff418c7/screenshot - {}
RESULT: {}
COMMAND: POST /session/cee7cc2170e3ea1d9e5071364ff418c7/execute/sync - {"script":"<script> [8489 bytes]","args":[{"element-6066-11e4-a52e-4f735466cecf":"f.26C60A8F778F936CD36A32719ACDBB72.d.871ACABA95BCC69CB9D55868D0DCA4B2.e.286","ELEMENT":"f.26C60A8F778F936CD36A32719ACDBB72.d.871ACABA95BCC69CB9D55868D0DCA4B2.e.286"}]}
COMMAND: GET /session/cee7cc2170e3ea1d9e5071364ff418c7/screenshot - {}
RESULT: {}
RESULT: {"script":"<script> [8489 bytes]","args":[{"element-6066-11e4-a52e-4f735466cecf":"f.26C60A8F778F936CD36A32719ACDBB72.d.871ACABA95BCC69CB9D55868D0DCA4B2.e.286","ELEMENT":"f.26C60A8F778F936CD36A32719ACDBB72.d.871ACABA95BCC69CB9D55868D0DCA4B2.e.286"}]}
COMMAND: POST /session/cee7cc2170e3ea1d9e5071364ff418c7/execute/sync - {"script":"<script> [5351 bytes]","args":[{"element-6066-11e4-a52e-4f735466cecf":"f.26C60A8F778F936CD36A32719ACDBB72.d.871ACABA95BCC69CB9D55868D0DCA4B2.e.286","ELEMENT":"f.26C60A8F778F936CD36A32719ACDBB72.d.871ACABA95BCC69CB9D55868D0DCA4B2.e.286"}]}
COMMAND: GET /session/cee7cc2170e3ea1d9e5071364ff418c7/screenshot - {}
RESULT: {}
RESULT: {"script":"<script> [5351 bytes]","args":[{"element-6066-11e4-a52e-4f735466cecf":"f.26C60A8F778F936CD36A32719ACDBB72.d.871ACABA95BCC69CB9D55868D0DCA4B2.e.286","ELEMENT":"f.26C60A8F778F936CD36A32719ACDBB72.d.871ACABA95BCC69CB9D55868D0DCA4B2.e.286"}]}
COMMAND: GET /session/cee7cc2170e3ea1d9e5071364ff418c7/screenshot - {}
RESULT: {}
RESULT: {}
COMMAND: POST /session/cee7cc2170e3ea1d9e5071364ff418c7/element - {"using":"css selector","value":"#application-addressmanagement-display-component---masterAdm--smartFilterBar-btnBasicSearch-I"}
RESULT: {"using":"css selector","value":"#application-addressmanagement-display-component---masterAdm--smartFilterBar-btnBasicSearch-I"}
COMMAND: POST /session/cee7cc2170e3ea1d9e5071364ff418c7/element/f.26C60A8F778F936CD36A32719ACDBB72.d.871ACABA95BCC69CB9D55868D0DCA4B2.e.273/clear - {}
RESULT: {}
COMMAND: POST /session/cee7cc2170e3ea1d9e5071364ff418c7/element/f.26C60A8F778F936CD36A32719ACDBB72.d.871ACABA95BCC69CB9D55868D0DCA4B2.e.273/value - {"text":"xTUzTl4aPl"}
COMMAND: GET /session/cee7cc2170e3ea1d9e5071364ff418c7/screenshot - {}
RESULT: {}
RESULT: {"text":"xTUzTl4aPl"}
COMMAND: POST /session/cee7cc2170e3ea1d9e5071364ff418c7/actions - {"actions":[{"id":"action1","type":"key","parameters":{},"actions":[{"type":"keyDown","value":""},{"type":"pause","duration":10},{"type":"keyUp","value":""}]}]}
COMMAND: GET /session/cee7cc2170e3ea1d9e5071364ff418c7/screenshot - {}
RESULT: {"actions":[{"id":"action1","type":"key","parameters":{},"actions":[{"type":"keyDown","value":""},{"type":"pause","duration":10},{"type":"keyUp","value":""}]}]}
COMMAND: GET /session/cee7cc2170e3ea1d9e5071364ff418c7/screenshot - {}
RESULT: {}
RESULT: {}
COMMAND: POST /session/cee7cc2170e3ea1d9e5071364ff418c7/element - {"using":"xpath","value":"//span[contains(@id,\"masterAdm--smartTable-header-inner\")]"}
RESULT: {"using":"xpath","value":"//span[contains(@id,\"masterAdm--smartTable-header-inner\")]"}
COMMAND: POST /session/cee7cc2170e3ea1d9e5071364ff418c7/elements - {"using":"xpath","value":"//span[contains(@id,\"masterAdm--smartTable-header-inner\")]"}
RESULT: {"using":"xpath","value":"//span[contains(@id,\"masterAdm--smartTable-header-inner\")]"}
COMMAND: POST /session/cee7cc2170e3ea1d9e5071364ff418c7/execute/sync - {"script":"<script> [56 bytes]","args":[{"element-6066-11e4-a52e-4f735466cecf":"f.26C60A8F778F936CD36A32719ACDBB72.d.871ACABA95BCC69CB9D55868D0DCA4B2.e.328","ELEMENT":"f.26C60A8F778F936CD36A32719ACDBB72.d.871ACABA95BCC69CB9D55868D0DCA4B2.e.328"}]}
RESULT: {"script":"<script> [56 bytes]","args":[{"element-6066-11e4-a52e-4f735466cecf":"f.26C60A8F778F936CD36A32719ACDBB72.d.871ACABA95BCC69CB9D55868D0DCA4B2.e.328","ELEMENT":"f.26C60A8F778F936CD36A32719ACDBB72.d.871ACABA95BCC69CB9D55868D0DCA4B2.e.328"}]}
COMMAND: POST /session/cee7cc2170e3ea1d9e5071364ff418c7/element - {"using":"xpath","value":"//button[@data-kt=\"addButton\"]"}
COMMAND: GET /session/cee7cc2170e3ea1d9e5071364ff418c7/screenshot - {}
RESULT: {"using":"xpath","value":"//button[@data-kt=\"addButton\"]"}
COMMAND: POST /session/cee7cc2170e3ea1d9e5071364ff418c7/element/f.26C60A8F778F936CD36A32719ACDBB72.d.871ACABA95BCC69CB9D55868D0DCA4B2.e.286/click - {}
RESULT: {}
RESULT: {}
COMMAND: GET /session/cee7cc2170e3ea1d9e5071364ff418c7/screenshot - {}
RESULT: {}
COMMAND: POST /session/cee7cc2170e3ea1d9e5071364ff418c7/element - {"using":"xpath","value":"(//div/span[contains(@id,\"addressTitle-arrow\")])[last()]"}
RESULT: {"using":"xpath","value":"(//div/span[contains(@id,\"addressTitle-arrow\")])[last()]"}
COMMAND: POST /session/cee7cc2170e3ea1d9e5071364ff418c7/element/f.26C60A8F778F936CD36A32719ACDBB72.d.871ACABA95BCC69CB9D55868D0DCA4B2.e.460/click - {}
RESULT: {}
COMMAND: GET /session/cee7cc2170e3ea1d9e5071364ff418c7/screenshot - {}
RESULT: {}
COMMAND: POST /session/cee7cc2170e3ea1d9e5071364ff418c7/element - {"using":"xpath","value":"//ul[contains(@id, \"addressTitle-popup-list-listUl\")]//li[.//span[text()=\"Dr.\"]]"}
RESULT: {"using":"xpath","value":"//ul[contains(@id, \"addressTitle-popup-list-listUl\")]//li[.//span[text()=\"Dr.\"]]"}
COMMAND: POST /session/cee7cc2170e3ea1d9e5071364ff418c7/element/f.26C60A8F778F936CD36A32719ACDBB72.d.871ACABA95BCC69CB9D55868D0DCA4B2.e.461/click - {}
RESULT: {}
COMMAND: GET /session/cee7cc2170e3ea1d9e5071364ff418c7/screenshot - {}
RESULT: {}
COMMAND: POST /session/cee7cc2170e3ea1d9e5071364ff418c7/element - {"using":"xpath","value":"(//div[contains(@id,\"addressDetailDetailsLanguage-content\")]/div/span[contains(@id,\"addressDetailDetailsLanguage-arrow\")])[last()]"}
RESULT: {"using":"xpath","value":"(//div[contains(@id,\"addressDetailDetailsLanguage-content\")]/div/span[contains(@id,\"addressDetailDetailsLanguage-arrow\")])[last()]"}
COMMAND: POST /session/cee7cc2170e3ea1d9e5071364ff418c7/element/f.26C60A8F778F936CD36A32719ACDBB72.d.871ACABA95BCC69CB9D55868D0DCA4B2.e.367/click - {}
RESULT: {}
COMMAND: GET /session/cee7cc2170e3ea1d9e5071364ff418c7/screenshot - {}
RESULT: {}
COMMAND: POST /session/cee7cc2170e3ea1d9e5071364ff418c7/element - {"using":"xpath","value":"//ul[contains(@id, \"addressDetailDetailsLanguage-popup-list-listUl\")]//li[.//span[text()=\"English\"]]"}
RESULT: {"using":"xpath","value":"//ul[contains(@id, \"addressDetailDetailsLanguage-popup-list-listUl\")]//li[.//span[text()=\"English\"]]"}
COMMAND: POST /session/cee7cc2170e3ea1d9e5071364ff418c7/element/f.26C60A8F778F936CD36A32719ACDBB72.d.871ACABA95BCC69CB9D55868D0DCA4B2.e.462/click - {}
RESULT: {}
COMMAND: GET /session/cee7cc2170e3ea1d9e5071364ff418c7/screenshot - {}
RESULT: {}
COMMAND: POST /session/cee7cc2170e3ea1d9e5071364ff418c7/element - {"using":"xpath","value":"//input[contains(@id, \"addressDetailDetailsName1-inner\")]"}
RESULT: {"using":"xpath","value":"//input[contains(@id, \"addressDetailDetailsName1-inner\")]"}
COMMAND: POST /session/cee7cc2170e3ea1d9e5071364ff418c7/element/f.26C60A8F778F936CD36A32719ACDBB72.d.871ACABA95BCC69CB9D55868D0DCA4B2.e.418/clear - {}
RESULT: {}
COMMAND: POST /session/cee7cc2170e3ea1d9e5071364ff418c7/element/f.26C60A8F778F936CD36A32719ACDBB72.d.871ACABA95BCC69CB9D55868D0DCA4B2.e.418/value - {"text":"xTUzTl4aPl"}
COMMAND: GET /session/cee7cc2170e3ea1d9e5071364ff418c7/screenshot - {}
RESULT: {"text":"xTUzTl4aPl"}
COMMAND: GET /session/cee7cc2170e3ea1d9e5071364ff418c7/screenshot - {}
RESULT: {}
RESULT: {}
COMMAND: POST /session/cee7cc2170e3ea1d9e5071364ff418c7/element - {"using":"xpath","value":"//button[@title=\"Save\"]"}
RESULT: {"using":"xpath","value":"//button[@title=\"Save\"]"}
COMMAND: POST /session/cee7cc2170e3ea1d9e5071364ff418c7/element/f.26C60A8F778F936CD36A32719ACDBB72.d.871ACABA95BCC69CB9D55868D0DCA4B2.e.448/click - {}
RESULT: {}
COMMAND: GET /session/cee7cc2170e3ea1d9e5071364ff418c7/screenshot - {}
RESULT: {}
COMMAND: POST /session/cee7cc2170e3ea1d9e5071364ff418c7/element - {"using":"xpath","value":"//header[contains(@id, \"application-addressmanagement-display-component---detailAdm--ObjectPageLayout-headerTitle\")]/div[1]/div[3]/div[2]/span"}
RESULT: {"using":"xpath","value":"//header[contains(@id, \"application-addressmanagement-display-component---detailAdm--ObjectPageLayout-headerTitle\")]/div[1]/div[3]/div[2]/span"}
COMMAND: POST /session/cee7cc2170e3ea1d9e5071364ff418c7/elements - {"using":"xpath","value":"//header[contains(@id, \"application-addressmanagement-display-component---detailAdm--ObjectPageLayout-headerTitle\")]/div[1]/div[3]/div[2]/span"}
RESULT: {"using":"xpath","value":"//header[contains(@id, \"application-addressmanagement-display-component---detailAdm--ObjectPageLayout-headerTitle\")]/div[1]/div[3]/div[2]/span"}
COMMAND: POST /session/cee7cc2170e3ea1d9e5071364ff418c7/execute/sync - {"script":"<script> [56 bytes]","args":[{"element-6066-11e4-a52e-4f735466cecf":"f.26C60A8F778F936CD36A32719ACDBB72.d.871ACABA95BCC69CB9D55868D0DCA4B2.e.481","ELEMENT":"f.26C60A8F778F936CD36A32719ACDBB72.d.871ACABA95BCC69CB9D55868D0DCA4B2.e.481"}]}
RESULT: {"script":"<script> [56 bytes]","args":[{"element-6066-11e4-a52e-4f735466cecf":"f.26C60A8F778F936CD36A32719ACDBB72.d.871ACABA95BCC69CB9D55868D0DCA4B2.e.481","ELEMENT":"f.26C60A8F778F936CD36A32719ACDBB72.d.871ACABA95BCC69CB9D55868D0DCA4B2.e.481"}]}
COMMAND: GET /session/cee7cc2170e3ea1d9e5071364ff418c7/screenshot - {}
RESULT: {}
COMMAND: POST /session/cee7cc2170e3ea1d9e5071364ff418c7/element - {"using":"css selector","value":"#shell-header-logo"}
RESULT: {"using":"css selector","value":"#shell-header-logo"}
COMMAND: POST /session/cee7cc2170e3ea1d9e5071364ff418c7/element/f.26C60A8F778F936CD36A32719ACDBB72.d.871ACABA95BCC69CB9D55868D0DCA4B2.e.250/click - {}
RESULT: {}
COMMAND: GET /session/cee7cc2170e3ea1d9e5071364ff418c7/screenshot - {}
RESULT: {}
]]></system-out>
    </testcase>
    <testcase classname="chrome.142_0_7444_60.windows.Address_Management_Tests_US173921_US156181_US151165_US151160_US156180_US156178_US151157_US151172_US151170_US151166_US151168" name="Step 2 Should deactivate the created address in earlier step US151165" time="44.079">
      <system-out><![CDATA[
RESULT: undefined
COMMAND: POST /session/cee7cc2170e3ea1d9e5071364ff418c7/element - {"using":"xpath","value":"//*[@id=\"__tile34\"]"}
RESULT: {"using":"xpath","value":"//*[@id=\"__tile34\"]"}
COMMAND: POST /session/cee7cc2170e3ea1d9e5071364ff418c7/element/f.26C60A8F778F936CD36A32719ACDBB72.d.871ACABA95BCC69CB9D55868D0DCA4B2.e.209/click - {}
RESULT: {}
COMMAND: GET /session/cee7cc2170e3ea1d9e5071364ff418c7/screenshot - {}
COMMAND: POST /session/cee7cc2170e3ea1d9e5071364ff418c7/elements - {"using":"xpath","value":"//span[text()='Error']"}
RESULT: {}
RESULT: {"using":"xpath","value":"//span[text()='Error']"}
COMMAND: POST /session/cee7cc2170e3ea1d9e5071364ff418c7/element - {"using":"xpath","value":"//button[@data-kt=\"addButton\"]"}
RESULT: {"using":"xpath","value":"//button[@data-kt=\"addButton\"]"}
COMMAND: POST /session/cee7cc2170e3ea1d9e5071364ff418c7/elements - {"using":"xpath","value":"//button[@data-kt=\"addButton\"]"}
RESULT: {"using":"xpath","value":"//button[@data-kt=\"addButton\"]"}
COMMAND: POST /session/cee7cc2170e3ea1d9e5071364ff418c7/execute/sync - {"script":"<script> [8489 bytes]","args":[{"element-6066-11e4-a52e-4f735466cecf":"f.26C60A8F778F936CD36A32719ACDBB72.d.871ACABA95BCC69CB9D55868D0DCA4B2.e.556","ELEMENT":"f.26C60A8F778F936CD36A32719ACDBB72.d.871ACABA95BCC69CB9D55868D0DCA4B2.e.556"}]}
RESULT: {"script":"<script> [8489 bytes]","args":[{"element-6066-11e4-a52e-4f735466cecf":"f.26C60A8F778F936CD36A32719ACDBB72.d.871ACABA95BCC69CB9D55868D0DCA4B2.e.556","ELEMENT":"f.26C60A8F778F936CD36A32719ACDBB72.d.871ACABA95BCC69CB9D55868D0DCA4B2.e.556"}]}
COMMAND: GET /session/cee7cc2170e3ea1d9e5071364ff418c7/element/f.26C60A8F778F936CD36A32719ACDBB72.d.871ACABA95BCC69CB9D55868D0DCA4B2.e.556/enabled - {}
COMMAND: GET /session/cee7cc2170e3ea1d9e5071364ff418c7/screenshot - {}
RESULT: {}
COMMAND: POST /session/cee7cc2170e3ea1d9e5071364ff418c7/execute/sync - {"script":"<script> [8489 bytes]","args":[{"element-6066-11e4-a52e-4f735466cecf":"f.26C60A8F778F936CD36A32719ACDBB72.d.871ACABA95BCC69CB9D55868D0DCA4B2.e.556","ELEMENT":"f.26C60A8F778F936CD36A32719ACDBB72.d.871ACABA95BCC69CB9D55868D0DCA4B2.e.556"}]}
COMMAND: GET /session/cee7cc2170e3ea1d9e5071364ff418c7/screenshot - {}
RESULT: {}
RESULT: {"script":"<script> [8489 bytes]","args":[{"element-6066-11e4-a52e-4f735466cecf":"f.26C60A8F778F936CD36A32719ACDBB72.d.871ACABA95BCC69CB9D55868D0DCA4B2.e.556","ELEMENT":"f.26C60A8F778F936CD36A32719ACDBB72.d.871ACABA95BCC69CB9D55868D0DCA4B2.e.556"}]}
COMMAND: POST /session/cee7cc2170e3ea1d9e5071364ff418c7/execute/sync - {"script":"<script> [5351 bytes]","args":[{"element-6066-11e4-a52e-4f735466cecf":"f.26C60A8F778F936CD36A32719ACDBB72.d.871ACABA95BCC69CB9D55868D0DCA4B2.e.556","ELEMENT":"f.26C60A8F778F936CD36A32719ACDBB72.d.871ACABA95BCC69CB9D55868D0DCA4B2.e.556"}]}
COMMAND: GET /session/cee7cc2170e3ea1d9e5071364ff418c7/screenshot - {}
RESULT: {}
RESULT: {"script":"<script> [5351 bytes]","args":[{"element-6066-11e4-a52e-4f735466cecf":"f.26C60A8F778F936CD36A32719ACDBB72.d.871ACABA95BCC69CB9D55868D0DCA4B2.e.556","ELEMENT":"f.26C60A8F778F936CD36A32719ACDBB72.d.871ACABA95BCC69CB9D55868D0DCA4B2.e.556"}]}
COMMAND: GET /session/cee7cc2170e3ea1d9e5071364ff418c7/screenshot - {}
RESULT: {}
RESULT: {}
COMMAND: POST /session/cee7cc2170e3ea1d9e5071364ff418c7/element - {"using":"css selector","value":"#application-addressmanagement-display-component---masterAdm--smartFilterBar-btnBasicSearch-I"}
RESULT: {"using":"css selector","value":"#application-addressmanagement-display-component---masterAdm--smartFilterBar-btnBasicSearch-I"}
COMMAND: POST /session/cee7cc2170e3ea1d9e5071364ff418c7/element/f.26C60A8F778F936CD36A32719ACDBB72.d.871ACABA95BCC69CB9D55868D0DCA4B2.e.547/clear - {}
RESULT: {}
COMMAND: POST /session/cee7cc2170e3ea1d9e5071364ff418c7/element/f.26C60A8F778F936CD36A32719ACDBB72.d.871ACABA95BCC69CB9D55868D0DCA4B2.e.547/value - {"text":"xTUzTl4aPl"}
COMMAND: GET /session/cee7cc2170e3ea1d9e5071364ff418c7/screenshot - {}
RESULT: {"text":"xTUzTl4aPl"}
COMMAND: POST /session/cee7cc2170e3ea1d9e5071364ff418c7/actions - {"actions":[{"id":"action2","type":"key","parameters":{},"actions":[{"type":"keyDown","value":""},{"type":"pause","duration":10},{"type":"keyUp","value":""}]}]}
COMMAND: GET /session/cee7cc2170e3ea1d9e5071364ff418c7/screenshot - {}
RESULT: {}
RESULT: {"actions":[{"id":"action2","type":"key","parameters":{},"actions":[{"type":"keyDown","value":""},{"type":"pause","duration":10},{"type":"keyUp","value":""}]}]}
COMMAND: GET /session/cee7cc2170e3ea1d9e5071364ff418c7/screenshot - {}
RESULT: {}
RESULT: {}
COMMAND: POST /session/cee7cc2170e3ea1d9e5071364ff418c7/elements - {"using":"xpath","value":"//table[contains(@id, \"masterAdm--customPersonsAddressesTable-listUl\")]/tbody/tr"}
RESULT: {"using":"xpath","value":"//table[contains(@id, \"masterAdm--customPersonsAddressesTable-listUl\")]/tbody/tr"}
COMMAND: POST /session/cee7cc2170e3ea1d9e5071364ff418c7/element/f.26C60A8F778F936CD36A32719ACDBB72.d.871ACABA95BCC69CB9D55868D0DCA4B2.e.591/elements - {"using":"css selector","value":"td"}
RESULT: {"using":"css selector","value":"td"}
COMMAND: GET /session/cee7cc2170e3ea1d9e5071364ff418c7/element/f.26C60A8F778F936CD36A32719ACDBB72.d.871ACABA95BCC69CB9D55868D0DCA4B2.e.582/text - {}
RESULT: {}
COMMAND: POST /session/cee7cc2170e3ea1d9e5071364ff418c7/element - {"using":"xpath","value":"//table[contains(@id, \"customPersonsAddressesTable-listUl\")]/tbody/tr[1]/td[10]/div/span"}
RESULT: {"using":"xpath","value":"//table[contains(@id, \"customPersonsAddressesTable-listUl\")]/tbody/tr[1]/td[10]/div/span"}
COMMAND: POST /session/cee7cc2170e3ea1d9e5071364ff418c7/execute/sync - {"script":"<script> [56 bytes]","args":[{"element-6066-11e4-a52e-4f735466cecf":"f.26C60A8F778F936CD36A32719ACDBB72.d.871ACABA95BCC69CB9D55868D0DCA4B2.e.597","ELEMENT":"f.26C60A8F778F936CD36A32719ACDBB72.d.871ACABA95BCC69CB9D55868D0DCA4B2.e.597"}]}
RESULT: {"script":"<script> [56 bytes]","args":[{"element-6066-11e4-a52e-4f735466cecf":"f.26C60A8F778F936CD36A32719ACDBB72.d.871ACABA95BCC69CB9D55868D0DCA4B2.e.597","ELEMENT":"f.26C60A8F778F936CD36A32719ACDBB72.d.871ACABA95BCC69CB9D55868D0DCA4B2.e.597"}]}
COMMAND: POST /session/cee7cc2170e3ea1d9e5071364ff418c7/element - {"using":"xpath","value":"//table[contains(@id, \"customPersonsAddressesTable-listUl\")]/tbody/tr[1]/td[2]/div/div"}
COMMAND: GET /session/cee7cc2170e3ea1d9e5071364ff418c7/screenshot - {}
RESULT: {"using":"xpath","value":"//table[contains(@id, \"customPersonsAddressesTable-listUl\")]/tbody/tr[1]/td[2]/div/div"}
COMMAND: POST /session/cee7cc2170e3ea1d9e5071364ff418c7/element/f.26C60A8F778F936CD36A32719ACDBB72.d.871ACABA95BCC69CB9D55868D0DCA4B2.e.598/click - {}
RESULT: {}
RESULT: {}
COMMAND: GET /session/cee7cc2170e3ea1d9e5071364ff418c7/screenshot - {}
RESULT: {}
COMMAND: POST /session/cee7cc2170e3ea1d9e5071364ff418c7/element - {"using":"xpath","value":"//button[@data-kt=\"deactivateButton\"]"}
RESULT: {"using":"xpath","value":"//button[@data-kt=\"deactivateButton\"]"}
COMMAND: POST /session/cee7cc2170e3ea1d9e5071364ff418c7/element/f.26C60A8F778F936CD36A32719ACDBB72.d.871ACABA95BCC69CB9D55868D0DCA4B2.e.554/click - {}
RESULT: {}
COMMAND: GET /session/cee7cc2170e3ea1d9e5071364ff418c7/screenshot - {}
RESULT: {}
COMMAND: POST /session/cee7cc2170e3ea1d9e5071364ff418c7/element - {"using":"xpath","value":"//div[@role = \"alertdialog\"]//bdi[contains(text(), \"Yes\")]"}
RESULT: {"using":"xpath","value":"//div[@role = \"alertdialog\"]//bdi[contains(text(), \"Yes\")]"}
COMMAND: POST /session/cee7cc2170e3ea1d9e5071364ff418c7/element/f.26C60A8F778F936CD36A32719ACDBB72.d.871ACABA95BCC69CB9D55868D0DCA4B2.e.600/click - {}
RESULT: {}
COMMAND: GET /session/cee7cc2170e3ea1d9e5071364ff418c7/screenshot - {}
RESULT: {}
COMMAND: POST /session/cee7cc2170e3ea1d9e5071364ff418c7/element - {"using":"xpath","value":"//table[contains(@id, \"customPersonsAddressesTable-listUl\")]/tbody/tr[1]/td[10]/div/span"}
RESULT: {"using":"xpath","value":"//table[contains(@id, \"customPersonsAddressesTable-listUl\")]/tbody/tr[1]/td[10]/div/span"}
COMMAND: POST /session/cee7cc2170e3ea1d9e5071364ff418c7/execute/sync - {"script":"<script> [56 bytes]","args":[{"element-6066-11e4-a52e-4f735466cecf":"f.26C60A8F778F936CD36A32719ACDBB72.d.871ACABA95BCC69CB9D55868D0DCA4B2.e.597","ELEMENT":"f.26C60A8F778F936CD36A32719ACDBB72.d.871ACABA95BCC69CB9D55868D0DCA4B2.e.597"}]}
RESULT: {"script":"<script> [56 bytes]","args":[{"element-6066-11e4-a52e-4f735466cecf":"f.26C60A8F778F936CD36A32719ACDBB72.d.871ACABA95BCC69CB9D55868D0DCA4B2.e.597","ELEMENT":"f.26C60A8F778F936CD36A32719ACDBB72.d.871ACABA95BCC69CB9D55868D0DCA4B2.e.597"}]}
COMMAND: GET /session/cee7cc2170e3ea1d9e5071364ff418c7/screenshot - {}
RESULT: {}
COMMAND: POST /session/cee7cc2170e3ea1d9e5071364ff418c7/element - {"using":"css selector","value":"#shell-header-logo"}
RESULT: {"using":"css selector","value":"#shell-header-logo"}
COMMAND: POST /session/cee7cc2170e3ea1d9e5071364ff418c7/element/f.26C60A8F778F936CD36A32719ACDBB72.d.871ACABA95BCC69CB9D55868D0DCA4B2.e.485/click - {}
RESULT: {}
COMMAND: GET /session/cee7cc2170e3ea1d9e5071364ff418c7/screenshot - {}
RESULT: {}
]]></system-out>
    </testcase>
    <testcase classname="chrome.142_0_7444_60.windows.Address_Management_Tests_US173921_US156181_US151165_US151160_US156180_US156178_US151157_US151172_US151170_US151166_US151168" name="Step 3 Should activate the created address back again US151160" time="43.291">
      <system-out><![CDATA[
RESULT: undefined
COMMAND: POST /session/cee7cc2170e3ea1d9e5071364ff418c7/element - {"using":"xpath","value":"//*[@id=\"__tile34\"]"}
RESULT: {"using":"xpath","value":"//*[@id=\"__tile34\"]"}
COMMAND: POST /session/cee7cc2170e3ea1d9e5071364ff418c7/element/f.26C60A8F778F936CD36A32719ACDBB72.d.871ACABA95BCC69CB9D55868D0DCA4B2.e.209/click - {}
RESULT: {}
COMMAND: GET /session/cee7cc2170e3ea1d9e5071364ff418c7/screenshot - {}
COMMAND: POST /session/cee7cc2170e3ea1d9e5071364ff418c7/elements - {"using":"xpath","value":"//span[text()='Error']"}
RESULT: {}
RESULT: {"using":"xpath","value":"//span[text()='Error']"}
COMMAND: POST /session/cee7cc2170e3ea1d9e5071364ff418c7/element - {"using":"xpath","value":"//button[@data-kt=\"addButton\"]"}
RESULT: {"using":"xpath","value":"//button[@data-kt=\"addButton\"]"}
COMMAND: POST /session/cee7cc2170e3ea1d9e5071364ff418c7/elements - {"using":"xpath","value":"//button[@data-kt=\"addButton\"]"}
RESULT: {"using":"xpath","value":"//button[@data-kt=\"addButton\"]"}
COMMAND: POST /session/cee7cc2170e3ea1d9e5071364ff418c7/execute/sync - {"script":"<script> [8489 bytes]","args":[{"element-6066-11e4-a52e-4f735466cecf":"f.26C60A8F778F936CD36A32719ACDBB72.d.871ACABA95BCC69CB9D55868D0DCA4B2.e.666","ELEMENT":"f.26C60A8F778F936CD36A32719ACDBB72.d.871ACABA95BCC69CB9D55868D0DCA4B2.e.666"}]}
RESULT: {"script":"<script> [8489 bytes]","args":[{"element-6066-11e4-a52e-4f735466cecf":"f.26C60A8F778F936CD36A32719ACDBB72.d.871ACABA95BCC69CB9D55868D0DCA4B2.e.666","ELEMENT":"f.26C60A8F778F936CD36A32719ACDBB72.d.871ACABA95BCC69CB9D55868D0DCA4B2.e.666"}]}
COMMAND: GET /session/cee7cc2170e3ea1d9e5071364ff418c7/element/f.26C60A8F778F936CD36A32719ACDBB72.d.871ACABA95BCC69CB9D55868D0DCA4B2.e.666/enabled - {}
COMMAND: GET /session/cee7cc2170e3ea1d9e5071364ff418c7/screenshot - {}
RESULT: {}
COMMAND: POST /session/cee7cc2170e3ea1d9e5071364ff418c7/execute/sync - {"script":"<script> [8489 bytes]","args":[{"element-6066-11e4-a52e-4f735466cecf":"f.26C60A8F778F936CD36A32719ACDBB72.d.871ACABA95BCC69CB9D55868D0DCA4B2.e.666","ELEMENT":"f.26C60A8F778F936CD36A32719ACDBB72.d.871ACABA95BCC69CB9D55868D0DCA4B2.e.666"}]}
COMMAND: GET /session/cee7cc2170e3ea1d9e5071364ff418c7/screenshot - {}
RESULT: {}
RESULT: {"script":"<script> [8489 bytes]","args":[{"element-6066-11e4-a52e-4f735466cecf":"f.26C60A8F778F936CD36A32719ACDBB72.d.871ACABA95BCC69CB9D55868D0DCA4B2.e.666","ELEMENT":"f.26C60A8F778F936CD36A32719ACDBB72.d.871ACABA95BCC69CB9D55868D0DCA4B2.e.666"}]}
COMMAND: POST /session/cee7cc2170e3ea1d9e5071364ff418c7/execute/sync - {"script":"<script> [5351 bytes]","args":[{"element-6066-11e4-a52e-4f735466cecf":"f.26C60A8F778F936CD36A32719ACDBB72.d.871ACABA95BCC69CB9D55868D0DCA4B2.e.666","ELEMENT":"f.26C60A8F778F936CD36A32719ACDBB72.d.871ACABA95BCC69CB9D55868D0DCA4B2.e.666"}]}
COMMAND: GET /session/cee7cc2170e3ea1d9e5071364ff418c7/screenshot - {}
RESULT: {}
RESULT: {"script":"<script> [5351 bytes]","args":[{"element-6066-11e4-a52e-4f735466cecf":"f.26C60A8F778F936CD36A32719ACDBB72.d.871ACABA95BCC69CB9D55868D0DCA4B2.e.666","ELEMENT":"f.26C60A8F778F936CD36A32719ACDBB72.d.871ACABA95BCC69CB9D55868D0DCA4B2.e.666"}]}
COMMAND: GET /session/cee7cc2170e3ea1d9e5071364ff418c7/screenshot - {}
RESULT: {}
RESULT: {}
COMMAND: POST /session/cee7cc2170e3ea1d9e5071364ff418c7/element - {"using":"css selector","value":"#application-addressmanagement-display-component---masterAdm--smartFilterBar-btnBasicSearch-I"}
RESULT: {"using":"css selector","value":"#application-addressmanagement-display-component---masterAdm--smartFilterBar-btnBasicSearch-I"}
COMMAND: POST /session/cee7cc2170e3ea1d9e5071364ff418c7/element/f.26C60A8F778F936CD36A32719ACDBB72.d.871ACABA95BCC69CB9D55868D0DCA4B2.e.620/clear - {}
RESULT: {}
COMMAND: POST /session/cee7cc2170e3ea1d9e5071364ff418c7/element/f.26C60A8F778F936CD36A32719ACDBB72.d.871ACABA95BCC69CB9D55868D0DCA4B2.e.620/value - {"text":"xTUzTl4aPl"}
COMMAND: GET /session/cee7cc2170e3ea1d9e5071364ff418c7/screenshot - {}
RESULT: {"text":"xTUzTl4aPl"}
COMMAND: POST /session/cee7cc2170e3ea1d9e5071364ff418c7/actions - {"actions":[{"id":"action3","type":"key","parameters":{},"actions":[{"type":"keyDown","value":""},{"type":"pause","duration":10},{"type":"keyUp","value":""}]}]}
COMMAND: GET /session/cee7cc2170e3ea1d9e5071364ff418c7/screenshot - {}
RESULT: {}
RESULT: {"actions":[{"id":"action3","type":"key","parameters":{},"actions":[{"type":"keyDown","value":""},{"type":"pause","duration":10},{"type":"keyUp","value":""}]}]}
COMMAND: GET /session/cee7cc2170e3ea1d9e5071364ff418c7/screenshot - {}
RESULT: {}
RESULT: {}
COMMAND: POST /session/cee7cc2170e3ea1d9e5071364ff418c7/elements - {"using":"xpath","value":"//table[contains(@id, \"masterAdm--customPersonsAddressesTable-listUl\")]/tbody/tr"}
RESULT: {"using":"xpath","value":"//table[contains(@id, \"masterAdm--customPersonsAddressesTable-listUl\")]/tbody/tr"}
COMMAND: POST /session/cee7cc2170e3ea1d9e5071364ff418c7/element/f.26C60A8F778F936CD36A32719ACDBB72.d.871ACABA95BCC69CB9D55868D0DCA4B2.e.702/elements - {"using":"css selector","value":"td"}
RESULT: {"using":"css selector","value":"td"}
COMMAND: GET /session/cee7cc2170e3ea1d9e5071364ff418c7/element/f.26C60A8F778F936CD36A32719ACDBB72.d.871ACABA95BCC69CB9D55868D0DCA4B2.e.694/text - {}
RESULT: {}
COMMAND: POST /session/cee7cc2170e3ea1d9e5071364ff418c7/element - {"using":"xpath","value":"//table[contains(@id, \"customPersonsAddressesTable-listUl\")]/tbody/tr[1]/td[10]/div/span"}
RESULT: {"using":"xpath","value":"//table[contains(@id, \"customPersonsAddressesTable-listUl\")]/tbody/tr[1]/td[10]/div/span"}
COMMAND: POST /session/cee7cc2170e3ea1d9e5071364ff418c7/execute/sync - {"script":"<script> [56 bytes]","args":[{"element-6066-11e4-a52e-4f735466cecf":"f.26C60A8F778F936CD36A32719ACDBB72.d.871ACABA95BCC69CB9D55868D0DCA4B2.e.708","ELEMENT":"f.26C60A8F778F936CD36A32719ACDBB72.d.871ACABA95BCC69CB9D55868D0DCA4B2.e.708"}]}
RESULT: {"script":"<script> [56 bytes]","args":[{"element-6066-11e4-a52e-4f735466cecf":"f.26C60A8F778F936CD36A32719ACDBB72.d.871ACABA95BCC69CB9D55868D0DCA4B2.e.708","ELEMENT":"f.26C60A8F778F936CD36A32719ACDBB72.d.871ACABA95BCC69CB9D55868D0DCA4B2.e.708"}]}
COMMAND: POST /session/cee7cc2170e3ea1d9e5071364ff418c7/element - {"using":"xpath","value":"//table[contains(@id, \"customPersonsAddressesTable-listUl\")]/tbody/tr[1]/td[2]/div/div"}
COMMAND: GET /session/cee7cc2170e3ea1d9e5071364ff418c7/screenshot - {}
RESULT: {"using":"xpath","value":"//table[contains(@id, \"customPersonsAddressesTable-listUl\")]/tbody/tr[1]/td[2]/div/div"}
COMMAND: POST /session/cee7cc2170e3ea1d9e5071364ff418c7/element/f.26C60A8F778F936CD36A32719ACDBB72.d.871ACABA95BCC69CB9D55868D0DCA4B2.e.709/click - {}
RESULT: {}
RESULT: {}
COMMAND: GET /session/cee7cc2170e3ea1d9e5071364ff418c7/screenshot - {}
RESULT: {}
COMMAND: POST /session/cee7cc2170e3ea1d9e5071364ff418c7/element - {"using":"xpath","value":"//button[@data-kt=\"activateButton\"]"}
RESULT: {"using":"xpath","value":"//button[@data-kt=\"activateButton\"]"}
COMMAND: POST /session/cee7cc2170e3ea1d9e5071364ff418c7/element/f.26C60A8F778F936CD36A32719ACDBB72.d.871ACABA95BCC69CB9D55868D0DCA4B2.e.646/click - {}
RESULT: {}
COMMAND: GET /session/cee7cc2170e3ea1d9e5071364ff418c7/screenshot - {}
RESULT: {}
COMMAND: POST /session/cee7cc2170e3ea1d9e5071364ff418c7/element - {"using":"xpath","value":"//div[@role = \"alertdialog\"]//bdi[contains(text(), \"Yes\")]"}
RESULT: {"using":"xpath","value":"//div[@role = \"alertdialog\"]//bdi[contains(text(), \"Yes\")]"}
COMMAND: POST /session/cee7cc2170e3ea1d9e5071364ff418c7/element/f.26C60A8F778F936CD36A32719ACDBB72.d.871ACABA95BCC69CB9D55868D0DCA4B2.e.711/click - {}
RESULT: {}
COMMAND: GET /session/cee7cc2170e3ea1d9e5071364ff418c7/screenshot - {}
RESULT: {}
COMMAND: POST /session/cee7cc2170e3ea1d9e5071364ff418c7/element - {"using":"xpath","value":"//table[contains(@id, \"customPersonsAddressesTable-listUl\")]/tbody/tr[1]/td[10]/div/span"}
RESULT: {"using":"xpath","value":"//table[contains(@id, \"customPersonsAddressesTable-listUl\")]/tbody/tr[1]/td[10]/div/span"}
COMMAND: POST /session/cee7cc2170e3ea1d9e5071364ff418c7/execute/sync - {"script":"<script> [56 bytes]","args":[{"element-6066-11e4-a52e-4f735466cecf":"f.26C60A8F778F936CD36A32719ACDBB72.d.871ACABA95BCC69CB9D55868D0DCA4B2.e.708","ELEMENT":"f.26C60A8F778F936CD36A32719ACDBB72.d.871ACABA95BCC69CB9D55868D0DCA4B2.e.708"}]}
RESULT: {"script":"<script> [56 bytes]","args":[{"element-6066-11e4-a52e-4f735466cecf":"f.26C60A8F778F936CD36A32719ACDBB72.d.871ACABA95BCC69CB9D55868D0DCA4B2.e.708","ELEMENT":"f.26C60A8F778F936CD36A32719ACDBB72.d.871ACABA95BCC69CB9D55868D0DCA4B2.e.708"}]}
COMMAND: GET /session/cee7cc2170e3ea1d9e5071364ff418c7/screenshot - {}
RESULT: {}
COMMAND: POST /session/cee7cc2170e3ea1d9e5071364ff418c7/element - {"using":"css selector","value":"#shell-header-logo"}
RESULT: {"using":"css selector","value":"#shell-header-logo"}
COMMAND: POST /session/cee7cc2170e3ea1d9e5071364ff418c7/element/f.26C60A8F778F936CD36A32719ACDBB72.d.871ACABA95BCC69CB9D55868D0DCA4B2.e.607/click - {}
RESULT: {}
COMMAND: GET /session/cee7cc2170e3ea1d9e5071364ff418c7/screenshot - {}
RESULT: {}
]]></system-out>
    </testcase>
    <testcase classname="chrome.142_0_7444_60.windows.Address_Management_Tests_US173921_US156181_US151165_US151160_US156180_US156178_US151157_US151172_US151170_US151166_US151168" name="Step 4 Should verify searches US156180 edit person and address record US156178" time="75.441">
      <system-out><![CDATA[
RESULT: undefined
COMMAND: POST /session/cee7cc2170e3ea1d9e5071364ff418c7/element - {"using":"xpath","value":"//*[@id=\"__tile34\"]"}
RESULT: {"using":"xpath","value":"//*[@id=\"__tile34\"]"}
COMMAND: POST /session/cee7cc2170e3ea1d9e5071364ff418c7/element/f.26C60A8F778F936CD36A32719ACDBB72.d.871ACABA95BCC69CB9D55868D0DCA4B2.e.209/click - {}
RESULT: {}
COMMAND: GET /session/cee7cc2170e3ea1d9e5071364ff418c7/screenshot - {}
COMMAND: POST /session/cee7cc2170e3ea1d9e5071364ff418c7/elements - {"using":"xpath","value":"//span[text()='Error']"}
RESULT: {}
RESULT: {"using":"xpath","value":"//span[text()='Error']"}
COMMAND: POST /session/cee7cc2170e3ea1d9e5071364ff418c7/element - {"using":"xpath","value":"//button[@data-kt=\"addButton\"]"}
RESULT: {"using":"xpath","value":"//button[@data-kt=\"addButton\"]"}
COMMAND: POST /session/cee7cc2170e3ea1d9e5071364ff418c7/elements - {"using":"xpath","value":"//button[@data-kt=\"addButton\"]"}
RESULT: {"using":"xpath","value":"//button[@data-kt=\"addButton\"]"}
COMMAND: POST /session/cee7cc2170e3ea1d9e5071364ff418c7/execute/sync - {"script":"<script> [8489 bytes]","args":[{"element-6066-11e4-a52e-4f735466cecf":"f.26C60A8F778F936CD36A32719ACDBB72.d.871ACABA95BCC69CB9D55868D0DCA4B2.e.778","ELEMENT":"f.26C60A8F778F936CD36A32719ACDBB72.d.871ACABA95BCC69CB9D55868D0DCA4B2.e.778"}]}
RESULT: {"script":"<script> [8489 bytes]","args":[{"element-6066-11e4-a52e-4f735466cecf":"f.26C60A8F778F936CD36A32719ACDBB72.d.871ACABA95BCC69CB9D55868D0DCA4B2.e.778","ELEMENT":"f.26C60A8F778F936CD36A32719ACDBB72.d.871ACABA95BCC69CB9D55868D0DCA4B2.e.778"}]}
COMMAND: GET /session/cee7cc2170e3ea1d9e5071364ff418c7/element/f.26C60A8F778F936CD36A32719ACDBB72.d.871ACABA95BCC69CB9D55868D0DCA4B2.e.778/enabled - {}
COMMAND: GET /session/cee7cc2170e3ea1d9e5071364ff418c7/screenshot - {}
RESULT: {}
COMMAND: POST /session/cee7cc2170e3ea1d9e5071364ff418c7/execute/sync - {"script":"<script> [8489 bytes]","args":[{"element-6066-11e4-a52e-4f735466cecf":"f.26C60A8F778F936CD36A32719ACDBB72.d.871ACABA95BCC69CB9D55868D0DCA4B2.e.778","ELEMENT":"f.26C60A8F778F936CD36A32719ACDBB72.d.871ACABA95BCC69CB9D55868D0DCA4B2.e.778"}]}
COMMAND: GET /session/cee7cc2170e3ea1d9e5071364ff418c7/screenshot - {}
RESULT: {}
RESULT: {"script":"<script> [8489 bytes]","args":[{"element-6066-11e4-a52e-4f735466cecf":"f.26C60A8F778F936CD36A32719ACDBB72.d.871ACABA95BCC69CB9D55868D0DCA4B2.e.778","ELEMENT":"f.26C60A8F778F936CD36A32719ACDBB72.d.871ACABA95BCC69CB9D55868D0DCA4B2.e.778"}]}
COMMAND: POST /session/cee7cc2170e3ea1d9e5071364ff418c7/execute/sync - {"script":"<script> [5351 bytes]","args":[{"element-6066-11e4-a52e-4f735466cecf":"f.26C60A8F778F936CD36A32719ACDBB72.d.871ACABA95BCC69CB9D55868D0DCA4B2.e.778","ELEMENT":"f.26C60A8F778F936CD36A32719ACDBB72.d.871ACABA95BCC69CB9D55868D0DCA4B2.e.778"}]}
COMMAND: GET /session/cee7cc2170e3ea1d9e5071364ff418c7/screenshot - {}
RESULT: {}
RESULT: {"script":"<script> [5351 bytes]","args":[{"element-6066-11e4-a52e-4f735466cecf":"f.26C60A8F778F936CD36A32719ACDBB72.d.871ACABA95BCC69CB9D55868D0DCA4B2.e.778","ELEMENT":"f.26C60A8F778F936CD36A32719ACDBB72.d.871ACABA95BCC69CB9D55868D0DCA4B2.e.778"}]}
COMMAND: GET /session/cee7cc2170e3ea1d9e5071364ff418c7/screenshot - {}
RESULT: {}
RESULT: {}
COMMAND: POST /session/cee7cc2170e3ea1d9e5071364ff418c7/element - {"using":"css selector","value":"#application-addressmanagement-display-component---masterAdm--smartFilterBar-btnBasicSearch-I"}
RESULT: {"using":"css selector","value":"#application-addressmanagement-display-component---masterAdm--smartFilterBar-btnBasicSearch-I"}
COMMAND: POST /session/cee7cc2170e3ea1d9e5071364ff418c7/element/f.26C60A8F778F936CD36A32719ACDBB72.d.871ACABA95BCC69CB9D55868D0DCA4B2.e.756/clear - {}
RESULT: {}
COMMAND: POST /session/cee7cc2170e3ea1d9e5071364ff418c7/element/f.26C60A8F778F936CD36A32719ACDBB72.d.871ACABA95BCC69CB9D55868D0DCA4B2.e.756/value - {"text":"xTUzTl4aPl"}
COMMAND: GET /session/cee7cc2170e3ea1d9e5071364ff418c7/screenshot - {}
RESULT: {"text":"xTUzTl4aPl"}
COMMAND: POST /session/cee7cc2170e3ea1d9e5071364ff418c7/actions - {"actions":[{"id":"action4","type":"key","parameters":{},"actions":[{"type":"keyDown","value":""},{"type":"pause","duration":10},{"type":"keyUp","value":""}]}]}
COMMAND: GET /session/cee7cc2170e3ea1d9e5071364ff418c7/screenshot - {}
RESULT: {}
RESULT: {"actions":[{"id":"action4","type":"key","parameters":{},"actions":[{"type":"keyDown","value":""},{"type":"pause","duration":10},{"type":"keyUp","value":""}]}]}
COMMAND: GET /session/cee7cc2170e3ea1d9e5071364ff418c7/screenshot - {}
RESULT: {}
RESULT: {}
COMMAND: POST /session/cee7cc2170e3ea1d9e5071364ff418c7/elements - {"using":"xpath","value":"//table[contains(@id, \"masterAdm--customPersonsAddressesTable-listUl\")]/tbody/tr"}
RESULT: {"using":"xpath","value":"//table[contains(@id, \"masterAdm--customPersonsAddressesTable-listUl\")]/tbody/tr"}
COMMAND: POST /session/cee7cc2170e3ea1d9e5071364ff418c7/element/f.26C60A8F778F936CD36A32719ACDBB72.d.871ACABA95BCC69CB9D55868D0DCA4B2.e.813/elements - {"using":"css selector","value":"td"}
RESULT: {"using":"css selector","value":"td"}
COMMAND: GET /session/cee7cc2170e3ea1d9e5071364ff418c7/element/f.26C60A8F778F936CD36A32719ACDBB72.d.871ACABA95BCC69CB9D55868D0DCA4B2.e.800/text - {}
RESULT: {}
COMMAND: POST /session/cee7cc2170e3ea1d9e5071364ff418c7/element - {"using":"xpath","value":"(//span[contains(@id, \"imgNav\")])[1]"}
RESULT: {"using":"xpath","value":"(//span[contains(@id, \"imgNav\")])[1]"}
COMMAND: POST /session/cee7cc2170e3ea1d9e5071364ff418c7/element/f.26C60A8F778F936CD36A32719ACDBB72.d.871ACABA95BCC69CB9D55868D0DCA4B2.e.807/click - {}
RESULT: {}
COMMAND: GET /session/cee7cc2170e3ea1d9e5071364ff418c7/screenshot - {}
RESULT: {}
COMMAND: POST /session/cee7cc2170e3ea1d9e5071364ff418c7/element - {"using":"xpath","value":"//button[@data-kt=\"editButton\"]"}
RESULT: {"using":"xpath","value":"//button[@data-kt=\"editButton\"]"}
COMMAND: POST /session/cee7cc2170e3ea1d9e5071364ff418c7/element/f.26C60A8F778F936CD36A32719ACDBB72.d.871ACABA95BCC69CB9D55868D0DCA4B2.e.935/click - {}
RESULT: {}
COMMAND: GET /session/cee7cc2170e3ea1d9e5071364ff418c7/screenshot - {}
RESULT: {}
COMMAND: POST /session/cee7cc2170e3ea1d9e5071364ff418c7/element - {"using":"xpath","value":"(//div/span[contains(@id,\"addressTitle-arrow\")])[last()]"}
RESULT: {"using":"xpath","value":"(//div/span[contains(@id,\"addressTitle-arrow\")])[last()]"}
COMMAND: POST /session/cee7cc2170e3ea1d9e5071364ff418c7/element/f.26C60A8F778F936CD36A32719ACDBB72.d.871ACABA95BCC69CB9D55868D0DCA4B2.e.969/click - {}
RESULT: {}
COMMAND: GET /session/cee7cc2170e3ea1d9e5071364ff418c7/screenshot - {}
RESULT: {}
COMMAND: POST /session/cee7cc2170e3ea1d9e5071364ff418c7/element - {"using":"xpath","value":"//ul[contains(@id, \"addressTitle-popup-list-listUl\")]//li[.//span[text()=\"Mr.\"]]"}
RESULT: {"using":"xpath","value":"//ul[contains(@id, \"addressTitle-popup-list-listUl\")]//li[.//span[text()=\"Mr.\"]]"}
COMMAND: POST /session/cee7cc2170e3ea1d9e5071364ff418c7/element/f.26C60A8F778F936CD36A32719ACDBB72.d.871ACABA95BCC69CB9D55868D0DCA4B2.e.972/click - {}
RESULT: {}
COMMAND: GET /session/cee7cc2170e3ea1d9e5071364ff418c7/screenshot - {}
RESULT: {}
COMMAND: POST /session/cee7cc2170e3ea1d9e5071364ff418c7/element - {"using":"xpath","value":"(//input[contains(@id,\"addressDetailDetailsName2\")])[last()]"}
RESULT: {"using":"xpath","value":"(//input[contains(@id,\"addressDetailDetailsName2\")])[last()]"}
COMMAND: POST /session/cee7cc2170e3ea1d9e5071364ff418c7/element/f.26C60A8F778F936CD36A32719ACDBB72.d.871ACABA95BCC69CB9D55868D0DCA4B2.e.939/clear - {}
RESULT: {}
COMMAND: POST /session/cee7cc2170e3ea1d9e5071364ff418c7/element/f.26C60A8F778F936CD36A32719ACDBB72.d.871ACABA95BCC69CB9D55868D0DCA4B2.e.939/value - {"text":"EDIT John Cena"}
COMMAND: GET /session/cee7cc2170e3ea1d9e5071364ff418c7/screenshot - {}
RESULT: {"text":"EDIT John Cena"}
COMMAND: GET /session/cee7cc2170e3ea1d9e5071364ff418c7/screenshot - {}
RESULT: {}
RESULT: {}
COMMAND: POST /session/cee7cc2170e3ea1d9e5071364ff418c7/element - {"using":"xpath","value":"(//div[contains(@id,\"addressDetailDetailsLanguage-content\")]/div/span[contains(@id,\"addressDetailDetailsLanguage-arrow\")])[last()]"}
RESULT: {"using":"xpath","value":"(//div[contains(@id,\"addressDetailDetailsLanguage-content\")]/div/span[contains(@id,\"addressDetailDetailsLanguage-arrow\")])[last()]"}
COMMAND: POST /session/cee7cc2170e3ea1d9e5071364ff418c7/element/f.26C60A8F778F936CD36A32719ACDBB72.d.871ACABA95BCC69CB9D55868D0DCA4B2.e.976/click - {}
RESULT: {}
COMMAND: GET /session/cee7cc2170e3ea1d9e5071364ff418c7/screenshot - {}
RESULT: {}
COMMAND: POST /session/cee7cc2170e3ea1d9e5071364ff418c7/element - {"using":"xpath","value":"//ul[contains(@id, \"addressDetailDetailsLanguage-popup-list-listUl\")]//li[.//span[text()=\"Bulgarian\"]]"}
RESULT: {"using":"xpath","value":"//ul[contains(@id, \"addressDetailDetailsLanguage-popup-list-listUl\")]//li[.//span[text()=\"Bulgarian\"]]"}
COMMAND: POST /session/cee7cc2170e3ea1d9e5071364ff418c7/element/f.26C60A8F778F936CD36A32719ACDBB72.d.871ACABA95BCC69CB9D55868D0DCA4B2.e.977/click - {}
RESULT: {}
COMMAND: GET /session/cee7cc2170e3ea1d9e5071364ff418c7/screenshot - {}
RESULT: {}
COMMAND: POST /session/cee7cc2170e3ea1d9e5071364ff418c7/element - {"using":"xpath","value":"(//input[contains(@id,\"addressDetailDetailsZip1\")])[last()]"}
RESULT: {"using":"xpath","value":"(//input[contains(@id,\"addressDetailDetailsZip1\")])[last()]"}
COMMAND: POST /session/cee7cc2170e3ea1d9e5071364ff418c7/element/f.26C60A8F778F936CD36A32719ACDBB72.d.871ACABA95BCC69CB9D55868D0DCA4B2.e.942/clear - {}
RESULT: {}
COMMAND: POST /session/cee7cc2170e3ea1d9e5071364ff418c7/element/f.26C60A8F778F936CD36A32719ACDBB72.d.871ACABA95BCC69CB9D55868D0DCA4B2.e.942/value - {"text":"500292"}
COMMAND: GET /session/cee7cc2170e3ea1d9e5071364ff418c7/screenshot - {}
RESULT: {"text":"500292"}
COMMAND: GET /session/cee7cc2170e3ea1d9e5071364ff418c7/screenshot - {}
RESULT: {}
RESULT: {}
COMMAND: POST /session/cee7cc2170e3ea1d9e5071364ff418c7/element - {"using":"xpath","value":"(//input[contains(@id,\"addressDetailContactsEmail\")])[last()]"}
RESULT: {"using":"xpath","value":"(//input[contains(@id,\"addressDetailContactsEmail\")])[last()]"}
COMMAND: POST /session/cee7cc2170e3ea1d9e5071364ff418c7/element/f.26C60A8F778F936CD36A32719ACDBB72.d.871ACABA95BCC69CB9D55868D0DCA4B2.e.950/clear - {}
RESULT: {}
COMMAND: POST /session/cee7cc2170e3ea1d9e5071364ff418c7/element/f.26C60A8F778F936CD36A32719ACDBB72.d.871ACABA95BCC69CB9D55868D0DCA4B2.e.950/value - {"text":"webdriverrules@emailfake.com"}
COMMAND: GET /session/cee7cc2170e3ea1d9e5071364ff418c7/screenshot - {}
RESULT: {"text":"webdriverrules@emailfake.com"}
COMMAND: GET /session/cee7cc2170e3ea1d9e5071364ff418c7/screenshot - {}
RESULT: {}
RESULT: {}
COMMAND: POST /session/cee7cc2170e3ea1d9e5071364ff418c7/element - {"using":"xpath","value":"(//input[contains(@id,\"addressUserJobTitle\")])[last()]"}
RESULT: {"using":"xpath","value":"(//input[contains(@id,\"addressUserJobTitle\")])[last()]"}
COMMAND: POST /session/cee7cc2170e3ea1d9e5071364ff418c7/element/f.26C60A8F778F936CD36A32719ACDBB72.d.871ACABA95BCC69CB9D55868D0DCA4B2.e.966/clear - {}
RESULT: {}
COMMAND: POST /session/cee7cc2170e3ea1d9e5071364ff418c7/element/f.26C60A8F778F936CD36A32719ACDBB72.d.871ACABA95BCC69CB9D55868D0DCA4B2.e.966/value - {"text":"director"}
COMMAND: GET /session/cee7cc2170e3ea1d9e5071364ff418c7/screenshot - {}
RESULT: {"text":"director"}
COMMAND: GET /session/cee7cc2170e3ea1d9e5071364ff418c7/screenshot - {}
RESULT: {}
RESULT: {}
COMMAND: POST /session/cee7cc2170e3ea1d9e5071364ff418c7/element - {"using":"xpath","value":"(//input[contains(@id,\"tagMultiInput-inner\")])[last()]"}
RESULT: {"using":"xpath","value":"(//input[contains(@id,\"tagMultiInput-inner\")])[last()]"}
COMMAND: POST /session/cee7cc2170e3ea1d9e5071364ff418c7/element/f.26C60A8F778F936CD36A32719ACDBB72.d.871ACABA95BCC69CB9D55868D0DCA4B2.e.951/clear - {}
RESULT: {}
COMMAND: POST /session/cee7cc2170e3ea1d9e5071364ff418c7/element/f.26C60A8F778F936CD36A32719ACDBB72.d.871ACABA95BCC69CB9D55868D0DCA4B2.e.951/value - {"text":"testyTag1"}
COMMAND: GET /session/cee7cc2170e3ea1d9e5071364ff418c7/screenshot - {}
RESULT: {"text":"testyTag1"}
COMMAND: POST /session/cee7cc2170e3ea1d9e5071364ff418c7/actions - {"actions":[{"id":"action5","type":"key","parameters":{},"actions":[{"type":"keyDown","value":""},{"type":"pause","duration":10},{"type":"keyUp","value":""}]}]}
COMMAND: GET /session/cee7cc2170e3ea1d9e5071364ff418c7/screenshot - {}
RESULT: {}
RESULT: {"actions":[{"id":"action5","type":"key","parameters":{},"actions":[{"type":"keyDown","value":""},{"type":"pause","duration":10},{"type":"keyUp","value":""}]}]}
COMMAND: GET /session/cee7cc2170e3ea1d9e5071364ff418c7/screenshot - {}
RESULT: {}
RESULT: {}
COMMAND: POST /session/cee7cc2170e3ea1d9e5071364ff418c7/element/f.26C60A8F778F936CD36A32719ACDBB72.d.871ACABA95BCC69CB9D55868D0DCA4B2.e.951/clear - {}
RESULT: {}
COMMAND: POST /session/cee7cc2170e3ea1d9e5071364ff418c7/element/f.26C60A8F778F936CD36A32719ACDBB72.d.871ACABA95BCC69CB9D55868D0DCA4B2.e.951/value - {"text":"taggyTag2"}
COMMAND: GET /session/cee7cc2170e3ea1d9e5071364ff418c7/screenshot - {}
RESULT: {"text":"taggyTag2"}
COMMAND: POST /session/cee7cc2170e3ea1d9e5071364ff418c7/actions - {"actions":[{"id":"action6","type":"key","parameters":{},"actions":[{"type":"keyDown","value":""},{"type":"pause","duration":10},{"type":"keyUp","value":""}]}]}
COMMAND: GET /session/cee7cc2170e3ea1d9e5071364ff418c7/screenshot - {}
RESULT: {}
RESULT: {"actions":[{"id":"action6","type":"key","parameters":{},"actions":[{"type":"keyDown","value":""},{"type":"pause","duration":10},{"type":"keyUp","value":""}]}]}
COMMAND: POST /session/cee7cc2170e3ea1d9e5071364ff418c7/element - {"using":"xpath","value":"//button[@data-kt=\"saveButton\"]"}
COMMAND: GET /session/cee7cc2170e3ea1d9e5071364ff418c7/screenshot - {}
RESULT: {}
RESULT: {"using":"xpath","value":"//button[@data-kt=\"saveButton\"]"}
COMMAND: POST /session/cee7cc2170e3ea1d9e5071364ff418c7/element/f.26C60A8F778F936CD36A32719ACDBB72.d.871ACABA95BCC69CB9D55868D0DCA4B2.e.984/click - {}
RESULT: {}
RESULT: {}
COMMAND: GET /session/cee7cc2170e3ea1d9e5071364ff418c7/screenshot - {}
RESULT: {}
COMMAND: POST /session/cee7cc2170e3ea1d9e5071364ff418c7/element - {"using":"xpath","value":"//span[@id=\"application-addressmanagement-display-component---detailAdm--addressTitle\"]"}
RESULT: {"using":"xpath","value":"//span[@id=\"application-addressmanagement-display-component---detailAdm--addressTitle\"]"}
COMMAND: POST /session/cee7cc2170e3ea1d9e5071364ff418c7/elements - {"using":"xpath","value":"//span[@id=\"application-addressmanagement-display-component---detailAdm--addressTitle\"]"}
RESULT: {"using":"xpath","value":"//span[@id=\"application-addressmanagement-display-component---detailAdm--addressTitle\"]"}
COMMAND: POST /session/cee7cc2170e3ea1d9e5071364ff418c7/execute/sync - {"script":"<script> [56 bytes]","args":[{"element-6066-11e4-a52e-4f735466cecf":"f.26C60A8F778F936CD36A32719ACDBB72.d.871ACABA95BCC69CB9D55868D0DCA4B2.e.999","ELEMENT":"f.26C60A8F778F936CD36A32719ACDBB72.d.871ACABA95BCC69CB9D55868D0DCA4B2.e.999"}]}
RESULT: {"script":"<script> [56 bytes]","args":[{"element-6066-11e4-a52e-4f735466cecf":"f.26C60A8F778F936CD36A32719ACDBB72.d.871ACABA95BCC69CB9D55868D0DCA4B2.e.999","ELEMENT":"f.26C60A8F778F936CD36A32719ACDBB72.d.871ACABA95BCC69CB9D55868D0DCA4B2.e.999"}]}
COMMAND: POST /session/cee7cc2170e3ea1d9e5071364ff418c7/element - {"using":"xpath","value":"//span[@id=\"application-addressmanagement-display-component---detailAdm--addressDetailDetailsName2\"]"}
COMMAND: GET /session/cee7cc2170e3ea1d9e5071364ff418c7/screenshot - {}
RESULT: {"using":"xpath","value":"//span[@id=\"application-addressmanagement-display-component---detailAdm--addressDetailDetailsName2\"]"}
COMMAND: POST /session/cee7cc2170e3ea1d9e5071364ff418c7/execute/sync - {"script":"<script> [56 bytes]","args":[{"element-6066-11e4-a52e-4f735466cecf":"f.26C60A8F778F936CD36A32719ACDBB72.d.871ACABA95BCC69CB9D55868D0DCA4B2.e.1000","ELEMENT":"f.26C60A8F778F936CD36A32719ACDBB72.d.871ACABA95BCC69CB9D55868D0DCA4B2.e.1000"}]}
RESULT: {}
RESULT: {"script":"<script> [56 bytes]","args":[{"element-6066-11e4-a52e-4f735466cecf":"f.26C60A8F778F936CD36A32719ACDBB72.d.871ACABA95BCC69CB9D55868D0DCA4B2.e.1000","ELEMENT":"f.26C60A8F778F936CD36A32719ACDBB72.d.871ACABA95BCC69CB9D55868D0DCA4B2.e.1000"}]}
COMMAND: POST /session/cee7cc2170e3ea1d9e5071364ff418c7/element - {"using":"xpath","value":"//span[@id=\"application-addressmanagement-display-component---detailAdm--addressDetailDetailsLanguage\"]"}
COMMAND: GET /session/cee7cc2170e3ea1d9e5071364ff418c7/screenshot - {}
RESULT: {"using":"xpath","value":"//span[@id=\"application-addressmanagement-display-component---detailAdm--addressDetailDetailsLanguage\"]"}
COMMAND: POST /session/cee7cc2170e3ea1d9e5071364ff418c7/execute/sync - {"script":"<script> [56 bytes]","args":[{"element-6066-11e4-a52e-4f735466cecf":"f.26C60A8F778F936CD36A32719ACDBB72.d.871ACABA95BCC69CB9D55868D0DCA4B2.e.1001","ELEMENT":"f.26C60A8F778F936CD36A32719ACDBB72.d.871ACABA95BCC69CB9D55868D0DCA4B2.e.1001"}]}
RESULT: {}
RESULT: {"script":"<script> [56 bytes]","args":[{"element-6066-11e4-a52e-4f735466cecf":"f.26C60A8F778F936CD36A32719ACDBB72.d.871ACABA95BCC69CB9D55868D0DCA4B2.e.1001","ELEMENT":"f.26C60A8F778F936CD36A32719ACDBB72.d.871ACABA95BCC69CB9D55868D0DCA4B2.e.1001"}]}
COMMAND: POST /session/cee7cc2170e3ea1d9e5071364ff418c7/element - {"using":"xpath","value":"//span[@id=\"application-addressmanagement-display-component---detailAdm--addressDetailDetailsZip1\"]"}
COMMAND: GET /session/cee7cc2170e3ea1d9e5071364ff418c7/screenshot - {}
RESULT: {"using":"xpath","value":"//span[@id=\"application-addressmanagement-display-component---detailAdm--addressDetailDetailsZip1\"]"}
COMMAND: POST /session/cee7cc2170e3ea1d9e5071364ff418c7/execute/sync - {"script":"<script> [56 bytes]","args":[{"element-6066-11e4-a52e-4f735466cecf":"f.26C60A8F778F936CD36A32719ACDBB72.d.871ACABA95BCC69CB9D55868D0DCA4B2.e.1002","ELEMENT":"f.26C60A8F778F936CD36A32719ACDBB72.d.871ACABA95BCC69CB9D55868D0DCA4B2.e.1002"}]}
RESULT: {}
RESULT: {"script":"<script> [56 bytes]","args":[{"element-6066-11e4-a52e-4f735466cecf":"f.26C60A8F778F936CD36A32719ACDBB72.d.871ACABA95BCC69CB9D55868D0DCA4B2.e.1002","ELEMENT":"f.26C60A8F778F936CD36A32719ACDBB72.d.871ACABA95BCC69CB9D55868D0DCA4B2.e.1002"}]}
COMMAND: POST /session/cee7cc2170e3ea1d9e5071364ff418c7/element - {"using":"xpath","value":"//span[@id=\"application-addressmanagement-display-component---detailAdm--addressDetailContactsEmail\"]"}
COMMAND: GET /session/cee7cc2170e3ea1d9e5071364ff418c7/screenshot - {}
RESULT: {"using":"xpath","value":"//span[@id=\"application-addressmanagement-display-component---detailAdm--addressDetailContactsEmail\"]"}
COMMAND: POST /session/cee7cc2170e3ea1d9e5071364ff418c7/execute/sync - {"script":"<script> [56 bytes]","args":[{"element-6066-11e4-a52e-4f735466cecf":"f.26C60A8F778F936CD36A32719ACDBB72.d.871ACABA95BCC69CB9D55868D0DCA4B2.e.1003","ELEMENT":"f.26C60A8F778F936CD36A32719ACDBB72.d.871ACABA95BCC69CB9D55868D0DCA4B2.e.1003"}]}
RESULT: {}
RESULT: {"script":"<script> [56 bytes]","args":[{"element-6066-11e4-a52e-4f735466cecf":"f.26C60A8F778F936CD36A32719ACDBB72.d.871ACABA95BCC69CB9D55868D0DCA4B2.e.1003","ELEMENT":"f.26C60A8F778F936CD36A32719ACDBB72.d.871ACABA95BCC69CB9D55868D0DCA4B2.e.1003"}]}
COMMAND: POST /session/cee7cc2170e3ea1d9e5071364ff418c7/element - {"using":"xpath","value":"//span[@id=\"application-addressmanagement-display-component---detailAdm--addressUserJobTitle\"]"}
COMMAND: GET /session/cee7cc2170e3ea1d9e5071364ff418c7/screenshot - {}
RESULT: {"using":"xpath","value":"//span[@id=\"application-addressmanagement-display-component---detailAdm--addressUserJobTitle\"]"}
COMMAND: POST /session/cee7cc2170e3ea1d9e5071364ff418c7/execute/sync - {"script":"<script> [56 bytes]","args":[{"element-6066-11e4-a52e-4f735466cecf":"f.26C60A8F778F936CD36A32719ACDBB72.d.871ACABA95BCC69CB9D55868D0DCA4B2.e.1004","ELEMENT":"f.26C60A8F778F936CD36A32719ACDBB72.d.871ACABA95BCC69CB9D55868D0DCA4B2.e.1004"}]}
RESULT: {}
RESULT: {"script":"<script> [56 bytes]","args":[{"element-6066-11e4-a52e-4f735466cecf":"f.26C60A8F778F936CD36A32719ACDBB72.d.871ACABA95BCC69CB9D55868D0DCA4B2.e.1004","ELEMENT":"f.26C60A8F778F936CD36A32719ACDBB72.d.871ACABA95BCC69CB9D55868D0DCA4B2.e.1004"}]}
COMMAND: POST /session/cee7cc2170e3ea1d9e5071364ff418c7/element - {"using":"xpath","value":"//span[contains(@class, \"sapMTokenText\") and text()=\"testyTag1\"]"}
COMMAND: GET /session/cee7cc2170e3ea1d9e5071364ff418c7/screenshot - {}
RESULT: {"using":"xpath","value":"//span[contains(@class, \"sapMTokenText\") and text()=\"testyTag1\"]"}
COMMAND: POST /session/cee7cc2170e3ea1d9e5071364ff418c7/element - {"using":"xpath","value":"//span[contains(@class, \"sapMTokenText\") and text()=\"taggyTag2\"]"}
RESULT: {}
RESULT: {"using":"xpath","value":"//span[contains(@class, \"sapMTokenText\") and text()=\"taggyTag2\"]"}
COMMAND: POST /session/cee7cc2170e3ea1d9e5071364ff418c7/elements - {"using":"xpath","value":"//span[contains(@class, \"sapMTokenText\") and text()=\"testyTag1\"]"}
RESULT: {"using":"xpath","value":"//span[contains(@class, \"sapMTokenText\") and text()=\"testyTag1\"]"}
COMMAND: POST /session/cee7cc2170e3ea1d9e5071364ff418c7/elements - {"using":"xpath","value":"//span[contains(@class, \"sapMTokenText\") and text()=\"taggyTag2\"]"}
RESULT: {"using":"xpath","value":"//span[contains(@class, \"sapMTokenText\") and text()=\"taggyTag2\"]"}
COMMAND: POST /session/cee7cc2170e3ea1d9e5071364ff418c7/element - {"using":"css selector","value":"#shell-header-logo"}
RESULT: {"using":"css selector","value":"#shell-header-logo"}
COMMAND: POST /session/cee7cc2170e3ea1d9e5071364ff418c7/element/f.26C60A8F778F936CD36A32719ACDBB72.d.871ACABA95BCC69CB9D55868D0DCA4B2.e.717/click - {}
RESULT: {}
COMMAND: GET /session/cee7cc2170e3ea1d9e5071364ff418c7/screenshot - {}
RESULT: {}
]]></system-out>
    </testcase>
    <testcase classname="chrome.142_0_7444_60.windows.Address_Management_Tests_US173921_US156181_US151165_US151160_US156180_US156178_US151157_US151172_US151170_US151166_US151168" name="Step 5 Should verify filters US151157" time="103.309">
      <system-out><![CDATA[
RESULT: undefined
COMMAND: POST /session/cee7cc2170e3ea1d9e5071364ff418c7/element - {"using":"xpath","value":"//*[@id=\"__tile34\"]"}
RESULT: {"using":"xpath","value":"//*[@id=\"__tile34\"]"}
COMMAND: POST /session/cee7cc2170e3ea1d9e5071364ff418c7/element/f.26C60A8F778F936CD36A32719ACDBB72.d.871ACABA95BCC69CB9D55868D0DCA4B2.e.209/click - {}
RESULT: {}
COMMAND: GET /session/cee7cc2170e3ea1d9e5071364ff418c7/screenshot - {}
COMMAND: POST /session/cee7cc2170e3ea1d9e5071364ff418c7/elements - {"using":"xpath","value":"//span[text()='Error']"}
RESULT: {}
RESULT: {"using":"xpath","value":"//span[text()='Error']"}
COMMAND: POST /session/cee7cc2170e3ea1d9e5071364ff418c7/element - {"using":"xpath","value":"//button[@data-kt=\"addButton\"]"}
RESULT: {"using":"xpath","value":"//button[@data-kt=\"addButton\"]"}
COMMAND: POST /session/cee7cc2170e3ea1d9e5071364ff418c7/elements - {"using":"xpath","value":"//button[@data-kt=\"addButton\"]"}
RESULT: {"using":"xpath","value":"//button[@data-kt=\"addButton\"]"}
COMMAND: POST /session/cee7cc2170e3ea1d9e5071364ff418c7/execute/sync - {"script":"<script> [8489 bytes]","args":[{"element-6066-11e4-a52e-4f735466cecf":"f.26C60A8F778F936CD36A32719ACDBB72.d.871ACABA95BCC69CB9D55868D0DCA4B2.e.1069","ELEMENT":"f.26C60A8F778F936CD36A32719ACDBB72.d.871ACABA95BCC69CB9D55868D0DCA4B2.e.1069"}]}
RESULT: {"script":"<script> [8489 bytes]","args":[{"element-6066-11e4-a52e-4f735466cecf":"f.26C60A8F778F936CD36A32719ACDBB72.d.871ACABA95BCC69CB9D55868D0DCA4B2.e.1069","ELEMENT":"f.26C60A8F778F936CD36A32719ACDBB72.d.871ACABA95BCC69CB9D55868D0DCA4B2.e.1069"}]}
COMMAND: GET /session/cee7cc2170e3ea1d9e5071364ff418c7/element/f.26C60A8F778F936CD36A32719ACDBB72.d.871ACABA95BCC69CB9D55868D0DCA4B2.e.1069/enabled - {}
COMMAND: GET /session/cee7cc2170e3ea1d9e5071364ff418c7/screenshot - {}
RESULT: {}
COMMAND: POST /session/cee7cc2170e3ea1d9e5071364ff418c7/execute/sync - {"script":"<script> [8489 bytes]","args":[{"element-6066-11e4-a52e-4f735466cecf":"f.26C60A8F778F936CD36A32719ACDBB72.d.871ACABA95BCC69CB9D55868D0DCA4B2.e.1069","ELEMENT":"f.26C60A8F778F936CD36A32719ACDBB72.d.871ACABA95BCC69CB9D55868D0DCA4B2.e.1069"}]}
COMMAND: GET /session/cee7cc2170e3ea1d9e5071364ff418c7/screenshot - {}
RESULT: {}
RESULT: {"script":"<script> [8489 bytes]","args":[{"element-6066-11e4-a52e-4f735466cecf":"f.26C60A8F778F936CD36A32719ACDBB72.d.871ACABA95BCC69CB9D55868D0DCA4B2.e.1069","ELEMENT":"f.26C60A8F778F936CD36A32719ACDBB72.d.871ACABA95BCC69CB9D55868D0DCA4B2.e.1069"}]}
COMMAND: POST /session/cee7cc2170e3ea1d9e5071364ff418c7/execute/sync - {"script":"<script> [5351 bytes]","args":[{"element-6066-11e4-a52e-4f735466cecf":"f.26C60A8F778F936CD36A32719ACDBB72.d.871ACABA95BCC69CB9D55868D0DCA4B2.e.1069","ELEMENT":"f.26C60A8F778F936CD36A32719ACDBB72.d.871ACABA95BCC69CB9D55868D0DCA4B2.e.1069"}]}
COMMAND: GET /session/cee7cc2170e3ea1d9e5071364ff418c7/screenshot - {}
RESULT: {}
RESULT: {"script":"<script> [5351 bytes]","args":[{"element-6066-11e4-a52e-4f735466cecf":"f.26C60A8F778F936CD36A32719ACDBB72.d.871ACABA95BCC69CB9D55868D0DCA4B2.e.1069","ELEMENT":"f.26C60A8F778F936CD36A32719ACDBB72.d.871ACABA95BCC69CB9D55868D0DCA4B2.e.1069"}]}
COMMAND: GET /session/cee7cc2170e3ea1d9e5071364ff418c7/screenshot - {}
RESULT: {}
RESULT: {}
COMMAND: POST /session/cee7cc2170e3ea1d9e5071364ff418c7/element - {"using":"xpath","value":"//span[contains(@id,\"masterAdm--smartTable-header-inner\")]"}
RESULT: {"using":"xpath","value":"//span[contains(@id,\"masterAdm--smartTable-header-inner\")]"}
COMMAND: POST /session/cee7cc2170e3ea1d9e5071364ff418c7/elements - {"using":"xpath","value":"//span[contains(@id,\"masterAdm--smartTable-header-inner\")]"}
RESULT: {"using":"xpath","value":"//span[contains(@id,\"masterAdm--smartTable-header-inner\")]"}
COMMAND: POST /session/cee7cc2170e3ea1d9e5071364ff418c7/execute/sync - {"script":"<script> [56 bytes]","args":[{"element-6066-11e4-a52e-4f735466cecf":"f.26C60A8F778F936CD36A32719ACDBB72.d.871ACABA95BCC69CB9D55868D0DCA4B2.e.1097","ELEMENT":"f.26C60A8F778F936CD36A32719ACDBB72.d.871ACABA95BCC69CB9D55868D0DCA4B2.e.1097"}]}
RESULT: {"script":"<script> [56 bytes]","args":[{"element-6066-11e4-a52e-4f735466cecf":"f.26C60A8F778F936CD36A32719ACDBB72.d.871ACABA95BCC69CB9D55868D0DCA4B2.e.1097","ELEMENT":"f.26C60A8F778F936CD36A32719ACDBB72.d.871ACABA95BCC69CB9D55868D0DCA4B2.e.1097"}]}
COMMAND: POST /session/cee7cc2170e3ea1d9e5071364ff418c7/element - {"using":"xpath","value":"//span[@id=\"application-addressmanagement-display-component---masterAdm--smartFilterBar-filterItemControl_BASIC-COUNTRY-vhi\"]"}
COMMAND: GET /session/cee7cc2170e3ea1d9e5071364ff418c7/screenshot - {}
RESULT: {"using":"xpath","value":"//span[@id=\"application-addressmanagement-display-component---masterAdm--smartFilterBar-filterItemControl_BASIC-COUNTRY-vhi\"]"}
COMMAND: POST /session/cee7cc2170e3ea1d9e5071364ff418c7/element/f.26C60A8F778F936CD36A32719ACDBB72.d.871ACABA95BCC69CB9D55868D0DCA4B2.e.1098/click - {}
RESULT: {}
RESULT: {}
COMMAND: GET /session/cee7cc2170e3ea1d9e5071364ff418c7/screenshot - {}
RESULT: {}
COMMAND: POST /session/cee7cc2170e3ea1d9e5071364ff418c7/element - {"using":"xpath","value":"//input[@id=\"application-addressmanagement-display-component---masterAdm--smartFilterBar-filterItemControl_BASIC-COUNTRY-valueHelpDialog-smartFilterBar-btnBasicSearch-I\"]"}
RESULT: {"using":"xpath","value":"//input[@id=\"application-addressmanagement-display-component---masterAdm--smartFilterBar-filterItemControl_BASIC-COUNTRY-valueHelpDialog-smartFilterBar-btnBasicSearch-I\"]"}
COMMAND: POST /session/cee7cc2170e3ea1d9e5071364ff418c7/element/f.26C60A8F778F936CD36A32719ACDBB72.d.871ACABA95BCC69CB9D55868D0DCA4B2.e.1201/clear - {}
RESULT: {}
COMMAND: POST /session/cee7cc2170e3ea1d9e5071364ff418c7/element/f.26C60A8F778F936CD36A32719ACDBB72.d.871ACABA95BCC69CB9D55868D0DCA4B2.e.1201/value - {"text":"Romania"}
COMMAND: GET /session/cee7cc2170e3ea1d9e5071364ff418c7/screenshot - {}
RESULT: {"text":"Romania"}
COMMAND: GET /session/cee7cc2170e3ea1d9e5071364ff418c7/screenshot - {}
RESULT: {}
RESULT: {}
COMMAND: POST /session/cee7cc2170e3ea1d9e5071364ff418c7/actions - {"actions":[{"id":"action7","type":"key","parameters":{},"actions":[{"type":"keyDown","value":""},{"type":"pause","duration":10},{"type":"keyUp","value":""}]}]}
RESULT: {"actions":[{"id":"action7","type":"key","parameters":{},"actions":[{"type":"keyDown","value":""},{"type":"pause","duration":10},{"type":"keyUp","value":""}]}]}
COMMAND: GET /session/cee7cc2170e3ea1d9e5071364ff418c7/screenshot - {}
RESULT: {}
COMMAND: POST /session/cee7cc2170e3ea1d9e5071364ff418c7/elements - {"using":"xpath","value":"//table[contains(@id, \"smartFilterBar-filterItemControl_BASIC-COUNTRY-valueHelpDialog-table-table\")]/tbody/tr"}
RESULT: {"using":"xpath","value":"//table[contains(@id, \"smartFilterBar-filterItemControl_BASIC-COUNTRY-valueHelpDialog-table-table\")]/tbody/tr"}
COMMAND: POST /session/cee7cc2170e3ea1d9e5071364ff418c7/element/f.26C60A8F778F936CD36A32719ACDBB72.d.871ACABA95BCC69CB9D55868D0DCA4B2.e.1207/elements - {"using":"css selector","value":"td"}
RESULT: {"using":"css selector","value":"td"}
COMMAND: GET /session/cee7cc2170e3ea1d9e5071364ff418c7/element/f.26C60A8F778F936CD36A32719ACDBB72.d.871ACABA95BCC69CB9D55868D0DCA4B2.e.1217/text - {}
RESULT: {}
COMMAND: POST /session/cee7cc2170e3ea1d9e5071364ff418c7/element - {"using":"xpath","value":"//div[contains(@id, \"filterItemControl_BASIC-COUNTRY-valueHelpDialog-table-rowsel0\")]"}
RESULT: {"using":"xpath","value":"//div[contains(@id, \"filterItemControl_BASIC-COUNTRY-valueHelpDialog-table-rowsel0\")]"}
COMMAND: POST /session/cee7cc2170e3ea1d9e5071364ff418c7/element/f.26C60A8F778F936CD36A32719ACDBB72.d.871ACABA95BCC69CB9D55868D0DCA4B2.e.1220/click - {}
RESULT: {}
COMMAND: GET /session/cee7cc2170e3ea1d9e5071364ff418c7/screenshot - {}
RESULT: {}
COMMAND: POST /session/cee7cc2170e3ea1d9e5071364ff418c7/element - {"using":"xpath","value":"//button[contains(@id,\"BASIC-COUNTRY-valueHelpDialog-ok\")]"}
RESULT: {"using":"xpath","value":"//button[contains(@id,\"BASIC-COUNTRY-valueHelpDialog-ok\")]"}
COMMAND: POST /session/cee7cc2170e3ea1d9e5071364ff418c7/element/f.26C60A8F778F936CD36A32719ACDBB72.d.871ACABA95BCC69CB9D55868D0DCA4B2.e.1222/click - {}
RESULT: {}
COMMAND: GET /session/cee7cc2170e3ea1d9e5071364ff418c7/screenshot - {}
RESULT: {}
COMMAND: POST /session/cee7cc2170e3ea1d9e5071364ff418c7/element - {"using":"xpath","value":"//span[contains(@id,\"masterAdm--smartTable-header-inner\")]"}
RESULT: {"using":"xpath","value":"//span[contains(@id,\"masterAdm--smartTable-header-inner\")]"}
COMMAND: POST /session/cee7cc2170e3ea1d9e5071364ff418c7/elements - {"using":"xpath","value":"//span[contains(@id,\"masterAdm--smartTable-header-inner\")]"}
RESULT: {"using":"xpath","value":"//span[contains(@id,\"masterAdm--smartTable-header-inner\")]"}
COMMAND: POST /session/cee7cc2170e3ea1d9e5071364ff418c7/execute/sync - {"script":"<script> [56 bytes]","args":[{"element-6066-11e4-a52e-4f735466cecf":"f.26C60A8F778F936CD36A32719ACDBB72.d.871ACABA95BCC69CB9D55868D0DCA4B2.e.1097","ELEMENT":"f.26C60A8F778F936CD36A32719ACDBB72.d.871ACABA95BCC69CB9D55868D0DCA4B2.e.1097"}]}
RESULT: {"script":"<script> [56 bytes]","args":[{"element-6066-11e4-a52e-4f735466cecf":"f.26C60A8F778F936CD36A32719ACDBB72.d.871ACABA95BCC69CB9D55868D0DCA4B2.e.1097","ELEMENT":"f.26C60A8F778F936CD36A32719ACDBB72.d.871ACABA95BCC69CB9D55868D0DCA4B2.e.1097"}]}
COMMAND: POST /session/cee7cc2170e3ea1d9e5071364ff418c7/element - {"using":"xpath","value":"//span[contains(@title, \"Remove\")]"}
COMMAND: GET /session/cee7cc2170e3ea1d9e5071364ff418c7/screenshot - {}
RESULT: {}
RESULT: {"using":"xpath","value":"//span[contains(@title, \"Remove\")]"}
COMMAND: POST /session/cee7cc2170e3ea1d9e5071364ff418c7/element/f.26C60A8F778F936CD36A32719ACDBB72.d.871ACABA95BCC69CB9D55868D0DCA4B2.e.1290/click - {}
RESULT: {}
COMMAND: GET /session/cee7cc2170e3ea1d9e5071364ff418c7/screenshot - {}
RESULT: {}
COMMAND: POST /session/cee7cc2170e3ea1d9e5071364ff418c7/element - {"using":"xpath","value":"//span[contains(@id,\"masterAdm--smartTable-header-inner\")]"}
RESULT: {"using":"xpath","value":"//span[contains(@id,\"masterAdm--smartTable-header-inner\")]"}
COMMAND: POST /session/cee7cc2170e3ea1d9e5071364ff418c7/elements - {"using":"xpath","value":"//span[contains(@id,\"masterAdm--smartTable-header-inner\")]"}
RESULT: {"using":"xpath","value":"//span[contains(@id,\"masterAdm--smartTable-header-inner\")]"}
COMMAND: POST /session/cee7cc2170e3ea1d9e5071364ff418c7/execute/sync - {"script":"<script> [56 bytes]","args":[{"element-6066-11e4-a52e-4f735466cecf":"f.26C60A8F778F936CD36A32719ACDBB72.d.871ACABA95BCC69CB9D55868D0DCA4B2.e.1097","ELEMENT":"f.26C60A8F778F936CD36A32719ACDBB72.d.871ACABA95BCC69CB9D55868D0DCA4B2.e.1097"}]}
RESULT: {"script":"<script> [56 bytes]","args":[{"element-6066-11e4-a52e-4f735466cecf":"f.26C60A8F778F936CD36A32719ACDBB72.d.871ACABA95BCC69CB9D55868D0DCA4B2.e.1097","ELEMENT":"f.26C60A8F778F936CD36A32719ACDBB72.d.871ACABA95BCC69CB9D55868D0DCA4B2.e.1097"}]}
COMMAND: POST /session/cee7cc2170e3ea1d9e5071364ff418c7/element - {"using":"xpath","value":"//span[@id=\"application-addressmanagement-display-component---masterAdm--smartFilterBar-filterItemControl_BASIC-COUNTRY-vhi\"]"}
COMMAND: GET /session/cee7cc2170e3ea1d9e5071364ff418c7/screenshot - {}
RESULT: {"using":"xpath","value":"//span[@id=\"application-addressmanagement-display-component---masterAdm--smartFilterBar-filterItemControl_BASIC-COUNTRY-vhi\"]"}
COMMAND: POST /session/cee7cc2170e3ea1d9e5071364ff418c7/element/f.26C60A8F778F936CD36A32719ACDBB72.d.871ACABA95BCC69CB9D55868D0DCA4B2.e.1098/click - {}
RESULT: {}
RESULT: {}
COMMAND: GET /session/cee7cc2170e3ea1d9e5071364ff418c7/screenshot - {}
RESULT: {}
COMMAND: POST /session/cee7cc2170e3ea1d9e5071364ff418c7/element - {"using":"xpath","value":"//input[@id=\"application-addressmanagement-display-component---masterAdm--smartFilterBar-filterItemControl_BASIC-COUNTRY-valueHelpDialog-smartFilterBar-btnBasicSearch-I\"]"}
RESULT: {"using":"xpath","value":"//input[@id=\"application-addressmanagement-display-component---masterAdm--smartFilterBar-filterItemControl_BASIC-COUNTRY-valueHelpDialog-smartFilterBar-btnBasicSearch-I\"]"}
COMMAND: POST /session/cee7cc2170e3ea1d9e5071364ff418c7/element/f.26C60A8F778F936CD36A32719ACDBB72.d.871ACABA95BCC69CB9D55868D0DCA4B2.e.1366/clear - {}
RESULT: {}
COMMAND: POST /session/cee7cc2170e3ea1d9e5071364ff418c7/element/f.26C60A8F778F936CD36A32719ACDBB72.d.871ACABA95BCC69CB9D55868D0DCA4B2.e.1366/value - {"text":"Romania"}
COMMAND: GET /session/cee7cc2170e3ea1d9e5071364ff418c7/screenshot - {}
RESULT: {"text":"Romania"}
COMMAND: GET /session/cee7cc2170e3ea1d9e5071364ff418c7/screenshot - {}
RESULT: {}
RESULT: {}
COMMAND: POST /session/cee7cc2170e3ea1d9e5071364ff418c7/actions - {"actions":[{"id":"action8","type":"key","parameters":{},"actions":[{"type":"keyDown","value":""},{"type":"pause","duration":10},{"type":"keyUp","value":""}]}]}
RESULT: {"actions":[{"id":"action8","type":"key","parameters":{},"actions":[{"type":"keyDown","value":""},{"type":"pause","duration":10},{"type":"keyUp","value":""}]}]}
COMMAND: GET /session/cee7cc2170e3ea1d9e5071364ff418c7/screenshot - {}
RESULT: {}
COMMAND: POST /session/cee7cc2170e3ea1d9e5071364ff418c7/elements - {"using":"xpath","value":"//table[contains(@id, \"smartFilterBar-filterItemControl_BASIC-COUNTRY-valueHelpDialog-table-table\")]/tbody/tr"}
RESULT: {"using":"xpath","value":"//table[contains(@id, \"smartFilterBar-filterItemControl_BASIC-COUNTRY-valueHelpDialog-table-table\")]/tbody/tr"}
COMMAND: POST /session/cee7cc2170e3ea1d9e5071364ff418c7/element/f.26C60A8F778F936CD36A32719ACDBB72.d.871ACABA95BCC69CB9D55868D0DCA4B2.e.1372/elements - {"using":"css selector","value":"td"}
RESULT: {"using":"css selector","value":"td"}
COMMAND: GET /session/cee7cc2170e3ea1d9e5071364ff418c7/element/f.26C60A8F778F936CD36A32719ACDBB72.d.871ACABA95BCC69CB9D55868D0DCA4B2.e.1382/text - {}
RESULT: {}
COMMAND: POST /session/cee7cc2170e3ea1d9e5071364ff418c7/element - {"using":"xpath","value":"//div[contains(@id, \"filterItemControl_BASIC-COUNTRY-valueHelpDialog-table-rowsel0\")]"}
RESULT: {"using":"xpath","value":"//div[contains(@id, \"filterItemControl_BASIC-COUNTRY-valueHelpDialog-table-rowsel0\")]"}
COMMAND: POST /session/cee7cc2170e3ea1d9e5071364ff418c7/element/f.26C60A8F778F936CD36A32719ACDBB72.d.871ACABA95BCC69CB9D55868D0DCA4B2.e.1385/click - {}
RESULT: {}
COMMAND: GET /session/cee7cc2170e3ea1d9e5071364ff418c7/screenshot - {}
RESULT: {}
COMMAND: POST /session/cee7cc2170e3ea1d9e5071364ff418c7/element - {"using":"xpath","value":"//button[contains(@id,\"BASIC-COUNTRY-valueHelpDialog-ok\")]"}
RESULT: {"using":"xpath","value":"//button[contains(@id,\"BASIC-COUNTRY-valueHelpDialog-ok\")]"}
COMMAND: POST /session/cee7cc2170e3ea1d9e5071364ff418c7/element/f.26C60A8F778F936CD36A32719ACDBB72.d.871ACABA95BCC69CB9D55868D0DCA4B2.e.1387/click - {}
RESULT: {}
COMMAND: GET /session/cee7cc2170e3ea1d9e5071364ff418c7/screenshot - {}
RESULT: {}
COMMAND: POST /session/cee7cc2170e3ea1d9e5071364ff418c7/element - {"using":"xpath","value":"//span[@id=\"application-addressmanagement-display-component---masterAdm--smartFilterBar-filterItemControl_BASIC-COUNTRY-vhi\"]"}
RESULT: {"using":"xpath","value":"//span[@id=\"application-addressmanagement-display-component---masterAdm--smartFilterBar-filterItemControl_BASIC-COUNTRY-vhi\"]"}
COMMAND: POST /session/cee7cc2170e3ea1d9e5071364ff418c7/element/f.26C60A8F778F936CD36A32719ACDBB72.d.871ACABA95BCC69CB9D55868D0DCA4B2.e.1098/click - {}
RESULT: {}
COMMAND: GET /session/cee7cc2170e3ea1d9e5071364ff418c7/screenshot - {}
RESULT: {}
COMMAND: POST /session/cee7cc2170e3ea1d9e5071364ff418c7/element - {"using":"xpath","value":"//input[@id=\"application-addressmanagement-display-component---masterAdm--smartFilterBar-filterItemControl_BASIC-COUNTRY-valueHelpDialog-smartFilterBar-btnBasicSearch-I\"]"}
RESULT: {"using":"xpath","value":"//input[@id=\"application-addressmanagement-display-component---masterAdm--smartFilterBar-filterItemControl_BASIC-COUNTRY-valueHelpDialog-smartFilterBar-btnBasicSearch-I\"]"}
COMMAND: POST /session/cee7cc2170e3ea1d9e5071364ff418c7/element/f.26C60A8F778F936CD36A32719ACDBB72.d.871ACABA95BCC69CB9D55868D0DCA4B2.e.1426/clear - {}
RESULT: {}
COMMAND: POST /session/cee7cc2170e3ea1d9e5071364ff418c7/element/f.26C60A8F778F936CD36A32719ACDBB72.d.871ACABA95BCC69CB9D55868D0DCA4B2.e.1426/value - {"text":"Argentina"}
COMMAND: GET /session/cee7cc2170e3ea1d9e5071364ff418c7/screenshot - {}
RESULT: {"text":"Argentina"}
COMMAND: GET /session/cee7cc2170e3ea1d9e5071364ff418c7/screenshot - {}
RESULT: {}
RESULT: {}
COMMAND: POST /session/cee7cc2170e3ea1d9e5071364ff418c7/actions - {"actions":[{"id":"action9","type":"key","parameters":{},"actions":[{"type":"keyDown","value":""},{"type":"pause","duration":10},{"type":"keyUp","value":""}]}]}
RESULT: {"actions":[{"id":"action9","type":"key","parameters":{},"actions":[{"type":"keyDown","value":""},{"type":"pause","duration":10},{"type":"keyUp","value":""}]}]}
COMMAND: GET /session/cee7cc2170e3ea1d9e5071364ff418c7/screenshot - {}
RESULT: {}
COMMAND: POST /session/cee7cc2170e3ea1d9e5071364ff418c7/elements - {"using":"xpath","value":"//table[contains(@id, \"smartFilterBar-filterItemControl_BASIC-COUNTRY-valueHelpDialog-table-table\")]/tbody/tr"}
RESULT: {"using":"xpath","value":"//table[contains(@id, \"smartFilterBar-filterItemControl_BASIC-COUNTRY-valueHelpDialog-table-table\")]/tbody/tr"}
COMMAND: POST /session/cee7cc2170e3ea1d9e5071364ff418c7/element/f.26C60A8F778F936CD36A32719ACDBB72.d.871ACABA95BCC69CB9D55868D0DCA4B2.e.1431/elements - {"using":"css selector","value":"td"}
RESULT: {"using":"css selector","value":"td"}
COMMAND: GET /session/cee7cc2170e3ea1d9e5071364ff418c7/element/f.26C60A8F778F936CD36A32719ACDBB72.d.871ACABA95BCC69CB9D55868D0DCA4B2.e.1441/text - {}
RESULT: {}
COMMAND: POST /session/cee7cc2170e3ea1d9e5071364ff418c7/element - {"using":"xpath","value":"//div[contains(@id, \"filterItemControl_BASIC-COUNTRY-valueHelpDialog-table-rowsel0\")]"}
RESULT: {"using":"xpath","value":"//div[contains(@id, \"filterItemControl_BASIC-COUNTRY-valueHelpDialog-table-rowsel0\")]"}
COMMAND: POST /session/cee7cc2170e3ea1d9e5071364ff418c7/element/f.26C60A8F778F936CD36A32719ACDBB72.d.871ACABA95BCC69CB9D55868D0DCA4B2.e.1444/click - {}
RESULT: {}
COMMAND: GET /session/cee7cc2170e3ea1d9e5071364ff418c7/screenshot - {}
RESULT: {}
COMMAND: POST /session/cee7cc2170e3ea1d9e5071364ff418c7/element - {"using":"xpath","value":"//button[contains(@id,\"BASIC-COUNTRY-valueHelpDialog-ok\")]"}
RESULT: {"using":"xpath","value":"//button[contains(@id,\"BASIC-COUNTRY-valueHelpDialog-ok\")]"}
COMMAND: POST /session/cee7cc2170e3ea1d9e5071364ff418c7/element/f.26C60A8F778F936CD36A32719ACDBB72.d.871ACABA95BCC69CB9D55868D0DCA4B2.e.1445/click - {}
RESULT: {}
COMMAND: GET /session/cee7cc2170e3ea1d9e5071364ff418c7/screenshot - {}
RESULT: {}
COMMAND: POST /session/cee7cc2170e3ea1d9e5071364ff418c7/element - {"using":"xpath","value":"//span[contains(@id,\"masterAdm--smartTable-header-inner\")]"}
RESULT: {"using":"xpath","value":"//span[contains(@id,\"masterAdm--smartTable-header-inner\")]"}
COMMAND: POST /session/cee7cc2170e3ea1d9e5071364ff418c7/elements - {"using":"xpath","value":"//span[contains(@id,\"masterAdm--smartTable-header-inner\")]"}
RESULT: {"using":"xpath","value":"//span[contains(@id,\"masterAdm--smartTable-header-inner\")]"}
COMMAND: POST /session/cee7cc2170e3ea1d9e5071364ff418c7/execute/sync - {"script":"<script> [56 bytes]","args":[{"element-6066-11e4-a52e-4f735466cecf":"f.26C60A8F778F936CD36A32719ACDBB72.d.871ACABA95BCC69CB9D55868D0DCA4B2.e.1097","ELEMENT":"f.26C60A8F778F936CD36A32719ACDBB72.d.871ACABA95BCC69CB9D55868D0DCA4B2.e.1097"}]}
RESULT: {"script":"<script> [56 bytes]","args":[{"element-6066-11e4-a52e-4f735466cecf":"f.26C60A8F778F936CD36A32719ACDBB72.d.871ACABA95BCC69CB9D55868D0DCA4B2.e.1097","ELEMENT":"f.26C60A8F778F936CD36A32719ACDBB72.d.871ACABA95BCC69CB9D55868D0DCA4B2.e.1097"}]}
COMMAND: POST /session/cee7cc2170e3ea1d9e5071364ff418c7/element - {"using":"xpath","value":"//span[@id=\"application-addressmanagement-display-component---masterAdm--smartFilterBar-filterItemControl_BASIC-NAME-vhi\"]"}
COMMAND: GET /session/cee7cc2170e3ea1d9e5071364ff418c7/screenshot - {}
RESULT: {"using":"xpath","value":"//span[@id=\"application-addressmanagement-display-component---masterAdm--smartFilterBar-filterItemControl_BASIC-NAME-vhi\"]"}
COMMAND: POST /session/cee7cc2170e3ea1d9e5071364ff418c7/element/f.26C60A8F778F936CD36A32719ACDBB72.d.871ACABA95BCC69CB9D55868D0DCA4B2.e.1448/click - {}
RESULT: {}
RESULT: {}
COMMAND: GET /session/cee7cc2170e3ea1d9e5071364ff418c7/screenshot - {}
RESULT: {}
COMMAND: POST /session/cee7cc2170e3ea1d9e5071364ff418c7/element - {"using":"xpath","value":"//input[@placeholder=\"Value\"]"}
RESULT: {"using":"xpath","value":"//input[@placeholder=\"Value\"]"}
COMMAND: POST /session/cee7cc2170e3ea1d9e5071364ff418c7/element/f.26C60A8F778F936CD36A32719ACDBB72.d.871ACABA95BCC69CB9D55868D0DCA4B2.e.1469/clear - {}
RESULT: {}
COMMAND: POST /session/cee7cc2170e3ea1d9e5071364ff418c7/element/f.26C60A8F778F936CD36A32719ACDBB72.d.871ACABA95BCC69CB9D55868D0DCA4B2.e.1469/value - {"text":"Test"}
COMMAND: GET /session/cee7cc2170e3ea1d9e5071364ff418c7/screenshot - {}
RESULT: {"text":"Test"}
COMMAND: GET /session/cee7cc2170e3ea1d9e5071364ff418c7/screenshot - {}
RESULT: {}
RESULT: {}
COMMAND: POST /session/cee7cc2170e3ea1d9e5071364ff418c7/actions - {"actions":[{"id":"action10","type":"key","parameters":{},"actions":[{"type":"keyDown","value":""},{"type":"pause","duration":10},{"type":"keyUp","value":""}]}]}
RESULT: {"actions":[{"id":"action10","type":"key","parameters":{},"actions":[{"type":"keyDown","value":""},{"type":"pause","duration":10},{"type":"keyUp","value":""}]}]}
COMMAND: GET /session/cee7cc2170e3ea1d9e5071364ff418c7/screenshot - {}
RESULT: {}
COMMAND: POST /session/cee7cc2170e3ea1d9e5071364ff418c7/element - {"using":"xpath","value":"//button[contains(@id,\"BASIC-NAME-valueHelpDialog-ok\")]"}
RESULT: {"using":"xpath","value":"//button[contains(@id,\"BASIC-NAME-valueHelpDialog-ok\")]"}
COMMAND: POST /session/cee7cc2170e3ea1d9e5071364ff418c7/element/f.26C60A8F778F936CD36A32719ACDBB72.d.871ACABA95BCC69CB9D55868D0DCA4B2.e.1474/click - {}
RESULT: {}
COMMAND: GET /session/cee7cc2170e3ea1d9e5071364ff418c7/screenshot - {}
RESULT: {}
COMMAND: POST /session/cee7cc2170e3ea1d9e5071364ff418c7/element - {"using":"xpath","value":"//span[contains(@id,\"masterAdm--smartTable-header-inner\")]"}
RESULT: {"using":"xpath","value":"//span[contains(@id,\"masterAdm--smartTable-header-inner\")]"}
COMMAND: POST /session/cee7cc2170e3ea1d9e5071364ff418c7/elements - {"using":"xpath","value":"//span[contains(@id,\"masterAdm--smartTable-header-inner\")]"}
RESULT: {"using":"xpath","value":"//span[contains(@id,\"masterAdm--smartTable-header-inner\")]"}
COMMAND: POST /session/cee7cc2170e3ea1d9e5071364ff418c7/execute/sync - {"script":"<script> [56 bytes]","args":[{"element-6066-11e4-a52e-4f735466cecf":"f.26C60A8F778F936CD36A32719ACDBB72.d.871ACABA95BCC69CB9D55868D0DCA4B2.e.1097","ELEMENT":"f.26C60A8F778F936CD36A32719ACDBB72.d.871ACABA95BCC69CB9D55868D0DCA4B2.e.1097"}]}
RESULT: {"script":"<script> [56 bytes]","args":[{"element-6066-11e4-a52e-4f735466cecf":"f.26C60A8F778F936CD36A32719ACDBB72.d.871ACABA95BCC69CB9D55868D0DCA4B2.e.1097","ELEMENT":"f.26C60A8F778F936CD36A32719ACDBB72.d.871ACABA95BCC69CB9D55868D0DCA4B2.e.1097"}]}
COMMAND: POST /session/cee7cc2170e3ea1d9e5071364ff418c7/element - {"using":"xpath","value":"//span[contains(@title, \"Remove\")]"}
COMMAND: GET /session/cee7cc2170e3ea1d9e5071364ff418c7/screenshot - {}
RESULT: {"using":"xpath","value":"//span[contains(@title, \"Remove\")]"}
COMMAND: POST /session/cee7cc2170e3ea1d9e5071364ff418c7/element/f.26C60A8F778F936CD36A32719ACDBB72.d.871ACABA95BCC69CB9D55868D0DCA4B2.e.1574/click - {}
RESULT: {}
RESULT: {}
COMMAND: GET /session/cee7cc2170e3ea1d9e5071364ff418c7/screenshot - {}
COMMAND: POST /session/cee7cc2170e3ea1d9e5071364ff418c7/element - {"using":"xpath","value":"//span[contains(@title, \"Remove\")]"}
RESULT: {}
RESULT: {"using":"xpath","value":"//span[contains(@title, \"Remove\")]"}
COMMAND: POST /session/cee7cc2170e3ea1d9e5071364ff418c7/element/f.26C60A8F778F936CD36A32719ACDBB72.d.871ACABA95BCC69CB9D55868D0DCA4B2.e.1577/click - {}
RESULT: {}
COMMAND: GET /session/cee7cc2170e3ea1d9e5071364ff418c7/screenshot - {}
RESULT: {}
COMMAND: POST /session/cee7cc2170e3ea1d9e5071364ff418c7/element - {"using":"xpath","value":"//span[contains(@title, \"Remove\")]"}
RESULT: {"using":"xpath","value":"//span[contains(@title, \"Remove\")]"}
[...]
RESULT: {"script":"<script> [8489 bytes]","args":[{"element-6066-11e4-a52e-4f735466cecf":"f.26C60A8F778F936CD36A32719ACDBB72.d.871ACABA95BCC69CB9D55868D0DCA4B2.e.2757","ELEMENT":"f.26C60A8F778F936CD36A32719ACDBB72.d.871ACABA95BCC69CB9D55868D0DCA4B2.e.2757"}]}
COMMAND: GET /session/cee7cc2170e3ea1d9e5071364ff418c7/element/f.26C60A8F778F936CD36A32719ACDBB72.d.871ACABA95BCC69CB9D55868D0DCA4B2.e.2757/enabled - {}
COMMAND: GET /session/cee7cc2170e3ea1d9e5071364ff418c7/screenshot - {}
RESULT: {}
COMMAND: POST /session/cee7cc2170e3ea1d9e5071364ff418c7/execute/sync - {"script":"<script> [8489 bytes]","args":[{"element-6066-11e4-a52e-4f735466cecf":"f.26C60A8F778F936CD36A32719ACDBB72.d.871ACABA95BCC69CB9D55868D0DCA4B2.e.2757","ELEMENT":"f.26C60A8F778F936CD36A32719ACDBB72.d.871ACABA95BCC69CB9D55868D0DCA4B2.e.2757"}]}
COMMAND: GET /session/cee7cc2170e3ea1d9e5071364ff418c7/screenshot - {}
RESULT: {}
RESULT: {"script":"<script> [8489 bytes]","args":[{"element-6066-11e4-a52e-4f735466cecf":"f.26C60A8F778F936CD36A32719ACDBB72.d.871ACABA95BCC69CB9D55868D0DCA4B2.e.2757","ELEMENT":"f.26C60A8F778F936CD36A32719ACDBB72.d.871ACABA95BCC69CB9D55868D0DCA4B2.e.2757"}]}
COMMAND: POST /session/cee7cc2170e3ea1d9e5071364ff418c7/execute/sync - {"script":"<script> [5351 bytes]","args":[{"element-6066-11e4-a52e-4f735466cecf":"f.26C60A8F778F936CD36A32719ACDBB72.d.871ACABA95BCC69CB9D55868D0DCA4B2.e.2757","ELEMENT":"f.26C60A8F778F936CD36A32719ACDBB72.d.871ACABA95BCC69CB9D55868D0DCA4B2.e.2757"}]}
COMMAND: GET /session/cee7cc2170e3ea1d9e5071364ff418c7/screenshot - {}
RESULT: {}
RESULT: {"script":"<script> [5351 bytes]","args":[{"element-6066-11e4-a52e-4f735466cecf":"f.26C60A8F778F936CD36A32719ACDBB72.d.871ACABA95BCC69CB9D55868D0DCA4B2.e.2757","ELEMENT":"f.26C60A8F778F936CD36A32719ACDBB72.d.871ACABA95BCC69CB9D55868D0DCA4B2.e.2757"}]}
COMMAND: GET /session/cee7cc2170e3ea1d9e5071364ff418c7/screenshot - {}
RESULT: {}
RESULT: {}
COMMAND: POST /session/cee7cc2170e3ea1d9e5071364ff418c7/element - {"using":"css selector","value":"#application-addressmanagement-display-component---masterAdm--smartFilterBar-btnBasicSearch-I"}
RESULT: {"using":"css selector","value":"#application-addressmanagement-display-component---masterAdm--smartFilterBar-btnBasicSearch-I"}
COMMAND: POST /session/cee7cc2170e3ea1d9e5071364ff418c7/element/f.26C60A8F778F936CD36A32719ACDBB72.d.871ACABA95BCC69CB9D55868D0DCA4B2.e.2732/clear - {}
RESULT: {}
COMMAND: POST /session/cee7cc2170e3ea1d9e5071364ff418c7/element/f.26C60A8F778F936CD36A32719ACDBB72.d.871ACABA95BCC69CB9D55868D0DCA4B2.e.2732/value - {"text":"xTUzTl4aPl"}
COMMAND: GET /session/cee7cc2170e3ea1d9e5071364ff418c7/screenshot - {}
RESULT: {"text":"xTUzTl4aPl"}
COMMAND: POST /session/cee7cc2170e3ea1d9e5071364ff418c7/actions - {"actions":[{"id":"action13","type":"key","parameters":{},"actions":[{"type":"keyDown","value":""},{"type":"pause","duration":10},{"type":"keyUp","value":""}]}]}
COMMAND: GET /session/cee7cc2170e3ea1d9e5071364ff418c7/screenshot - {}
RESULT: {}
RESULT: {"actions":[{"id":"action13","type":"key","parameters":{},"actions":[{"type":"keyDown","value":""},{"type":"pause","duration":10},{"type":"keyUp","value":""}]}]}
COMMAND: GET /session/cee7cc2170e3ea1d9e5071364ff418c7/screenshot - {}
RESULT: {}
RESULT: {}
COMMAND: POST /session/cee7cc2170e3ea1d9e5071364ff418c7/elements - {"using":"xpath","value":"//table[contains(@id, \"masterAdm--customPersonsAddressesTable-listUl\")]/tbody/tr"}
RESULT: {"using":"xpath","value":"//table[contains(@id, \"masterAdm--customPersonsAddressesTable-listUl\")]/tbody/tr"}
COMMAND: POST /session/cee7cc2170e3ea1d9e5071364ff418c7/element/f.26C60A8F778F936CD36A32719ACDBB72.d.871ACABA95BCC69CB9D55868D0DCA4B2.e.2951/elements - {"using":"css selector","value":"td"}
RESULT: {"using":"css selector","value":"td"}
COMMAND: GET /session/cee7cc2170e3ea1d9e5071364ff418c7/element/f.26C60A8F778F936CD36A32719ACDBB72.d.871ACABA95BCC69CB9D55868D0DCA4B2.e.2777/text - {}
RESULT: {}
COMMAND: POST /session/cee7cc2170e3ea1d9e5071364ff418c7/element - {"using":"xpath","value":"(//span[contains(@id, \"imgNav\")])[1]"}
RESULT: {"using":"xpath","value":"(//span[contains(@id, \"imgNav\")])[1]"}
COMMAND: POST /session/cee7cc2170e3ea1d9e5071364ff418c7/element/f.26C60A8F778F936CD36A32719ACDBB72.d.871ACABA95BCC69CB9D55868D0DCA4B2.e.2783/click - {}
RESULT: {}
COMMAND: GET /session/cee7cc2170e3ea1d9e5071364ff418c7/screenshot - {}
RESULT: {}
COMMAND: POST /session/cee7cc2170e3ea1d9e5071364ff418c7/element - {"using":"xpath","value":"//button[@data-kt=\"editButton\"]"}
RESULT: {"using":"xpath","value":"//button[@data-kt=\"editButton\"]"}
COMMAND: POST /session/cee7cc2170e3ea1d9e5071364ff418c7/element/f.26C60A8F778F936CD36A32719ACDBB72.d.871ACABA95BCC69CB9D55868D0DCA4B2.e.3059/click - {}
RESULT: {}
COMMAND: GET /session/cee7cc2170e3ea1d9e5071364ff418c7/screenshot - {}
RESULT: {}
COMMAND: POST /session/cee7cc2170e3ea1d9e5071364ff418c7/element - {"using":"xpath","value":"(//button[contains(@id,\"attachments-anchor\")]//bdi[contains(text(),\"Attachments \")])[last()]"}
RESULT: {"using":"xpath","value":"(//button[contains(@id,\"attachments-anchor\")]//bdi[contains(text(),\"Attachments \")])[last()]"}
COMMAND: POST /session/cee7cc2170e3ea1d9e5071364ff418c7/element/f.26C60A8F778F936CD36A32719ACDBB72.d.871ACABA95BCC69CB9D55868D0DCA4B2.e.3092/click - {}
RESULT: {}
COMMAND: GET /session/cee7cc2170e3ea1d9e5071364ff418c7/screenshot - {}
RESULT: {}
COMMAND: POST /session/cee7cc2170e3ea1d9e5071364ff418c7/file - {"file":"[base64] 459776 bytes"}
RESULT: {"file":"[base64] 459776 bytes"}
COMMAND: POST /session/cee7cc2170e3ea1d9e5071364ff418c7/element - {"using":"css selector","value":"input[type=\"file\"]"}
RESULT: {"using":"css selector","value":"input[type=\"file\"]"}
COMMAND: POST /session/cee7cc2170e3ea1d9e5071364ff418c7/element/f.26C60A8F778F936CD36A32719ACDBB72.d.871ACABA95BCC69CB9D55868D0DCA4B2.e.3099/clear - {}
RESULT: {}
COMMAND: POST /session/cee7cc2170e3ea1d9e5071364ff418c7/element/f.26C60A8F778F936CD36A32719ACDBB72.d.871ACABA95BCC69CB9D55868D0DCA4B2.e.3099/value - {"text":"C:\\Windows\\SystemTemp\\scoped_dir6972_352292720\\upload6972_1879311980\\address-mng-pic.png"}
COMMAND: GET /session/cee7cc2170e3ea1d9e5071364ff418c7/screenshot - {}
RESULT: {"text":"C:\\Windows\\SystemTemp\\scoped_dir6972_352292720\\upload6972_1879311980\\address-mng-pic.png"}
COMMAND: GET /session/cee7cc2170e3ea1d9e5071364ff418c7/screenshot - {}
RESULT: {}
RESULT: {}
COMMAND: POST /session/cee7cc2170e3ea1d9e5071364ff418c7/element - {"using":"xpath","value":"//button[@data-kt=\"saveButton\"]"}
RESULT: {"using":"xpath","value":"//button[@data-kt=\"saveButton\"]"}
COMMAND: POST /session/cee7cc2170e3ea1d9e5071364ff418c7/element/f.26C60A8F778F936CD36A32719ACDBB72.d.871ACABA95BCC69CB9D55868D0DCA4B2.e.3118/click - {}
RESULT: {}
COMMAND: GET /session/cee7cc2170e3ea1d9e5071364ff418c7/screenshot - {}
RESULT: {}
COMMAND: POST /session/cee7cc2170e3ea1d9e5071364ff418c7/element - {"using":"xpath","value":"(//button[contains(@id,\"attachments-anchor\")]//bdi[contains(text(),\"Attachments \")])[1]"}
RESULT: {"using":"xpath","value":"(//button[contains(@id,\"attachments-anchor\")]//bdi[contains(text(),\"Attachments \")])[1]"}
COMMAND: POST /session/cee7cc2170e3ea1d9e5071364ff418c7/element/f.26C60A8F778F936CD36A32719ACDBB72.d.871ACABA95BCC69CB9D55868D0DCA4B2.e.3123/click - {}
RESULT: {}
COMMAND: GET /session/cee7cc2170e3ea1d9e5071364ff418c7/screenshot - {}
RESULT: {}
COMMAND: POST /session/cee7cc2170e3ea1d9e5071364ff418c7/element - {"using":"xpath","value":"//div[@id=\"application-addressmanagement-display-component---detailAdm--attachments-title\"]"}
RESULT: {"using":"xpath","value":"//div[@id=\"application-addressmanagement-display-component---detailAdm--attachments-title\"]"}
COMMAND: POST /session/cee7cc2170e3ea1d9e5071364ff418c7/execute/sync - {"script":"<script> [56 bytes]","args":[{"element-6066-11e4-a52e-4f735466cecf":"f.26C60A8F778F936CD36A32719ACDBB72.d.871ACABA95BCC69CB9D55868D0DCA4B2.e.3128","ELEMENT":"f.26C60A8F778F936CD36A32719ACDBB72.d.871ACABA95BCC69CB9D55868D0DCA4B2.e.3128"}]}
RESULT: {"script":"<script> [56 bytes]","args":[{"element-6066-11e4-a52e-4f735466cecf":"f.26C60A8F778F936CD36A32719ACDBB72.d.871ACABA95BCC69CB9D55868D0DCA4B2.e.3128","ELEMENT":"f.26C60A8F778F936CD36A32719ACDBB72.d.871ACABA95BCC69CB9D55868D0DCA4B2.e.3128"}]}
COMMAND: POST /session/cee7cc2170e3ea1d9e5071364ff418c7/element - {"using":"css selector","value":"#shell-header-logo"}
COMMAND: GET /session/cee7cc2170e3ea1d9e5071364ff418c7/screenshot - {}
RESULT: {"using":"css selector","value":"#shell-header-logo"}
COMMAND: POST /session/cee7cc2170e3ea1d9e5071364ff418c7/element/f.26C60A8F778F936CD36A32719ACDBB72.d.871ACABA95BCC69CB9D55868D0DCA4B2.e.2685/click - {}
RESULT: {}
RESULT: {}
COMMAND: GET /session/cee7cc2170e3ea1d9e5071364ff418c7/screenshot - {}
RESULT: {}
]]></system-out>
    </testcase>
    <testcase classname="chrome.142_0_7444_60.windows.Address_Management_Tests_US173921_US156181_US151165_US151160_US156180_US156178_US151157_US151172_US151170_US151166_US151168" name="Step 8 Should remove the added attachment on the created address US151168" time="62.955">
      <system-out><![CDATA[
RESULT: undefined
COMMAND: POST /session/cee7cc2170e3ea1d9e5071364ff418c7/element - {"using":"xpath","value":"//*[@id=\"__tile34\"]"}
RESULT: {"using":"xpath","value":"//*[@id=\"__tile34\"]"}
COMMAND: POST /session/cee7cc2170e3ea1d9e5071364ff418c7/element/f.26C60A8F778F936CD36A32719ACDBB72.d.871ACABA95BCC69CB9D55868D0DCA4B2.e.209/click - {}
RESULT: {}
COMMAND: GET /session/cee7cc2170e3ea1d9e5071364ff418c7/screenshot - {}
COMMAND: POST /session/cee7cc2170e3ea1d9e5071364ff418c7/elements - {"using":"xpath","value":"//span[text()='Error']"}
RESULT: {}
RESULT: {"using":"xpath","value":"//span[text()='Error']"}
COMMAND: POST /session/cee7cc2170e3ea1d9e5071364ff418c7/element - {"using":"xpath","value":"//button[@data-kt=\"addButton\"]"}
RESULT: {"using":"xpath","value":"//button[@data-kt=\"addButton\"]"}
COMMAND: POST /session/cee7cc2170e3ea1d9e5071364ff418c7/elements - {"using":"xpath","value":"//button[@data-kt=\"addButton\"]"}
RESULT: {"using":"xpath","value":"//button[@data-kt=\"addButton\"]"}
COMMAND: POST /session/cee7cc2170e3ea1d9e5071364ff418c7/execute/sync - {"script":"<script> [8489 bytes]","args":[{"element-6066-11e4-a52e-4f735466cecf":"f.26C60A8F778F936CD36A32719ACDBB72.d.871ACABA95BCC69CB9D55868D0DCA4B2.e.3204","ELEMENT":"f.26C60A8F778F936CD36A32719ACDBB72.d.871ACABA95BCC69CB9D55868D0DCA4B2.e.3204"}]}
RESULT: {"script":"<script> [8489 bytes]","args":[{"element-6066-11e4-a52e-4f735466cecf":"f.26C60A8F778F936CD36A32719ACDBB72.d.871ACABA95BCC69CB9D55868D0DCA4B2.e.3204","ELEMENT":"f.26C60A8F778F936CD36A32719ACDBB72.d.871ACABA95BCC69CB9D55868D0DCA4B2.e.3204"}]}
COMMAND: GET /session/cee7cc2170e3ea1d9e5071364ff418c7/element/f.26C60A8F778F936CD36A32719ACDBB72.d.871ACABA95BCC69CB9D55868D0DCA4B2.e.3204/enabled - {}
COMMAND: GET /session/cee7cc2170e3ea1d9e5071364ff418c7/screenshot - {}
RESULT: {}
COMMAND: POST /session/cee7cc2170e3ea1d9e5071364ff418c7/execute/sync - {"script":"<script> [8489 bytes]","args":[{"element-6066-11e4-a52e-4f735466cecf":"f.26C60A8F778F936CD36A32719ACDBB72.d.871ACABA95BCC69CB9D55868D0DCA4B2.e.3204","ELEMENT":"f.26C60A8F778F936CD36A32719ACDBB72.d.871ACABA95BCC69CB9D55868D0DCA4B2.e.3204"}]}
COMMAND: GET /session/cee7cc2170e3ea1d9e5071364ff418c7/screenshot - {}
RESULT: {}
RESULT: {"script":"<script> [8489 bytes]","args":[{"element-6066-11e4-a52e-4f735466cecf":"f.26C60A8F778F936CD36A32719ACDBB72.d.871ACABA95BCC69CB9D55868D0DCA4B2.e.3204","ELEMENT":"f.26C60A8F778F936CD36A32719ACDBB72.d.871ACABA95BCC69CB9D55868D0DCA4B2.e.3204"}]}
COMMAND: POST /session/cee7cc2170e3ea1d9e5071364ff418c7/execute/sync - {"script":"<script> [5351 bytes]","args":[{"element-6066-11e4-a52e-4f735466cecf":"f.26C60A8F778F936CD36A32719ACDBB72.d.871ACABA95BCC69CB9D55868D0DCA4B2.e.3204","ELEMENT":"f.26C60A8F778F936CD36A32719ACDBB72.d.871ACABA95BCC69CB9D55868D0DCA4B2.e.3204"}]}
COMMAND: GET /session/cee7cc2170e3ea1d9e5071364ff418c7/screenshot - {}
RESULT: {}
RESULT: {"script":"<script> [5351 bytes]","args":[{"element-6066-11e4-a52e-4f735466cecf":"f.26C60A8F778F936CD36A32719ACDBB72.d.871ACABA95BCC69CB9D55868D0DCA4B2.e.3204","ELEMENT":"f.26C60A8F778F936CD36A32719ACDBB72.d.871ACABA95BCC69CB9D55868D0DCA4B2.e.3204"}]}
COMMAND: GET /session/cee7cc2170e3ea1d9e5071364ff418c7/screenshot - {}
RESULT: {}
RESULT: {}
COMMAND: POST /session/cee7cc2170e3ea1d9e5071364ff418c7/element - {"using":"css selector","value":"#application-addressmanagement-display-component---masterAdm--smartFilterBar-btnBasicSearch-I"}
RESULT: {"using":"css selector","value":"#application-addressmanagement-display-component---masterAdm--smartFilterBar-btnBasicSearch-I"}
COMMAND: POST /session/cee7cc2170e3ea1d9e5071364ff418c7/element/f.26C60A8F778F936CD36A32719ACDBB72.d.871ACABA95BCC69CB9D55868D0DCA4B2.e.3195/clear - {}
RESULT: {}
COMMAND: POST /session/cee7cc2170e3ea1d9e5071364ff418c7/element/f.26C60A8F778F936CD36A32719ACDBB72.d.871ACABA95BCC69CB9D55868D0DCA4B2.e.3195/value - {"text":"xTUzTl4aPl"}
COMMAND: GET /session/cee7cc2170e3ea1d9e5071364ff418c7/screenshot - {}
RESULT: {"text":"xTUzTl4aPl"}
COMMAND: POST /session/cee7cc2170e3ea1d9e5071364ff418c7/actions - {"actions":[{"id":"action14","type":"key","parameters":{},"actions":[{"type":"keyDown","value":""},{"type":"pause","duration":10},{"type":"keyUp","value":""}]}]}
COMMAND: GET /session/cee7cc2170e3ea1d9e5071364ff418c7/screenshot - {}
RESULT: {}
RESULT: {"actions":[{"id":"action14","type":"key","parameters":{},"actions":[{"type":"keyDown","value":""},{"type":"pause","duration":10},{"type":"keyUp","value":""}]}]}
COMMAND: GET /session/cee7cc2170e3ea1d9e5071364ff418c7/screenshot - {}
RESULT: {}
RESULT: {}
COMMAND: POST /session/cee7cc2170e3ea1d9e5071364ff418c7/elements - {"using":"xpath","value":"//table[contains(@id, \"masterAdm--customPersonsAddressesTable-listUl\")]/tbody/tr"}
RESULT: {"using":"xpath","value":"//table[contains(@id, \"masterAdm--customPersonsAddressesTable-listUl\")]/tbody/tr"}
COMMAND: POST /session/cee7cc2170e3ea1d9e5071364ff418c7/element/f.26C60A8F778F936CD36A32719ACDBB72.d.871ACABA95BCC69CB9D55868D0DCA4B2.e.3238/elements - {"using":"css selector","value":"td"}
RESULT: {"using":"css selector","value":"td"}
COMMAND: GET /session/cee7cc2170e3ea1d9e5071364ff418c7/element/f.26C60A8F778F936CD36A32719ACDBB72.d.871ACABA95BCC69CB9D55868D0DCA4B2.e.3230/text - {}
RESULT: {}
COMMAND: POST /session/cee7cc2170e3ea1d9e5071364ff418c7/element - {"using":"xpath","value":"(//span[contains(@id, \"imgNav\")])[1]"}
RESULT: {"using":"xpath","value":"(//span[contains(@id, \"imgNav\")])[1]"}
COMMAND: POST /session/cee7cc2170e3ea1d9e5071364ff418c7/element/f.26C60A8F778F936CD36A32719ACDBB72.d.871ACABA95BCC69CB9D55868D0DCA4B2.e.3237/click - {}
RESULT: {}
COMMAND: GET /session/cee7cc2170e3ea1d9e5071364ff418c7/screenshot - {}
RESULT: {}
COMMAND: POST /session/cee7cc2170e3ea1d9e5071364ff418c7/element - {"using":"xpath","value":"//button[@data-kt=\"editButton\"]"}
RESULT: {"using":"xpath","value":"//button[@data-kt=\"editButton\"]"}
COMMAND: POST /session/cee7cc2170e3ea1d9e5071364ff418c7/element/f.26C60A8F778F936CD36A32719ACDBB72.d.871ACABA95BCC69CB9D55868D0DCA4B2.e.3356/click - {}
RESULT: {}
COMMAND: GET /session/cee7cc2170e3ea1d9e5071364ff418c7/screenshot - {}
RESULT: {}
COMMAND: POST /session/cee7cc2170e3ea1d9e5071364ff418c7/element - {"using":"xpath","value":"(//button[contains(@id,\"attachments-anchor\")]//bdi[contains(text(),\"Attachments \")])[last()]"}
RESULT: {"using":"xpath","value":"(//button[contains(@id,\"attachments-anchor\")]//bdi[contains(text(),\"Attachments \")])[last()]"}
COMMAND: POST /session/cee7cc2170e3ea1d9e5071364ff418c7/element/f.26C60A8F778F936CD36A32719ACDBB72.d.871ACABA95BCC69CB9D55868D0DCA4B2.e.3391/click - {}
RESULT: {}
COMMAND: GET /session/cee7cc2170e3ea1d9e5071364ff418c7/screenshot - {}
RESULT: {}
COMMAND: POST /session/cee7cc2170e3ea1d9e5071364ff418c7/element - {"using":"xpath","value":"//span[contains(@id,\"deleteButton-img\")]"}
RESULT: {"using":"xpath","value":"//span[contains(@id,\"deleteButton-img\")]"}
COMMAND: POST /session/cee7cc2170e3ea1d9e5071364ff418c7/element/f.26C60A8F778F936CD36A32719ACDBB72.d.871ACABA95BCC69CB9D55868D0DCA4B2.e.3396/click - {}
RESULT: {}
COMMAND: GET /session/cee7cc2170e3ea1d9e5071364ff418c7/screenshot - {}
RESULT: {}
COMMAND: POST /session/cee7cc2170e3ea1d9e5071364ff418c7/element - {"using":"xpath","value":"//div[contains(@id,\"deleteDialog\")]//button//bdi[contains(text(),\"OK\")]"}
RESULT: {"using":"xpath","value":"//div[contains(@id,\"deleteDialog\")]//button//bdi[contains(text(),\"OK\")]"}
COMMAND: POST /session/cee7cc2170e3ea1d9e5071364ff418c7/element/f.26C60A8F778F936CD36A32719ACDBB72.d.871ACABA95BCC69CB9D55868D0DCA4B2.e.3399/click - {}
RESULT: {}
COMMAND: GET /session/cee7cc2170e3ea1d9e5071364ff418c7/screenshot - {}
RESULT: {}
COMMAND: POST /session/cee7cc2170e3ea1d9e5071364ff418c7/element - {"using":"xpath","value":"//button[@data-kt=\"saveButton\"]"}
RESULT: {"using":"xpath","value":"//button[@data-kt=\"saveButton\"]"}
COMMAND: POST /session/cee7cc2170e3ea1d9e5071364ff418c7/element/f.26C60A8F778F936CD36A32719ACDBB72.d.871ACABA95BCC69CB9D55868D0DCA4B2.e.3420/click - {}
RESULT: {}
COMMAND: GET /session/cee7cc2170e3ea1d9e5071364ff418c7/screenshot - {}
RESULT: {}
COMMAND: POST /session/cee7cc2170e3ea1d9e5071364ff418c7/element - {"using":"xpath","value":"(//button[contains(@id,\"attachments-anchor\")]//bdi[contains(text(),\"Attachments \")])[1]"}
RESULT: {"using":"xpath","value":"(//button[contains(@id,\"attachments-anchor\")]//bdi[contains(text(),\"Attachments \")])[1]"}
COMMAND: POST /session/cee7cc2170e3ea1d9e5071364ff418c7/element/f.26C60A8F778F936CD36A32719ACDBB72.d.871ACABA95BCC69CB9D55868D0DCA4B2.e.3424/click - {}
RESULT: {}
COMMAND: GET /session/cee7cc2170e3ea1d9e5071364ff418c7/screenshot - {}
RESULT: {}
COMMAND: POST /session/cee7cc2170e3ea1d9e5071364ff418c7/element - {"using":"xpath","value":"//div[@id=\"application-addressmanagement-display-component---detailAdm--attachments-title\"]"}
RESULT: {"using":"xpath","value":"//div[@id=\"application-addressmanagement-display-component---detailAdm--attachments-title\"]"}
COMMAND: POST /session/cee7cc2170e3ea1d9e5071364ff418c7/execute/sync - {"script":"<script> [56 bytes]","args":[{"element-6066-11e4-a52e-4f735466cecf":"f.26C60A8F778F936CD36A32719ACDBB72.d.871ACABA95BCC69CB9D55868D0DCA4B2.e.3428","ELEMENT":"f.26C60A8F778F936CD36A32719ACDBB72.d.871ACABA95BCC69CB9D55868D0DCA4B2.e.3428"}]}
RESULT: {"script":"<script> [56 bytes]","args":[{"element-6066-11e4-a52e-4f735466cecf":"f.26C60A8F778F936CD36A32719ACDBB72.d.871ACABA95BCC69CB9D55868D0DCA4B2.e.3428","ELEMENT":"f.26C60A8F778F936CD36A32719ACDBB72.d.871ACABA95BCC69CB9D55868D0DCA4B2.e.3428"}]}
COMMAND: POST /session/cee7cc2170e3ea1d9e5071364ff418c7/element - {"using":"css selector","value":"#shell-header-logo"}
COMMAND: GET /session/cee7cc2170e3ea1d9e5071364ff418c7/screenshot - {}
RESULT: {"using":"css selector","value":"#shell-header-logo"}
COMMAND: POST /session/cee7cc2170e3ea1d9e5071364ff418c7/element/f.26C60A8F778F936CD36A32719ACDBB72.d.871ACABA95BCC69CB9D55868D0DCA4B2.e.3132/click - {}
RESULT: {}
RESULT: {}
COMMAND: GET /session/cee7cc2170e3ea1d9e5071364ff418c7/screenshot - {}
RESULT: {}
]]></system-out>
    </testcase>
    <testcase classname="chrome.142_0_7444_60.windows.Address_Management_Tests_US173921_US156181_US151165_US151160_US156180_US156178_US151157_US151172_US151170_US151166_US151168" name="Step 9 Should try to save empty address US151170 BUGGED FOR NOW" time="0.002">
      <system-out><![CDATA[
COMMAND: DELETE /session/cee7cc2170e3ea1d9e5071364ff418c7 - {}
RESULT: {}
]]></system-out>
    </testcase>
  </testsuite>
</testsuites>