<?xml version="1.0" encoding="UTF-8"?>
<testsuites tests="17" failures="1" errors="1" skipped="2">
  <testsuite timestamp="2025-05-13T17:28:35" time="1770.308" tests="13" failures="1" errors="1" skipped="2">
    <properties>
      <property name="specId" value="0" />
      <property name="suiteName" value="Partner specific tests US150819 US151080 US151654 US151176 US103444 US151078 US151079 US151109 US151174 US151175 US151189" />
      <property name="capabilities" value="chrome.136_0_7103_49.windows" />
      <property name="file" value="file:///D:/a/1/s/test/specs/BTS/manage-partners.spec.js" />
    </properties>
    <testcase classname="chrome.136_0_7103_49.windows.Partner_specific_tests_US150819_US151080_US151654_US151176_US103444_US151078_US151079_US151109_US151174_US151175_US151189" name="Should create a new yard prerequisite" time="160.866">
      <system-out><![CDATA[
COMMAND: POST /session/92e25ae387a06d821b008f80a04495e6/window/fullscreen - {}
RESULT: {}
COMMAND: POST /session/92e25ae387a06d821b008f80a04495e6/element - {"using":"xpath","value":"//li[.//span[text()=\"Manage Partners\"]]"}
RESULT: {"using":"xpath","value":"//li[.//span[text()=\"Manage Partners\"]]"}
COMMAND: POST /session/92e25ae387a06d821b008f80a04495e6/element - {"using":"xpath","value":"//li[.//span[text()=\"Manage Partners\"]]"}
RESULT: {"using":"xpath","value":"//li[.//span[text()=\"Manage Partners\"]]"}
COMMAND: POST /session/92e25ae387a06d821b008f80a04495e6/element - {"using":"css selector","value":"#shell-header-logo"}
RESULT: {"using":"css selector","value":"#shell-header-logo"}
COMMAND: POST /session/92e25ae387a06d821b008f80a04495e6/element/f.2AE10C335A97376731A182912FB7EE33.d.879BE52BBC802DF7768FBC15AD7DA73C.e.265/click - {}
COMMAND: POST /session/92e25ae387a06d821b008f80a04495e6/execute/sync - {"script":"<script> [8489 bytes]","args":[{"element-6066-11e4-a52e-4f735466cecf":"f.2AE10C335A97376731A182912FB7EE33.d.879BE52BBC802DF7768FBC15AD7DA73C.e.265","ELEMENT":"f.2AE10C335A97376731A182912FB7EE33.d.879BE52BBC802DF7768FBC15AD7DA73C.e.265"}]}
RESULT: {}
COMMAND: GET /session/92e25ae387a06d821b008f80a04495e6/screenshot - {}
RESULT: {"script":"<script> [8489 bytes]","args":[{"element-6066-11e4-a52e-4f735466cecf":"f.2AE10C335A97376731A182912FB7EE33.d.879BE52BBC802DF7768FBC15AD7DA73C.e.265","ELEMENT":"f.2AE10C335A97376731A182912FB7EE33.d.879BE52BBC802DF7768FBC15AD7DA73C.e.265"}]}
COMMAND: POST /session/92e25ae387a06d821b008f80a04495e6/execute/sync - {"script":"<script> [5351 bytes]","args":[{"element-6066-11e4-a52e-4f735466cecf":"f.2AE10C335A97376731A182912FB7EE33.d.879BE52BBC802DF7768FBC15AD7DA73C.e.265","ELEMENT":"f.2AE10C335A97376731A182912FB7EE33.d.879BE52BBC802DF7768FBC15AD7DA73C.e.265"}]}
COMMAND: GET /session/92e25ae387a06d821b008f80a04495e6/screenshot - {}
RESULT: {}
RESULT: {"script":"<script> [5351 bytes]","args":[{"element-6066-11e4-a52e-4f735466cecf":"f.2AE10C335A97376731A182912FB7EE33.d.879BE52BBC802DF7768FBC15AD7DA73C.e.265","ELEMENT":"f.2AE10C335A97376731A182912FB7EE33.d.879BE52BBC802DF7768FBC15AD7DA73C.e.265"}]}
COMMAND: GET /session/92e25ae387a06d821b008f80a04495e6/screenshot - {}
RESULT: {}
RESULT: {}
COMMAND: POST /session/92e25ae387a06d821b008f80a04495e6/execute/async - {"script":"<script> [1562 bytes]","args":[{"selector":{"controlType":"sap.m.GenericTile","properties":{"header":"Manage Yards"}},"wdio_ui5_key":"sapm.GenericTile{\"header\":\"Manage Yards\"}"}]}
RESULT: {"script":"<script> [1562 bytes]","args":[{"selector":{"controlType":"sap.m.GenericTile","properties":{"header":"Manage Yards"}},"wdio_ui5_key":"sapm.GenericTile{\"header\":\"Manage Yards\"}"}]}
RESULT: undefined
COMMAND: POST /session/92e25ae387a06d821b008f80a04495e6/element - {"using":"xpath","value":"//*[@id=\"__tile41\"]"}
RESULT: {"using":"xpath","value":"//*[@id=\"__tile41\"]"}
COMMAND: POST /session/92e25ae387a06d821b008f80a04495e6/element/f.2AE10C335A97376731A182912FB7EE33.d.879BE52BBC802DF7768FBC15AD7DA73C.e.162/click - {}
RESULT: {}
COMMAND: POST /session/92e25ae387a06d821b008f80a04495e6/element - {"using":"xpath","value":"//button[@data-kt=\"addNewYardOverflowToolbarButton\"]"}
COMMAND: GET /session/92e25ae387a06d821b008f80a04495e6/screenshot - {}
RESULT: {"using":"xpath","value":"//button[@data-kt=\"addNewYardOverflowToolbarButton\"]"}
COMMAND: POST /session/92e25ae387a06d821b008f80a04495e6/elements - {"using":"xpath","value":"//button[@data-kt=\"addNewYardOverflowToolbarButton\"]"}
RESULT: {}
RESULT: {"using":"xpath","value":"//button[@data-kt=\"addNewYardOverflowToolbarButton\"]"}
COMMAND: POST /session/92e25ae387a06d821b008f80a04495e6/elements - {"using":"xpath","value":"//button[@data-kt=\"addNewYardOverflowToolbarButton\"]"}
RESULT: {"using":"xpath","value":"//button[@data-kt=\"addNewYardOverflowToolbarButton\"]"}
COMMAND: POST /session/92e25ae387a06d821b008f80a04495e6/elements - {"using":"xpath","value":"//button[@data-kt=\"addNewYardOverflowToolbarButton\"]"}
RESULT: {"using":"xpath","value":"//button[@data-kt=\"addNewYardOverflowToolbarButton\"]"}
COMMAND: POST /session/92e25ae387a06d821b008f80a04495e6/elements - {"using":"xpath","value":"//button[@data-kt=\"addNewYardOverflowToolbarButton\"]"}
RESULT: {"using":"xpath","value":"//button[@data-kt=\"addNewYardOverflowToolbarButton\"]"}
COMMAND: POST /session/92e25ae387a06d821b008f80a04495e6/elements - {"using":"xpath","value":"//button[@data-kt=\"addNewYardOverflowToolbarButton\"]"}
RESULT: {"using":"xpath","value":"//button[@data-kt=\"addNewYardOverflowToolbarButton\"]"}
COMMAND: POST /session/92e25ae387a06d821b008f80a04495e6/elements - {"using":"xpath","value":"//button[@data-kt=\"addNewYardOverflowToolbarButton\"]"}
RESULT: {"using":"xpath","value":"//button[@data-kt=\"addNewYardOverflowToolbarButton\"]"}
COMMAND: POST /session/92e25ae387a06d821b008f80a04495e6/elements - {"using":"xpath","value":"//button[@data-kt=\"addNewYardOverflowToolbarButton\"]"}
RESULT: {"using":"xpath","value":"//button[@data-kt=\"addNewYardOverflowToolbarButton\"]"}
COMMAND: POST /session/92e25ae387a06d821b008f80a04495e6/elements - {"using":"xpath","value":"//button[@data-kt=\"addNewYardOverflowToolbarButton\"]"}
RESULT: {"using":"xpath","value":"//button[@data-kt=\"addNewYardOverflowToolbarButton\"]"}
COMMAND: POST /session/92e25ae387a06d821b008f80a04495e6/elements - {"using":"xpath","value":"//button[@data-kt=\"addNewYardOverflowToolbarButton\"]"}
RESULT: {"using":"xpath","value":"//button[@data-kt=\"addNewYardOverflowToolbarButton\"]"}
COMMAND: POST /session/92e25ae387a06d821b008f80a04495e6/elements - {"using":"xpath","value":"//button[@data-kt=\"addNewYardOverflowToolbarButton\"]"}
RESULT: {"using":"xpath","value":"//button[@data-kt=\"addNewYardOverflowToolbarButton\"]"}
COMMAND: POST /session/92e25ae387a06d821b008f80a04495e6/elements - {"using":"xpath","value":"//button[@data-kt=\"addNewYardOverflowToolbarButton\"]"}
RESULT: {"using":"xpath","value":"//button[@data-kt=\"addNewYardOverflowToolbarButton\"]"}
COMMAND: POST /session/92e25ae387a06d821b008f80a04495e6/elements - {"using":"xpath","value":"//button[@data-kt=\"addNewYardOverflowToolbarButton\"]"}
RESULT: {"using":"xpath","value":"//button[@data-kt=\"addNewYardOverflowToolbarButton\"]"}
COMMAND: POST /session/92e25ae387a06d821b008f80a04495e6/elements - {"using":"xpath","value":"//button[@data-kt=\"addNewYardOverflowToolbarButton\"]"}
RESULT: {"using":"xpath","value":"//button[@data-kt=\"addNewYardOverflowToolbarButton\"]"}
COMMAND: POST /session/92e25ae387a06d821b008f80a04495e6/element - {"using":"xpath","value":"//button[@data-kt=\"addNewYardOverflowToolbarButton\"]"}
RESULT: {"using":"xpath","value":"//button[@data-kt=\"addNewYardOverflowToolbarButton\"]"}
COMMAND: POST /session/92e25ae387a06d821b008f80a04495e6/execute/sync - {"script":"<script> [8489 bytes]","args":[{"element-6066-11e4-a52e-4f735466cecf":"f.2AE10C335A97376731A182912FB7EE33.d.879BE52BBC802DF7768FBC15AD7DA73C.e.299","ELEMENT":"f.2AE10C335A97376731A182912FB7EE33.d.879BE52BBC802DF7768FBC15AD7DA73C.e.299"}]}
RESULT: {"script":"<script> [8489 bytes]","args":[{"element-6066-11e4-a52e-4f735466cecf":"f.2AE10C335A97376731A182912FB7EE33.d.879BE52BBC802DF7768FBC15AD7DA73C.e.299","ELEMENT":"f.2AE10C335A97376731A182912FB7EE33.d.879BE52BBC802DF7768FBC15AD7DA73C.e.299"}]}
COMMAND: GET /session/92e25ae387a06d821b008f80a04495e6/element/f.2AE10C335A97376731A182912FB7EE33.d.879BE52BBC802DF7768FBC15AD7DA73C.e.299/enabled - {}
COMMAND: GET /session/92e25ae387a06d821b008f80a04495e6/screenshot - {}
RESULT: {}
COMMAND: POST /session/92e25ae387a06d821b008f80a04495e6/execute/sync - {"script":"<script> [8489 bytes]","args":[{"element-6066-11e4-a52e-4f735466cecf":"f.2AE10C335A97376731A182912FB7EE33.d.879BE52BBC802DF7768FBC15AD7DA73C.e.299","ELEMENT":"f.2AE10C335A97376731A182912FB7EE33.d.879BE52BBC802DF7768FBC15AD7DA73C.e.299"}]}
COMMAND: GET /session/92e25ae387a06d821b008f80a04495e6/screenshot - {}
RESULT: {}
RESULT: {"script":"<script> [8489 bytes]","args":[{"element-6066-11e4-a52e-4f735466cecf":"f.2AE10C335A97376731A182912FB7EE33.d.879BE52BBC802DF7768FBC15AD7DA73C.e.299","ELEMENT":"f.2AE10C335A97376731A182912FB7EE33.d.879BE52BBC802DF7768FBC15AD7DA73C.e.299"}]}
COMMAND: POST /session/92e25ae387a06d821b008f80a04495e6/execute/sync - {"script":"<script> [5351 bytes]","args":[{"element-6066-11e4-a52e-4f735466cecf":"f.2AE10C335A97376731A182912FB7EE33.d.879BE52BBC802DF7768FBC15AD7DA73C.e.299","ELEMENT":"f.2AE10C335A97376731A182912FB7EE33.d.879BE52BBC802DF7768FBC15AD7DA73C.e.299"}]}
COMMAND: GET /session/92e25ae387a06d821b008f80a04495e6/screenshot - {}
RESULT: {}
RESULT: {"script":"<script> [5351 bytes]","args":[{"element-6066-11e4-a52e-4f735466cecf":"f.2AE10C335A97376731A182912FB7EE33.d.879BE52BBC802DF7768FBC15AD7DA73C.e.299","ELEMENT":"f.2AE10C335A97376731A182912FB7EE33.d.879BE52BBC802DF7768FBC15AD7DA73C.e.299"}]}
COMMAND: POST /session/92e25ae387a06d821b008f80a04495e6/element/f.2AE10C335A97376731A182912FB7EE33.d.879BE52BBC802DF7768FBC15AD7DA73C.e.299/click - {}
COMMAND: GET /session/92e25ae387a06d821b008f80a04495e6/screenshot - {}
RESULT: {}
RESULT: {}
COMMAND: GET /session/92e25ae387a06d821b008f80a04495e6/screenshot - {}
RESULT: {}
COMMAND: POST /session/92e25ae387a06d821b008f80a04495e6/element - {"using":"xpath","value":"//input[@id=\"application-manageyards-display-component---NewYard--yardId-inner\"]"}
RESULT: {}
RESULT: {"using":"xpath","value":"//input[@id=\"application-manageyards-display-component---NewYard--yardId-inner\"]"}
COMMAND: POST /session/92e25ae387a06d821b008f80a04495e6/element - {"using":"xpath","value":"//input[@id=\"application-manageyards-display-component---NewYard--yardId-inner\"]"}
RESULT: {"using":"xpath","value":"//input[@id=\"application-manageyards-display-component---NewYard--yardId-inner\"]"}
COMMAND: POST /session/92e25ae387a06d821b008f80a04495e6/execute/async - {"script":"<script> [1562 bytes]","args":[{"selector":{"id":"application-manageyards-display-component---NewYard--addressDetailDetailsName1","interaction":{"idSuffix":"inner"}},"wdio_ui5_key":"applicationmanageyards-display-component---NewYard--addressDetailDetailsName1"}]}
RESULT: {"script":"<script> [1562 bytes]","args":[{"selector":{"id":"application-manageyards-display-component---NewYard--addressDetailDetailsName1","interaction":{"idSuffix":"inner"}},"wdio_ui5_key":"applicationmanageyards-display-component---NewYard--addressDetailDetailsName1"}]}
RESULT: undefined
COMMAND: POST /session/92e25ae387a06d821b008f80a04495e6/execute/async - {"script":"<script> [776 bytes]","args":[{"enterText":"Intracompany Yard wdIO","selector":{"id":"application-manageyards-display-component---NewYard--addressDetailDetailsName1","interaction":{"idSuffix":"inner"}},"clearTextFirst":true,"interactionType":"ENTER_TEXT"}]}
RESULT: {"script":"<script> [776 bytes]","args":[{"enterText":"Intracompany Yard wdIO","selector":{"id":"application-manageyards-display-component---NewYard--addressDetailDetailsName1","interaction":{"idSuffix":"inner"}},"clearTextFirst":true,"interactionType":"ENTER_TEXT"}]}
COMMAND: POST /session/92e25ae387a06d821b008f80a04495e6/execute/async - {"script":"<script> [1562 bytes]","args":[{"selector":{"id":"application-manageyards-display-component---NewYard--addressDetailDetailsLanguage-arrow"},"wdio_ui5_key":"applicationmanageyards-display-component---NewYard--addressDetailDetailsLanguage-arrow"}]}
RESULT: {"script":"<script> [1562 bytes]","args":[{"selector":{"id":"application-manageyards-display-component---NewYard--addressDetailDetailsLanguage-arrow"},"wdio_ui5_key":"applicationmanageyards-display-component---NewYard--addressDetailDetailsLanguage-arrow"}]}
RESULT: undefined
COMMAND: POST /session/92e25ae387a06d821b008f80a04495e6/element - {"using":"xpath","value":"//*[@id=\"application-manageyards-display-component---NewYard--addressDetailDetailsLanguage-arrow\"]"}
RESULT: {"using":"xpath","value":"//*[@id=\"application-manageyards-display-component---NewYard--addressDetailDetailsLanguage-arrow\"]"}
COMMAND: POST /session/92e25ae387a06d821b008f80a04495e6/element/f.2AE10C335A97376731A182912FB7EE33.d.879BE52BBC802DF7768FBC15AD7DA73C.e.739/click - {}
RESULT: {}
COMMAND: POST /session/92e25ae387a06d821b008f80a04495e6/element - {"using":"xpath","value":"//span[contains(text(), \"English\")]"}
COMMAND: GET /session/92e25ae387a06d821b008f80a04495e6/screenshot - {}
RESULT: {"using":"xpath","value":"//span[contains(text(), \"English\")]"}
COMMAND: POST /session/92e25ae387a06d821b008f80a04495e6/element/f.2AE10C335A97376731A182912FB7EE33.d.879BE52BBC802DF7768FBC15AD7DA73C.e.740/click - {}
RESULT: {}
RESULT: {}
COMMAND: POST /session/92e25ae387a06d821b008f80a04495e6/execute/async - {"script":"<script> [1562 bytes]","args":[{"selector":{"id":"application-manageyards-display-component---NewYard--addressDetailDetailsCity1","interaction":{"idSuffix":"inner"}},"wdio_ui5_key":"applicationmanageyards-display-component---NewYard--addressDetailDetailsCity1"}]}
COMMAND: GET /session/92e25ae387a06d821b008f80a04495e6/screenshot - {}
RESULT: {"script":"<script> [1562 bytes]","args":[{"selector":{"id":"application-manageyards-display-component---NewYard--addressDetailDetailsCity1","interaction":{"idSuffix":"inner"}},"wdio_ui5_key":"applicationmanageyards-display-component---NewYard--addressDetailDetailsCity1"}]}
RESULT: undefined
COMMAND: POST /session/92e25ae387a06d821b008f80a04495e6/execute/async - {"script":"<script> [776 bytes]","args":[{"enterText":"Rosario","selector":{"id":"application-manageyards-display-component---NewYard--addressDetailDetailsCity1","interaction":{"idSuffix":"inner"}},"clearTextFirst":true,"interactionType":"ENTER_TEXT"}]}
RESULT: {}
RESULT: {"script":"<script> [776 bytes]","args":[{"enterText":"Rosario","selector":{"id":"application-manageyards-display-component---NewYard--addressDetailDetailsCity1","interaction":{"idSuffix":"inner"}},"clearTextFirst":true,"interactionType":"ENTER_TEXT"}]}
COMMAND: POST /session/92e25ae387a06d821b008f80a04495e6/execute/async - {"script":"<script> [1562 bytes]","args":[{"selector":{"id":"application-manageyards-display-component---NewYard--addressDetailDetailsCountry-arrow"},"wdio_ui5_key":"applicationmanageyards-display-component---NewYard--addressDetailDetailsCountry-arrow"}]}
RESULT: {"script":"<script> [1562 bytes]","args":[{"selector":{"id":"application-manageyards-display-component---NewYard--addressDetailDetailsCountry-arrow"},"wdio_ui5_key":"applicationmanageyards-display-component---NewYard--addressDetailDetailsCountry-arrow"}]}
RESULT: undefined
COMMAND: POST /session/92e25ae387a06d821b008f80a04495e6/element - {"using":"xpath","value":"//*[@id=\"application-manageyards-display-component---NewYard--addressDetailDetailsCountry-arrow\"]"}
RESULT: {"using":"xpath","value":"//*[@id=\"application-manageyards-display-component---NewYard--addressDetailDetailsCountry-arrow\"]"}
COMMAND: POST /session/92e25ae387a06d821b008f80a04495e6/element/f.2AE10C335A97376731A182912FB7EE33.d.879BE52BBC802DF7768FBC15AD7DA73C.e.742/click - {}
RESULT: {}
COMMAND: POST /session/92e25ae387a06d821b008f80a04495e6/element - {"using":"xpath","value":"//span[contains(text(), \"Argentina\")]"}
COMMAND: GET /session/92e25ae387a06d821b008f80a04495e6/screenshot - {}
RESULT: {"using":"xpath","value":"//span[contains(text(), \"Argentina\")]"}
COMMAND: POST /session/92e25ae387a06d821b008f80a04495e6/element/f.2AE10C335A97376731A182912FB7EE33.d.879BE52BBC802DF7768FBC15AD7DA73C.e.743/click - {}
RESULT: {}
RESULT: {}
COMMAND: POST /session/92e25ae387a06d821b008f80a04495e6/execute/async - {"script":"<script> [1562 bytes]","args":[{"selector":{"id":"application-manageyards-display-component---NewYard--addressEditDetailsCostObjectCstType-arrow"},"wdio_ui5_key":"applicationmanageyards-display-component---NewYard--addressEditDetailsCostObjectCstType-arrow"}]}
COMMAND: GET /session/92e25ae387a06d821b008f80a04495e6/screenshot - {}
RESULT: {"script":"<script> [1562 bytes]","args":[{"selector":{"id":"application-manageyards-display-component---NewYard--addressEditDetailsCostObjectCstType-arrow"},"wdio_ui5_key":"applicationmanageyards-display-component---NewYard--addressEditDetailsCostObjectCstType-arrow"}]}
RESULT: undefined
COMMAND: POST /session/92e25ae387a06d821b008f80a04495e6/element - {"using":"xpath","value":"//*[@id=\"application-manageyards-display-component---NewYard--addressEditDetailsCostObjectCstType-arrow\"]"}
RESULT: {}
RESULT: {"using":"xpath","value":"//*[@id=\"application-manageyards-display-component---NewYard--addressEditDetailsCostObjectCstType-arrow\"]"}
COMMAND: POST /session/92e25ae387a06d821b008f80a04495e6/element/f.2AE10C335A97376731A182912FB7EE33.d.879BE52BBC802DF7768FBC15AD7DA73C.e.745/click - {}
RESULT: {}
COMMAND: POST /session/92e25ae387a06d821b008f80a04495e6/element - {"using":"xpath","value":"//span[contains(text(), \"Cost Center\")]"}
COMMAND: GET /session/92e25ae387a06d821b008f80a04495e6/screenshot - {}
RESULT: {"using":"xpath","value":"//span[contains(text(), \"Cost Center\")]"}
COMMAND: POST /session/92e25ae387a06d821b008f80a04495e6/element/f.2AE10C335A97376731A182912FB7EE33.d.879BE52BBC802DF7768FBC15AD7DA73C.e.746/click - {}
RESULT: {}
RESULT: {}
COMMAND: GET /session/92e25ae387a06d821b008f80a04495e6/screenshot - {}
RESULT: {}
COMMAND: POST /session/92e25ae387a06d821b008f80a04495e6/element - {"using":"xpath","value":"//span[@id=\"application-manageyards-display-component---NewYard--addressNewCostObjectCstID-vhi\"]"}
RESULT: {"using":"xpath","value":"//span[@id=\"application-manageyards-display-component---NewYard--addressNewCostObjectCstID-vhi\"]"}
COMMAND: POST /session/92e25ae387a06d821b008f80a04495e6/execute/sync - {"script":"<script> [8489 bytes]","args":[{"element-6066-11e4-a52e-4f735466cecf":"f.2AE10C335A97376731A182912FB7EE33.d.879BE52BBC802DF7768FBC15AD7DA73C.e.750","ELEMENT":"f.2AE10C335A97376731A182912FB7EE33.d.879BE52BBC802DF7768FBC15AD7DA73C.e.750"}]}
RESULT: {"script":"<script> [8489 bytes]","args":[{"element-6066-11e4-a52e-4f735466cecf":"f.2AE10C335A97376731A182912FB7EE33.d.879BE52BBC802DF7768FBC15AD7DA73C.e.750","ELEMENT":"f.2AE10C335A97376731A182912FB7EE33.d.879BE52BBC802DF7768FBC15AD7DA73C.e.750"}]}
COMMAND: POST /session/92e25ae387a06d821b008f80a04495e6/execute/async - {"script":"<script> [1562 bytes]","args":[{"selector":{"id":"application-manageyards-display-component---NewYard--addressNewCostObjectCstID-vhi"},"wdio_ui5_key":"applicationmanageyards-display-component---NewYard--addressNewCostObjectCstID-vhi"}]}
COMMAND: GET /session/92e25ae387a06d821b008f80a04495e6/screenshot - {}
RESULT: {"script":"<script> [1562 bytes]","args":[{"selector":{"id":"application-manageyards-display-component---NewYard--addressNewCostObjectCstID-vhi"},"wdio_ui5_key":"applicationmanageyards-display-component---NewYard--addressNewCostObjectCstID-vhi"}]}
RESULT: undefined
COMMAND: POST /session/92e25ae387a06d821b008f80a04495e6/element - {"using":"xpath","value":"//*[@id=\"application-manageyards-display-component---NewYard--addressNewCostObjectCstID-vhi\"]"}
RESULT: {}
RESULT: {"using":"xpath","value":"//*[@id=\"application-manageyards-display-component---NewYard--addressNewCostObjectCstID-vhi\"]"}
COMMAND: POST /session/92e25ae387a06d821b008f80a04495e6/element/f.2AE10C335A97376731A182912FB7EE33.d.879BE52BBC802DF7768FBC15AD7DA73C.e.750/click - {}
RESULT: {}
COMMAND: GET /session/92e25ae387a06d821b008f80a04495e6/screenshot - {}
COMMAND: POST /session/92e25ae387a06d821b008f80a04495e6/execute/async - {"script":"<script> [1562 bytes]","args":[{"selector":{"controlType":"sap.m.SearchField","properties":{"placeholder":"Search"},"searchOpenDialogs":true,"interaction":{"idSuffix":"I"}},"wdio_ui5_key":"sapm.SearchField{\"placeholder\":\"Search\"}"}]}
RESULT: {}
RESULT: {"script":"<script> [1562 bytes]","args":[{"selector":{"controlType":"sap.m.SearchField","properties":{"placeholder":"Search"},"searchOpenDialogs":true,"interaction":{"idSuffix":"I"}},"wdio_ui5_key":"sapm.SearchField{\"placeholder\":\"Search\"}"}]}
RESULT: undefined
COMMAND: POST /session/92e25ae387a06d821b008f80a04495e6/execute/async - {"script":"<script> [776 bytes]","args":[{"enterText":"10001013","selector":{"controlType":"sap.m.SearchField","properties":{"placeholder":"Search"},"searchOpenDialogs":true,"interaction":{"idSuffix":"I"}},"clearTextFirst":true,"interactionType":"ENTER_TEXT"}]}
RESULT: {"script":"<script> [776 bytes]","args":[{"enterText":"10001013","selector":{"controlType":"sap.m.SearchField","properties":{"placeholder":"Search"},"searchOpenDialogs":true,"interaction":{"idSuffix":"I"}},"clearTextFirst":true,"interactionType":"ENTER_TEXT"}]}
COMMAND: POST /session/92e25ae387a06d821b008f80a04495e6/actions - {"actions":[{"id":"action1","type":"key","parameters":{},"actions":[{"type":"keyDown","value":"î€‡"},{"type":"pause","duration":10},{"type":"keyUp","value":"î€‡"}]}]}
RESULT: {"actions":[{"id":"action1","type":"key","parameters":{},"actions":[{"type":"keyDown","value":"î€‡"},{"type":"pause","duration":10},{"type":"keyUp","value":"î€‡"}]}]}
COMMAND: GET /session/92e25ae387a06d821b008f80a04495e6/screenshot - {}
RESULT: {}
COMMAND: POST /session/92e25ae387a06d821b008f80a04495e6/element - {"using":"xpath","value":"//span[contains(text(), \"General Management\")]"}
RESULT: {"using":"xpath","value":"//span[contains(text(), \"General Management\")]"}
COMMAND: POST /session/92e25ae387a06d821b008f80a04495e6/element/f.2AE10C335A97376731A182912FB7EE33.d.879BE52BBC802DF7768FBC15AD7DA73C.e.794/click - {}
RESULT: {}
COMMAND: GET /session/92e25ae387a06d821b008f80a04495e6/screenshot - {}
RESULT: {}
COMMAND: POST /session/92e25ae387a06d821b008f80a04495e6/element - {"using":"xpath","value":"//bdi[contains(text(), \"OK\")]"}
RESULT: {"using":"xpath","value":"//bdi[contains(text(), \"OK\")]"}
COMMAND: POST /session/92e25ae387a06d821b008f80a04495e6/element/f.2AE10C335A97376731A182912FB7EE33.d.879BE52BBC802DF7768FBC15AD7DA73C.e.795/click - {}
RESULT: {}
COMMAND: GET /session/92e25ae387a06d821b008f80a04495e6/screenshot - {}
RESULT: {}
COMMAND: POST /session/92e25ae387a06d821b008f80a04495e6/execute/async - {"script":"<script> [1562 bytes]","args":[{"selector":{"id":"application-manageyards-display-component---NewYard--addressEditDetailsCurrency-arrow"},"wdio_ui5_key":"applicationmanageyards-display-component---NewYard--addressEditDetailsCurrency-arrow"}]}
RESULT: {"script":"<script> [1562 bytes]","args":[{"selector":{"id":"application-manageyards-display-component---NewYard--addressEditDetailsCurrency-arrow"},"wdio_ui5_key":"applicationmanageyards-display-component---NewYard--addressEditDetailsCurrency-arrow"}]}
RESULT: undefined
COMMAND: POST /session/92e25ae387a06d821b008f80a04495e6/element - {"using":"xpath","value":"//*[@id=\"application-manageyards-display-component---NewYard--addressEditDetailsCurrency-arrow\"]"}
RESULT: {"using":"xpath","value":"//*[@id=\"application-manageyards-display-component---NewYard--addressEditDetailsCurrency-arrow\"]"}
COMMAND: POST /session/92e25ae387a06d821b008f80a04495e6/element/f.2AE10C335A97376731A182912FB7EE33.d.879BE52BBC802DF7768FBC15AD7DA73C.e.798/click - {}
RESULT: {}
COMMAND: POST /session/92e25ae387a06d821b008f80a04495e6/element - {"using":"xpath","value":"//span[contains(text(), \"Euro\")]"}
COMMAND: GET /session/92e25ae387a06d821b008f80a04495e6/screenshot - {}
RESULT: {"using":"xpath","value":"//span[contains(text(), \"Euro\")]"}
COMMAND: POST /session/92e25ae387a06d821b008f80a04495e6/element/f.2AE10C335A97376731A182912FB7EE33.d.879BE52BBC802DF7768FBC15AD7DA73C.e.799/click - {}
RESULT: {}
RESULT: {}
COMMAND: POST /session/92e25ae387a06d821b008f80a04495e6/execute/async - {"script":"<script> [1562 bytes]","args":[{"selector":{"controlType":"sap.m.Input","viewName":"etm.portal.ui.manageyards.view.New","viewId":"application-manageyards-display-component---NewYard","bindingPath":{"path":"","propertyPath":"/CONTROLLING_AREA","modelName":"NewYardModel"},"interaction":{"idSuffix":"inner"}},"wdio_ui5_key":"etmportal.ui.manageyards.view.Newsap.m.Input{\"path\":\"\",\"propertyPath\":\"/CONTROLLING_AREA\",\"modelName\":\"NewYardModel\"}"}]}
COMMAND: GET /session/92e25ae387a06d821b008f80a04495e6/screenshot - {}
RESULT: {"script":"<script> [1562 bytes]","args":[{"selector":{"controlType":"sap.m.Input","viewName":"etm.portal.ui.manageyards.view.New","viewId":"application-manageyards-display-component---NewYard","bindingPath":{"path":"","propertyPath":"/CONTROLLING_AREA","modelName":"NewYardModel"},"interaction":{"idSuffix":"inner"}},"wdio_ui5_key":"etmportal.ui.manageyards.view.Newsap.m.Input{\"path\":\"\",\"propertyPath\":\"/CONTROLLING_AREA\",\"modelName\":\"NewYardModel\"}"}]}
RESULT: undefined
COMMAND: POST /session/92e25ae387a06d821b008f80a04495e6/execute/async - {"script":"<script> [776 bytes]","args":[{"enterText":"Z001","selector":{"controlType":"sap.m.Input","viewName":"etm.portal.ui.manageyards.view.New","viewId":"application-manageyards-display-component---NewYard","bindingPath":{"path":"","propertyPath":"/CONTROLLING_AREA","modelName":"NewYardModel"},"interaction":{"idSuffix":"inner"}},"clearTextFirst":true,"interactionType":"ENTER_TEXT"}]}
RESULT: {}
RESULT: {"script":"<script> [776 bytes]","args":[{"enterText":"Z001","selector":{"controlType":"sap.m.Input","viewName":"etm.portal.ui.manageyards.view.New","viewId":"application-manageyards-display-component---NewYard","bindingPath":{"path":"","propertyPath":"/CONTROLLING_AREA","modelName":"NewYardModel"},"interaction":{"idSuffix":"inner"}},"clearTextFirst":true,"interactionType":"ENTER_TEXT"}]}
COMMAND: POST /session/92e25ae387a06d821b008f80a04495e6/execute/async - {"script":"<script> [1562 bytes]","args":[{"selector":{"id":"application-manageyards-display-component---NewYard--companyCodeComboBox","interaction":{"idSuffix":"inner"}},"wdio_ui5_key":"applicationmanageyards-display-component---NewYard--companyCodeComboBox"}]}
RESULT: {"script":"<script> [1562 bytes]","args":[{"selector":{"id":"application-manageyards-display-component---NewYard--companyCodeComboBox","interaction":{"idSuffix":"inner"}},"wdio_ui5_key":"applicationmanageyards-display-component---NewYard--companyCodeComboBox"}]}
RESULT: undefined
COMMAND: POST /session/92e25ae387a06d821b008f80a04495e6/execute/async - {"script":"<script> [776 bytes]","args":[{"enterText":"1000","selector":{"id":"application-manageyards-display-component---NewYard--companyCodeComboBox","interaction":{"idSuffix":"inner"}},"clearTextFirst":true,"interactionType":"ENTER_TEXT"}]}
RESULT: {"script":"<script> [776 bytes]","args":[{"enterText":"1000","selector":{"id":"application-manageyards-display-component---NewYard--companyCodeComboBox","interaction":{"idSuffix":"inner"}},"clearTextFirst":true,"interactionType":"ENTER_TEXT"}]}
COMMAND: POST /session/92e25ae387a06d821b008f80a04495e6/execute/async - {"script":"<script> [1562 bytes]","args":[{"selector":{"controlType":"sap.m.Input","viewName":"etm.portal.ui.manageyards.view.New","viewId":"application-manageyards-display-component---NewYard","bindingPath":{"path":"","propertyPath":"/PLANT","modelName":"NewYardModel"},"interaction":{"idSuffix":"inner"}},"wdio_ui5_key":"etmportal.ui.manageyards.view.Newsap.m.Input{\"path\":\"\",\"propertyPath\":\"/PLANT\",\"modelName\":\"NewYardModel\"}"}]}
RESULT: {"script":"<script> [1562 bytes]","args":[{"selector":{"controlType":"sap.m.Input","viewName":"etm.portal.ui.manageyards.view.New","viewId":"application-manageyards-display-component---NewYard","bindingPath":{"path":"","propertyPath":"/PLANT","modelName":"NewYardModel"},"interaction":{"idSuffix":"inner"}},"wdio_ui5_key":"etmportal.ui.manageyards.view.Newsap.m.Input{\"path\":\"\",\"propertyPath\":\"/PLANT\",\"modelName\":\"NewYardModel\"}"}]}
RESULT: undefined
COMMAND: POST /session/92e25ae387a06d821b008f80a04495e6/execute/async - {"script":"<script> [776 bytes]","args":[{"enterText":"1001","selector":{"controlType":"sap.m.Input","viewName":"etm.portal.ui.manageyards.view.New","viewId":"application-manageyards-display-component---NewYard","bindingPath":{"path":"","propertyPath":"/PLANT","modelName":"NewYardModel"},"interaction":{"idSuffix":"inner"}},"clearTextFirst":true,"interactionType":"ENTER_TEXT"}]}
RESULT: {"script":"<script> [776 bytes]","args":[{"enterText":"1001","selector":{"controlType":"sap.m.Input","viewName":"etm.portal.ui.manageyards.view.New","viewId":"application-manageyards-display-component---NewYard","bindingPath":{"path":"","propertyPath":"/PLANT","modelName":"NewYardModel"},"interaction":{"idSuffix":"inner"}},"clearTextFirst":true,"interactionType":"ENTER_TEXT"}]}
COMMAND: POST /session/92e25ae387a06d821b008f80a04495e6/execute/async - {"script":"<script> [1562 bytes]","args":[{"selector":{"controlType":"sap.m.Input","viewName":"etm.portal.ui.manageyards.view.New","viewId":"application-manageyards-display-component---NewYard","bindingPath":{"path":"","propertyPath":"/SALES_AREA_VKORG","modelName":"NewYardModel"},"interaction":{"idSuffix":"inner"}},"wdio_ui5_key":"etmportal.ui.manageyards.view.Newsap.m.Input{\"path\":\"\",\"propertyPath\":\"/SALES_AREA_VKORG\",\"modelName\":\"NewYardModel\"}"}]}
RESULT: {"script":"<script> [1562 bytes]","args":[{"selector":{"controlType":"sap.m.Input","viewName":"etm.portal.ui.manageyards.view.New","viewId":"application-manageyards-display-component---NewYard","bindingPath":{"path":"","propertyPath":"/SALES_AREA_VKORG","modelName":"NewYardModel"},"interaction":{"idSuffix":"inner"}},"wdio_ui5_key":"etmportal.ui.manageyards.view.Newsap.m.Input{\"path\":\"\",\"propertyPath\":\"/SALES_AREA_VKORG\",\"modelName\":\"NewYardModel\"}"}]}
RESULT: undefined
COMMAND: POST /session/92e25ae387a06d821b008f80a04495e6/execute/async - {"script":"<script> [776 bytes]","args":[{"enterText":"C002","selector":{"controlType":"sap.m.Input","viewName":"etm.portal.ui.manageyards.view.New","viewId":"application-manageyards-display-component---NewYard","bindingPath":{"path":"","propertyPath":"/SALES_AREA_VKORG","modelName":"NewYardModel"},"interaction":{"idSuffix":"inner"}},"clearTextFirst":true,"interactionType":"ENTER_TEXT"}]}
RESULT: {"script":"<script> [776 bytes]","args":[{"enterText":"C002","selector":{"controlType":"sap.m.Input","viewName":"etm.portal.ui.manageyards.view.New","viewId":"application-manageyards-display-component---NewYard","bindingPath":{"path":"","propertyPath":"/SALES_AREA_VKORG","modelName":"NewYardModel"},"interaction":{"idSuffix":"inner"}},"clearTextFirst":true,"interactionType":"ENTER_TEXT"}]}
COMMAND: POST /session/92e25ae387a06d821b008f80a04495e6/execute/async - {"script":"<script> [1562 bytes]","args":[{"selector":{"controlType":"sap.m.Input","viewName":"etm.portal.ui.manageyards.view.New","viewId":"application-manageyards-display-component---NewYard","bindingPath":{"path":"","propertyPath":"/SALES_AREA_VTWEG","modelName":"NewYardModel"},"interaction":{"idSuffix":"inner"}},"wdio_ui5_key":"etmportal.ui.manageyards.view.Newsap.m.Input{\"path\":\"\",\"propertyPath\":\"/SALES_AREA_VTWEG\",\"modelName\":\"NewYardModel\"}"}]}
RESULT: {"script":"<script> [1562 bytes]","args":[{"selector":{"controlType":"sap.m.Input","viewName":"etm.portal.ui.manageyards.view.New","viewId":"application-manageyards-display-component---NewYard","bindingPath":{"path":"","propertyPath":"/SALES_AREA_VTWEG","modelName":"NewYardModel"},"interaction":{"idSuffix":"inner"}},"wdio_ui5_key":"etmportal.ui.manageyards.view.Newsap.m.Input{\"path\":\"\",\"propertyPath\":\"/SALES_AREA_VTWEG\",\"modelName\":\"NewYardModel\"}"}]}
RESULT: undefined
COMMAND: POST /session/92e25ae387a06d821b008f80a04495e6/execute/async - {"script":"<script> [776 bytes]","args":[{"enterText":"C2","selector":{"controlType":"sap.m.Input","viewName":"etm.portal.ui.manageyards.view.New","viewId":"application-manageyards-display-component---NewYard","bindingPath":{"path":"","propertyPath":"/SALES_AREA_VTWEG","modelName":"NewYardModel"},"interaction":{"idSuffix":"inner"}},"clearTextFirst":true,"interactionType":"ENTER_TEXT"}]}
RESULT: {"script":"<script> [776 bytes]","args":[{"enterText":"C2","selector":{"controlType":"sap.m.Input","viewName":"etm.portal.ui.manageyards.view.New","viewId":"application-manageyards-display-component---NewYard","bindingPath":{"path":"","propertyPath":"/SALES_AREA_VTWEG","modelName":"NewYardModel"},"interaction":{"idSuffix":"inner"}},"clearTextFirst":true,"interactionType":"ENTER_TEXT"}]}
COMMAND: POST /session/92e25ae387a06d821b008f80a04495e6/execute/async - {"script":"<script> [1562 bytes]","args":[{"selector":{"controlType":"sap.m.Input","viewName":"etm.portal.ui.manageyards.view.New","viewId":"application-manageyards-display-component---NewYard","bindingPath":{"path":"","propertyPath":"/SALES_AREA_SPART","modelName":"NewYardModel"},"interaction":{"idSuffix":"inner"}},"wdio_ui5_key":"etmportal.ui.manageyards.view.Newsap.m.Input{\"path\":\"\",\"propertyPath\":\"/SALES_AREA_SPART\",\"modelName\":\"NewYardModel\"}"}]}
RESULT: {"script":"<script> [1562 bytes]","args":[{"selector":{"controlType":"sap.m.Input","viewName":"etm.portal.ui.manageyards.view.New","viewId":"application-manageyards-display-component---NewYard","bindingPath":{"path":"","propertyPath":"/SALES_AREA_SPART","modelName":"NewYardModel"},"interaction":{"idSuffix":"inner"}},"wdio_ui5_key":"etmportal.ui.manageyards.view.Newsap.m.Input{\"path\":\"\",\"propertyPath\":\"/SALES_AREA_SPART\",\"modelName\":\"NewYardModel\"}"}]}
RESULT: undefined
COMMAND: POST /session/92e25ae387a06d821b008f80a04495e6/execute/async - {"script":"<script> [776 bytes]","args":[{"enterText":"C2","selector":{"controlType":"sap.m.Input","viewName":"etm.portal.ui.manageyards.view.New","viewId":"application-manageyards-display-component---NewYard","bindingPath":{"path":"","propertyPath":"/SALES_AREA_SPART","modelName":"NewYardModel"},"interaction":{"idSuffix":"inner"}},"clearTextFirst":true,"interactionType":"ENTER_TEXT"}]}
RESULT: {"script":"<script> [776 bytes]","args":[{"enterText":"C2","selector":{"controlType":"sap.m.Input","viewName":"etm.portal.ui.manageyards.view.New","viewId":"application-manageyards-display-component---NewYard","bindingPath":{"path":"","propertyPath":"/SALES_AREA_SPART","modelName":"NewYardModel"},"interaction":{"idSuffix":"inner"}},"clearTextFirst":true,"interactionType":"ENTER_TEXT"}]}
COMMAND: POST /session/92e25ae387a06d821b008f80a04495e6/execute/async - {"script":"<script> [1562 bytes]","args":[{"selector":{"controlType":"sap.m.Input","viewName":"etm.portal.ui.manageyards.view.New","viewId":"application-manageyards-display-component---NewYard","bindingPath":{"path":"","propertyPath":"/SHIP_POINT","modelName":"NewYardModel"},"interaction":{"idSuffix":"inner"}},"wdio_ui5_key":"etmportal.ui.manageyards.view.Newsap.m.Input{\"path\":\"\",\"propertyPath\":\"/SHIP_POINT\",\"modelName\":\"NewYardModel\"}"}]}
RESULT: {"script":"<script> [1562 bytes]","args":[{"selector":{"controlType":"sap.m.Input","viewName":"etm.portal.ui.manageyards.view.New","viewId":"application-manageyards-display-component---NewYard","bindingPath":{"path":"","propertyPath":"/SHIP_POINT","modelName":"NewYardModel"},"interaction":{"idSuffix":"inner"}},"wdio_ui5_key":"etmportal.ui.manageyards.view.Newsap.m.Input{\"path\":\"\",\"propertyPath\":\"/SHIP_POINT\",\"modelName\":\"NewYardModel\"}"}]}
RESULT: undefined
COMMAND: POST /session/92e25ae387a06d821b008f80a04495e6/execute/async - {"script":"<script> [776 bytes]","args":[{"enterText":"1710","selector":{"controlType":"sap.m.Input","viewName":"etm.portal.ui.manageyards.view.New","viewId":"application-manageyards-display-component---NewYard","bindingPath":{"path":"","propertyPath":"/SHIP_POINT","modelName":"NewYardModel"},"interaction":{"idSuffix":"inner"}},"clearTextFirst":true,"interactionType":"ENTER_TEXT"}]}
RESULT: {"script":"<script> [776 bytes]","args":[{"enterText":"1710","selector":{"controlType":"sap.m.Input","viewName":"etm.portal.ui.manageyards.view.New","viewId":"application-manageyards-display-component---NewYard","bindingPath":{"path":"","propertyPath":"/SHIP_POINT","modelName":"NewYardModel"},"interaction":{"idSuffix":"inner"}},"clearTextFirst":true,"interactionType":"ENTER_TEXT"}]}
COMMAND: POST /session/92e25ae387a06d821b008f80a04495e6/execute/async - {"script":"<script> [1562 bytes]","args":[{"selector":{"controlType":"sap.m.Input","viewName":"etm.portal.ui.manageyards.view.New","viewId":"application-manageyards-display-component---NewYard","bindingPath":{"path":"","propertyPath":"/DELIVERY_TYPE","modelName":"NewYardModel"},"interaction":{"idSuffix":"inner"}},"wdio_ui5_key":"etmportal.ui.manageyards.view.Newsap.m.Input{\"path\":\"\",\"propertyPath\":\"/DELIVERY_TYPE\",\"modelName\":\"NewYardModel\"}"}]}
RESULT: {"script":"<script> [1562 bytes]","args":[{"selector":{"controlType":"sap.m.Input","viewName":"etm.portal.ui.manageyards.view.New","viewId":"application-manageyards-display-component---NewYard","bindingPath":{"path":"","propertyPath":"/DELIVERY_TYPE","modelName":"NewYardModel"},"interaction":{"idSuffix":"inner"}},"wdio_ui5_key":"etmportal.ui.manageyards.view.Newsap.m.Input{\"path\":\"\",\"propertyPath\":\"/DELIVERY_TYPE\",\"modelName\":\"NewYardModel\"}"}]}
RESULT: undefined
COMMAND: POST /session/92e25ae387a06d821b008f80a04495e6/execute/async - {"script":"<script> [776 bytes]","args":[{"enterText":"ZL01","selector":{"controlType":"sap.m.Input","viewName":"etm.portal.ui.manageyards.view.New","viewId":"application-manageyards-display-component---NewYard","bindingPath":{"path":"","propertyPath":"/DELIVERY_TYPE","modelName":"NewYardModel"},"interaction":{"idSuffix":"inner"}},"clearTextFirst":true,"interactionType":"ENTER_TEXT"}]}
RESULT: {"script":"<script> [776 bytes]","args":[{"enterText":"ZL01","selector":{"controlType":"sap.m.Input","viewName":"etm.portal.ui.manageyards.view.New","viewId":"application-manageyards-display-component---NewYard","bindingPath":{"path":"","propertyPath":"/DELIVERY_TYPE","modelName":"NewYardModel"},"interaction":{"idSuffix":"inner"}},"clearTextFirst":true,"interactionType":"ENTER_TEXT"}]}
COMMAND: POST /session/92e25ae387a06d821b008f80a04495e6/execute/async - {"script":"<script> [1562 bytes]","args":[{"selector":{"controlType":"sap.m.Input","viewName":"etm.portal.ui.manageyards.view.New","viewId":"application-manageyards-display-component---NewYard","bindingPath":{"path":"","propertyPath":"/AUART","modelName":"NewYardModel"},"interaction":{"idSuffix":"inner"}},"wdio_ui5_key":"etmportal.ui.manageyards.view.Newsap.m.Input{\"path\":\"\",\"propertyPath\":\"/AUART\",\"modelName\":\"NewYardModel\"}"}]}
RESULT: {"script":"<script> [1562 bytes]","args":[{"selector":{"controlType":"sap.m.Input","viewName":"etm.portal.ui.manageyards.view.New","viewId":"application-manageyards-display-component---NewYard","bindingPath":{"path":"","propertyPath":"/AUART","modelName":"NewYardModel"},"interaction":{"idSuffix":"inner"}},"wdio_ui5_key":"etmportal.ui.manageyards.view.Newsap.m.Input{\"path\":\"\",\"propertyPath\":\"/AUART\",\"modelName\":\"NewYardModel\"}"}]}
RESULT: undefined
COMMAND: POST /session/92e25ae387a06d821b008f80a04495e6/execute/async - {"script":"<script> [776 bytes]","args":[{"enterText":"TA","selector":{"controlType":"sap.m.Input","viewName":"etm.portal.ui.manageyards.view.New","viewId":"application-manageyards-display-component---NewYard","bindingPath":{"path":"","propertyPath":"/AUART","modelName":"NewYardModel"},"interaction":{"idSuffix":"inner"}},"clearTextFirst":true,"interactionType":"ENTER_TEXT"}]}
RESULT: {"script":"<script> [776 bytes]","args":[{"enterText":"TA","selector":{"controlType":"sap.m.Input","viewName":"etm.portal.ui.manageyards.view.New","viewId":"application-manageyards-display-component---NewYard","bindingPath":{"path":"","propertyPath":"/AUART","modelName":"NewYardModel"},"interaction":{"idSuffix":"inner"}},"clearTextFirst":true,"interactionType":"ENTER_TEXT"}]}
COMMAND: POST /session/92e25ae387a06d821b008f80a04495e6/element - {"using":"xpath","value":"//button[@data-kt=\"newYardSaveButton\"]"}
RESULT: {"using":"xpath","value":"//button[@data-kt=\"newYardSaveButton\"]"}
COMMAND: POST /session/92e25ae387a06d821b008f80a04495e6/element/f.2AE10C335A97376731A182912FB7EE33.d.879BE52BBC802DF7768FBC15AD7DA73C.e.701/click - {}
RESULT: {}
COMMAND: GET /session/92e25ae387a06d821b008f80a04495e6/screenshot - {}
COMMAND: POST /session/92e25ae387a06d821b008f80a04495e6/element - {"using":"xpath","value":"//header[contains(@id, 'ObjectPageLayout-headerTitle')]/div[1]/div[2]/div[1]/span[1]"}
RESULT: {}
RESULT: {"using":"xpath","value":"//header[contains(@id, 'ObjectPageLayout-headerTitle')]/div[1]/div[2]/div[1]/span[1]"}
COMMAND: POST /session/92e25ae387a06d821b008f80a04495e6/elements - {"using":"xpath","value":"//header[contains(@id, 'ObjectPageLayout-headerTitle')]/div[1]/div[2]/div[1]/span[1]"}
RESULT: {"using":"xpath","value":"//header[contains(@id, 'ObjectPageLayout-headerTitle')]/div[1]/div[2]/div[1]/span[1]"}
COMMAND: POST /session/92e25ae387a06d821b008f80a04495e6/execute/sync - {"script":"<script> [56 bytes]","args":[{"element-6066-11e4-a52e-4f735466cecf":"f.2AE10C335A97376731A182912FB7EE33.d.879BE52BBC802DF7768FBC15AD7DA73C.e.1022","ELEMENT":"f.2AE10C335A97376731A182912FB7EE33.d.879BE52BBC802DF7768FBC15AD7DA73C.e.1022"}]}
RESULT: {"script":"<script> [56 bytes]","args":[{"element-6066-11e4-a52e-4f735466cecf":"f.2AE10C335A97376731A182912FB7EE33.d.879BE52BBC802DF7768FBC15AD7DA73C.e.1022","ELEMENT":"f.2AE10C335A97376731A182912FB7EE33.d.879BE52BBC802DF7768FBC15AD7DA73C.e.1022"}]}
COMMAND: GET /session/92e25ae387a06d821b008f80a04495e6/screenshot - {}
RESULT: {}
COMMAND: POST /session/92e25ae387a06d821b008f80a04495e6/element - {"using":"css selector","value":"#shell-header-logo"}
RESULT: {"using":"css selector","value":"#shell-header-logo"}
COMMAND: POST /session/92e25ae387a06d821b008f80a04495e6/element/f.2AE10C335A97376731A182912FB7EE33.d.879BE52BBC802DF7768FBC15AD7DA73C.e.265/click - {}
RESULT: {}
COMMAND: GET /session/92e25ae387a06d821b008f80a04495e6/screenshot - {}
RESULT: {}
COMMAND: POST /session/92e25ae387a06d821b008f80a04495e6/execute/sync - {"script":"<script> [299 bytes]","args":[["getModel","getResource"]]}
RESULT: {"script":"<script> [299 bytes]","args":[["getModel","getResource"]]}
COMMAND: GET /session/92e25ae387a06d821b008f80a04495e6/screenshot - {}
]]></system-out>
    </testcase>
    <testcase classname="chrome.136_0_7103_49.windows.Partner_specific_tests_US150819_US151080_US151654_US151176_US103444_US151078_US151079_US151109_US151174_US151175_US151189" name="Should create new external partner US150819" time="101.364">
      <system-out><![CDATA[
COMMAND: POST /session/92e25ae387a06d821b008f80a04495e6/element - {"using":"xpath","value":"//li[.//span[text()=\"Manage Partners\"]]"}
RESULT: {}
RESULT: {"using":"xpath","value":"//li[.//span[text()=\"Manage Partners\"]]"}
COMMAND: POST /session/92e25ae387a06d821b008f80a04495e6/element - {"using":"xpath","value":"//li[.//span[text()=\"Manage Partners\"]]"}
RESULT: {"using":"xpath","value":"//li[.//span[text()=\"Manage Partners\"]]"}
COMMAND: POST /session/92e25ae387a06d821b008f80a04495e6/element - {"using":"css selector","value":"#shell-header-logo"}
RESULT: {"using":"css selector","value":"#shell-header-logo"}
COMMAND: POST /session/92e25ae387a06d821b008f80a04495e6/element/f.2AE10C335A97376731A182912FB7EE33.d.879BE52BBC802DF7768FBC15AD7DA73C.e.1025/click - {}
COMMAND: POST /session/92e25ae387a06d821b008f80a04495e6/execute/sync - {"script":"<script> [8489 bytes]","args":[{"element-6066-11e4-a52e-4f735466cecf":"f.2AE10C335A97376731A182912FB7EE33.d.879BE52BBC802DF7768FBC15AD7DA73C.e.1025","ELEMENT":"f.2AE10C335A97376731A182912FB7EE33.d.879BE52BBC802DF7768FBC15AD7DA73C.e.1025"}]}
RESULT: {}
COMMAND: GET /session/92e25ae387a06d821b008f80a04495e6/screenshot - {}
RESULT: {"script":"<script> [8489 bytes]","args":[{"element-6066-11e4-a52e-4f735466cecf":"f.2AE10C335A97376731A182912FB7EE33.d.879BE52BBC802DF7768FBC15AD7DA73C.e.1025","ELEMENT":"f.2AE10C335A97376731A182912FB7EE33.d.879BE52BBC802DF7768FBC15AD7DA73C.e.1025"}]}
COMMAND: POST /session/92e25ae387a06d821b008f80a04495e6/execute/sync - {"script":"<script> [5351 bytes]","args":[{"element-6066-11e4-a52e-4f735466cecf":"f.2AE10C335A97376731A182912FB7EE33.d.879BE52BBC802DF7768FBC15AD7DA73C.e.1025","ELEMENT":"f.2AE10C335A97376731A182912FB7EE33.d.879BE52BBC802DF7768FBC15AD7DA73C.e.1025"}]}
COMMAND: GET /session/92e25ae387a06d821b008f80a04495e6/screenshot - {}
RESULT: {}
RESULT: {"script":"<script> [5351 bytes]","args":[{"element-6066-11e4-a52e-4f735466cecf":"f.2AE10C335A97376731A182912FB7EE33.d.879BE52BBC802DF7768FBC15AD7DA73C.e.1025","ELEMENT":"f.2AE10C335A97376731A182912FB7EE33.d.879BE52BBC802DF7768FBC15AD7DA73C.e.1025"}]}
COMMAND: GET /session/92e25ae387a06d821b008f80a04495e6/screenshot - {}
RESULT: {}
RESULT: {}
COMMAND: POST /session/92e25ae387a06d821b008f80a04495e6/window/fullscreen - {}
RESULT: {}
COMMAND: POST /session/92e25ae387a06d821b008f80a04495e6/execute/async - {"script":"<script> [1562 bytes]","args":[{"selector":{"controlType":"sap.m.GenericTile","properties":{"header":"Manage Partners"}},"wdio_ui5_key":"sapm.GenericTile{\"header\":\"Manage Partners\"}"}]}
RESULT: {"script":"<script> [1562 bytes]","args":[{"selector":{"controlType":"sap.m.GenericTile","properties":{"header":"Manage Partners"}},"wdio_ui5_key":"sapm.GenericTile{\"header\":\"Manage Partners\"}"}]}
RESULT: undefined
COMMAND: POST /session/92e25ae387a06d821b008f80a04495e6/element - {"using":"xpath","value":"//*[@id=\"__tile38\"]"}
RESULT: {"using":"xpath","value":"//*[@id=\"__tile38\"]"}
COMMAND: POST /session/92e25ae387a06d821b008f80a04495e6/element/f.2AE10C335A97376731A182912FB7EE33.d.879BE52BBC802DF7768FBC15AD7DA73C.e.153/click - {}
RESULT: {}
COMMAND: POST /session/92e25ae387a06d821b008f80a04495e6/element - {"using":"xpath","value":"//button[@data-kt=\"addButton\"]"}
COMMAND: GET /session/92e25ae387a06d821b008f80a04495e6/screenshot - {}
RESULT: {"using":"xpath","value":"//button[@data-kt=\"addButton\"]"}
COMMAND: POST /session/92e25ae387a06d821b008f80a04495e6/elements - {"using":"xpath","value":"//button[@data-kt=\"addButton\"]"}
RESULT: {}
RESULT: {"using":"xpath","value":"//button[@data-kt=\"addButton\"]"}
COMMAND: POST /session/92e25ae387a06d821b008f80a04495e6/elements - {"using":"xpath","value":"//button[@data-kt=\"addButton\"]"}
RESULT: {"using":"xpath","value":"//button[@data-kt=\"addButton\"]"}
COMMAND: POST /session/92e25ae387a06d821b008f80a04495e6/elements - {"using":"xpath","value":"//button[@data-kt=\"addButton\"]"}
RESULT: {"using":"xpath","value":"//button[@data-kt=\"addButton\"]"}
COMMAND: POST /session/92e25ae387a06d821b008f80a04495e6/elements - {"using":"xpath","value":"//button[@data-kt=\"addButton\"]"}
RESULT: {"using":"xpath","value":"//button[@data-kt=\"addButton\"]"}
COMMAND: POST /session/92e25ae387a06d821b008f80a04495e6/elements - {"using":"xpath","value":"//button[@data-kt=\"addButton\"]"}
RESULT: {"using":"xpath","value":"//button[@data-kt=\"addButton\"]"}
COMMAND: POST /session/92e25ae387a06d821b008f80a04495e6/elements - {"using":"xpath","value":"//button[@data-kt=\"addButton\"]"}
RESULT: {"using":"xpath","value":"//button[@data-kt=\"addButton\"]"}
COMMAND: POST /session/92e25ae387a06d821b008f80a04495e6/elements - {"using":"xpath","value":"//button[@data-kt=\"addButton\"]"}
RESULT: {"using":"xpath","value":"//button[@data-kt=\"addButton\"]"}
COMMAND: POST /session/92e25ae387a06d821b008f80a04495e6/elements - {"using":"xpath","value":"//button[@data-kt=\"addButton\"]"}
RESULT: {"using":"xpath","value":"//button[@data-kt=\"addButton\"]"}
COMMAND: POST /session/92e25ae387a06d821b008f80a04495e6/elements - {"using":"xpath","value":"//button[@data-kt=\"addButton\"]"}
RESULT: {"using":"xpath","value":"//button[@data-kt=\"addButton\"]"}
COMMAND: POST /session/92e25ae387a06d821b008f80a04495e6/elements - {"using":"xpath","value":"//button[@data-kt=\"addButton\"]"}
RESULT: {"using":"xpath","value":"//button[@data-kt=\"addButton\"]"}
COMMAND: POST /session/92e25ae387a06d821b008f80a04495e6/elements - {"using":"xpath","value":"//button[@data-kt=\"addButton\"]"}
RESULT: {"using":"xpath","value":"//button[@data-kt=\"addButton\"]"}
COMMAND: POST /session/92e25ae387a06d821b008f80a04495e6/element - {"using":"xpath","value":"//button[@data-kt=\"addButton\"]"}
RESULT: {"using":"xpath","value":"//button[@data-kt=\"addButton\"]"}
COMMAND: POST /session/92e25ae387a06d821b008f80a04495e6/execute/sync - {"script":"<script> [8489 bytes]","args":[{"element-6066-11e4-a52e-4f735466cecf":"f.2AE10C335A97376731A182912FB7EE33.d.879BE52BBC802DF7768FBC15AD7DA73C.e.1060","ELEMENT":"f.2AE10C335A97376731A182912FB7EE33.d.879BE52BBC802DF7768FBC15AD7DA73C.e.1060"}]}
RESULT: {"script":"<script> [8489 bytes]","args":[{"element-6066-11e4-a52e-4f735466cecf":"f.2AE10C335A97376731A182912FB7EE33.d.879BE52BBC802DF7768FBC15AD7DA73C.e.1060","ELEMENT":"f.2AE10C335A97376731A182912FB7EE33.d.879BE52BBC802DF7768FBC15AD7DA73C.e.1060"}]}
COMMAND: GET /session/92e25ae387a06d821b008f80a04495e6/element/f.2AE10C335A97376731A182912FB7EE33.d.879BE52BBC802DF7768FBC15AD7DA73C.e.1060/enabled - {}
COMMAND: GET /session/92e25ae387a06d821b008f80a04495e6/screenshot - {}
RESULT: {}
COMMAND: POST /session/92e25ae387a06d821b008f80a04495e6/execute/sync - {"script":"<script> [8489 bytes]","args":[{"element-6066-11e4-a52e-4f735466cecf":"f.2AE10C335A97376731A182912FB7EE33.d.879BE52BBC802DF7768FBC15AD7DA73C.e.1060","ELEMENT":"f.2AE10C335A97376731A182912FB7EE33.d.879BE52BBC802DF7768FBC15AD7DA73C.e.1060"}]}
COMMAND: GET /session/92e25ae387a06d821b008f80a04495e6/screenshot - {}
RESULT: {}
RESULT: {"script":"<script> [8489 bytes]","args":[{"element-6066-11e4-a52e-4f735466cecf":"f.2AE10C335A97376731A182912FB7EE33.d.879BE52BBC802DF7768FBC15AD7DA73C.e.1060","ELEMENT":"f.2AE10C335A97376731A182912FB7EE33.d.879BE52BBC802DF7768FBC15AD7DA73C.e.1060"}]}
COMMAND: POST /session/92e25ae387a06d821b008f80a04495e6/execute/sync - {"script":"<script> [5351 bytes]","args":[{"element-6066-11e4-a52e-4f735466cecf":"f.2AE10C335A97376731A182912FB7EE33.d.879BE52BBC802DF7768FBC15AD7DA73C.e.1060","ELEMENT":"f.2AE10C335A97376731A182912FB7EE33.d.879BE52BBC802DF7768FBC15AD7DA73C.e.1060"}]}
COMMAND: GET /session/92e25ae387a06d821b008f80a04495e6/screenshot - {}
RESULT: {}
RESULT: {"script":"<script> [5351 bytes]","args":[{"element-6066-11e4-a52e-4f735466cecf":"f.2AE10C335A97376731A182912FB7EE33.d.879BE52BBC802DF7768FBC15AD7DA73C.e.1060","ELEMENT":"f.2AE10C335A97376731A182912FB7EE33.d.879BE52BBC802DF7768FBC15AD7DA73C.e.1060"}]}
COMMAND: POST /session/92e25ae387a06d821b008f80a04495e6/element/f.2AE10C335A97376731A182912FB7EE33.d.879BE52BBC802DF7768FBC15AD7DA73C.e.1060/click - {}
COMMAND: GET /session/92e25ae387a06d821b008f80a04495e6/screenshot - {}
RESULT: {}
RESULT: {}
COMMAND: GET /session/92e25ae387a06d821b008f80a04495e6/screenshot - {}
COMMAND: POST /session/92e25ae387a06d821b008f80a04495e6/execute/async - {"script":"<script> [1562 bytes]","args":[{"selector":{"id":"application-managepartners-display-component---NewPartner--addressDetailDetailsName1","interaction":{"idSuffix":"inner"}},"wdio_ui5_key":"applicationmanagepartners-display-component---NewPartner--addressDetailDetailsName1"}]}
RESULT: {}
RESULT: {}
RESULT: {"script":"<script> [1562 bytes]","args":[{"selector":{"id":"application-managepartners-display-component---NewPartner--addressDetailDetailsName1","interaction":{"idSuffix":"inner"}},"wdio_ui5_key":"applicationmanagepartners-display-component---NewPartner--addressDetailDetailsName1"}]}
RESULT: undefined
COMMAND: POST /session/92e25ae387a06d821b008f80a04495e6/execute/async - {"script":"<script> [776 bytes]","args":[{"enterText":"External Partner WDIO","selector":{"id":"application-managepartners-display-component---NewPartner--addressDetailDetailsName1","interaction":{"idSuffix":"inner"}},"clearTextFirst":true,"interactionType":"ENTER_TEXT"}]}
RESULT: {"script":"<script> [776 bytes]","args":[{"enterText":"External Partner WDIO","selector":{"id":"application-managepartners-display-component---NewPartner--addressDetailDetailsName1","interaction":{"idSuffix":"inner"}},"clearTextFirst":true,"interactionType":"ENTER_TEXT"}]}
COMMAND: POST /session/92e25ae387a06d821b008f80a04495e6/execute/async - {"script":"<script> [1562 bytes]","args":[{"selector":{"id":"application-managepartners-display-component---NewPartner--addressDetailDetailsLanguage-arrow"},"wdio_ui5_key":"applicationmanagepartners-display-component---NewPartner--addressDetailDetailsLanguage-arrow"}]}
RESULT: {"script":"<script> [1562 bytes]","args":[{"selector":{"id":"application-managepartners-display-component---NewPartner--addressDetailDetailsLanguage-arrow"},"wdio_ui5_key":"applicationmanagepartners-display-component---NewPartner--addressDetailDetailsLanguage-arrow"}]}
RESULT: undefined
COMMAND: POST /session/92e25ae387a06d821b008f80a04495e6/element - {"using":"xpath","value":"//*[@id=\"application-managepartners-display-component---NewPartner--addressDetailDetailsLanguage-arrow\"]"}
RESULT: {"using":"xpath","value":"//*[@id=\"application-managepartners-display-component---NewPartner--addressDetailDetailsLanguage-arrow\"]"}
COMMAND: POST /session/92e25ae387a06d821b008f80a04495e6/element/f.2AE10C335A97376731A182912FB7EE33.d.879BE52BBC802DF7768FBC15AD7DA73C.e.1487/click - {}
RESULT: {}
COMMAND: POST /session/92e25ae387a06d821b008f80a04495e6/element - {"using":"xpath","value":"//span[contains(text(), \"English\")]"}
COMMAND: GET /session/92e25ae387a06d821b008f80a04495e6/screenshot - {}
RESULT: {"using":"xpath","value":"//span[contains(text(), \"English\")]"}
COMMAND: POST /session/92e25ae387a06d821b008f80a04495e6/element/f.2AE10C335A97376731A182912FB7EE33.d.879BE52BBC802DF7768FBC15AD7DA73C.e.1488/click - {}
RESULT: {}
RESULT: {}
COMMAND: GET /session/92e25ae387a06d821b008f80a04495e6/screenshot - {}
RESULT: {}
COMMAND: POST /session/92e25ae387a06d821b008f80a04495e6/execute/async - {"script":"<script> [1562 bytes]","args":[{"selector":{"id":"application-managepartners-display-component---NewPartner--addressDetailDetailsCity1","interaction":{"idSuffix":"inner"}},"wdio_ui5_key":"applicationmanagepartners-display-component---NewPartner--addressDetailDetailsCity1"}]}
RESULT: {"script":"<script> [1562 bytes]","args":[{"selector":{"id":"application-managepartners-display-component---NewPartner--addressDetailDetailsCity1","interaction":{"idSuffix":"inner"}},"wdio_ui5_key":"applicationmanagepartners-display-component---NewPartner--addressDetailDetailsCity1"}]}
RESULT: undefined
COMMAND: POST /session/92e25ae387a06d821b008f80a04495e6/execute/async - {"script":"<script> [776 bytes]","args":[{"enterText":"Rosario","selector":{"id":"application-managepartners-display-component---NewPartner--addressDetailDetailsCity1","interaction":{"idSuffix":"inner"}},"clearTextFirst":true,"interactionType":"ENTER_TEXT"}]}
RESULT: {"script":"<script> [776 bytes]","args":[{"enterText":"Rosario","selector":{"id":"application-managepartners-display-component---NewPartner--addressDetailDetailsCity1","interaction":{"idSuffix":"inner"}},"clearTextFirst":true,"interactionType":"ENTER_TEXT"}]}
COMMAND: POST /session/92e25ae387a06d821b008f80a04495e6/execute/async - {"script":"<script> [1562 bytes]","args":[{"selector":{"id":"application-managepartners-display-component---NewPartner--addressDetailDetailsCountry-arrow"},"wdio_ui5_key":"applicationmanagepartners-display-component---NewPartner--addressDetailDetailsCountry-arrow"}]}
RESULT: {"script":"<script> [1562 bytes]","args":[{"selector":{"id":"application-managepartners-display-component---NewPartner--addressDetailDetailsCountry-arrow"},"wdio_ui5_key":"applicationmanagepartners-display-component---NewPartner--addressDetailDetailsCountry-arrow"}]}
RESULT: undefined
COMMAND: POST /session/92e25ae387a06d821b008f80a04495e6/element - {"using":"xpath","value":"//*[@id=\"application-managepartners-display-component---NewPartner--addressDetailDetailsCountry-arrow\"]"}
RESULT: {"using":"xpath","value":"//*[@id=\"application-managepartners-display-component---NewPartner--addressDetailDetailsCountry-arrow\"]"}
COMMAND: POST /session/92e25ae387a06d821b008f80a04495e6/element/f.2AE10C335A97376731A182912FB7EE33.d.879BE52BBC802DF7768FBC15AD7DA73C.e.1467/click - {}
RESULT: {}
COMMAND: POST /session/92e25ae387a06d821b008f80a04495e6/element - {"using":"xpath","value":"//span[contains(text(), \"Argentina\")]"}
COMMAND: GET /session/92e25ae387a06d821b008f80a04495e6/screenshot - {}
RESULT: {"using":"xpath","value":"//span[contains(text(), \"Argentina\")]"}
COMMAND: POST /session/92e25ae387a06d821b008f80a04495e6/element/f.2AE10C335A97376731A182912FB7EE33.d.879BE52BBC802DF7768FBC15AD7DA73C.e.1490/click - {}
RESULT: {}
RESULT: {}
COMMAND: GET /session/92e25ae387a06d821b008f80a04495e6/screenshot - {}
RESULT: {}
COMMAND: POST /session/92e25ae387a06d821b008f80a04495e6/element - {"using":"xpath","value":"//bdi[contains(text(), \"Commercial\")]"}
RESULT: {"using":"xpath","value":"//bdi[contains(text(), \"Commercial\")]"}
COMMAND: POST /session/92e25ae387a06d821b008f80a04495e6/element/f.2AE10C335A97376731A182912FB7EE33.d.879BE52BBC802DF7768FBC15AD7DA73C.e.1491/click - {}
RESULT: {}
COMMAND: GET /session/92e25ae387a06d821b008f80a04495e6/screenshot - {}
RESULT: {}
COMMAND: POST /session/92e25ae387a06d821b008f80a04495e6/execute/async - {"script":"<script> [1562 bytes]","args":[{"selector":{"id":"application-managepartners-display-component---NewPartner--partnerDetailInternal-arrow"},"wdio_ui5_key":"applicationmanagepartners-display-component---NewPartner--partnerDetailInternal-arrow"}]}
RESULT: {"script":"<script> [1562 bytes]","args":[{"selector":{"id":"application-managepartners-display-component---NewPartner--partnerDetailInternal-arrow"},"wdio_ui5_key":"applicationmanagepartners-display-component---NewPartner--partnerDetailInternal-arrow"}]}
RESULT: undefined
COMMAND: POST /session/92e25ae387a06d821b008f80a04495e6/element - {"using":"xpath","value":"//*[@id=\"application-managepartners-display-component---NewPartner--partnerDetailInternal-arrow\"]"}
RESULT: {"using":"xpath","value":"//*[@id=\"application-managepartners-display-component---NewPartner--partnerDetailInternal-arrow\"]"}
COMMAND: POST /session/92e25ae387a06d821b008f80a04495e6/element/f.2AE10C335A97376731A182912FB7EE33.d.879BE52BBC802DF7768FBC15AD7DA73C.e.1497/click - {}
RESULT: {}
COMMAND: POST /session/92e25ae387a06d821b008f80a04495e6/element - {"using":"xpath","value":"//span[contains(text(), \"External partner\")]"}
COMMAND: GET /session/92e25ae387a06d821b008f80a04495e6/screenshot - {}
RESULT: {"using":"xpath","value":"//span[contains(text(), \"External partner\")]"}
COMMAND: POST /session/92e25ae387a06d821b008f80a04495e6/element/f.2AE10C335A97376731A182912FB7EE33.d.879BE52BBC802DF7768FBC15AD7DA73C.e.1500/click - {}
RESULT: {}
RESULT: {}
COMMAND: POST /session/92e25ae387a06d821b008f80a04495e6/execute/async - {"script":"<script> [1562 bytes]","args":[{"selector":{"id":"application-managepartners-display-component---NewPartner--partnerDetailsCurrency-arrow"},"wdio_ui5_key":"applicationmanagepartners-display-component---NewPartner--partnerDetailsCurrency-arrow"}]}
COMMAND: GET /session/92e25ae387a06d821b008f80a04495e6/screenshot - {}
RESULT: {"script":"<script> [1562 bytes]","args":[{"selector":{"id":"application-managepartners-display-component---NewPartner--partnerDetailsCurrency-arrow"},"wdio_ui5_key":"applicationmanagepartners-display-component---NewPartner--partnerDetailsCurrency-arrow"}]}
RESULT: undefined
COMMAND: POST /session/92e25ae387a06d821b008f80a04495e6/element - {"using":"xpath","value":"//*[@id=\"application-managepartners-display-component---NewPartner--partnerDetailsCurrency-arrow\"]"}
RESULT: {}
RESULT: {"using":"xpath","value":"//*[@id=\"application-managepartners-display-component---NewPartner--partnerDetailsCurrency-arrow\"]"}
COMMAND: POST /session/92e25ae387a06d821b008f80a04495e6/element/f.2AE10C335A97376731A182912FB7EE33.d.879BE52BBC802DF7768FBC15AD7DA73C.e.1505/click - {}
RESULT: {}
COMMAND: POST /session/92e25ae387a06d821b008f80a04495e6/element - {"using":"xpath","value":"//span[contains(text(), \"US Dollar\")]"}
COMMAND: GET /session/92e25ae387a06d821b008f80a04495e6/screenshot - {}
RESULT: {"using":"xpath","value":"//span[contains(text(), \"US Dollar\")]"}
COMMAND: POST /session/92e25ae387a06d821b008f80a04495e6/element/f.2AE10C335A97376731A182912FB7EE33.d.879BE52BBC802DF7768FBC15AD7DA73C.e.1506/click - {}
RESULT: {}
RESULT: {}
COMMAND: GET /session/92e25ae387a06d821b008f80a04495e6/screenshot - {}
RESULT: {}
COMMAND: POST /session/92e25ae387a06d821b008f80a04495e6/element - {"using":"xpath","value":"//input[@id=\"application-managepartners-display-component---NewPartner--companyCodeComboBox-inner\"]"}
RESULT: {"using":"xpath","value":"//input[@id=\"application-managepartners-display-component---NewPartner--companyCodeComboBox-inner\"]"}
COMMAND: POST /session/92e25ae387a06d821b008f80a04495e6/element/f.2AE10C335A97376731A182912FB7EE33.d.879BE52BBC802DF7768FBC15AD7DA73C.e.1373/clear - {}
RESULT: {}
COMMAND: POST /session/92e25ae387a06d821b008f80a04495e6/element/f.2AE10C335A97376731A182912FB7EE33.d.879BE52BBC802DF7768FBC15AD7DA73C.e.1373/value - {"text":"C002"}
COMMAND: GET /session/92e25ae387a06d821b008f80a04495e6/screenshot - {}
RESULT: {"text":"C002"}
COMMAND: GET /session/92e25ae387a06d821b008f80a04495e6/screenshot - {}
RESULT: {}
RESULT: {}
COMMAND: POST /session/92e25ae387a06d821b008f80a04495e6/element - {"using":"xpath","value":"//li[.//span[text()= \"C002\"]]"}
RESULT: {"using":"xpath","value":"//li[.//span[text()= \"C002\"]]"}
COMMAND: POST /session/92e25ae387a06d821b008f80a04495e6/element/f.2AE10C335A97376731A182912FB7EE33.d.879BE52BBC802DF7768FBC15AD7DA73C.e.1510/click - {}
RESULT: {}
COMMAND: GET /session/92e25ae387a06d821b008f80a04495e6/screenshot - {}
RESULT: {}
COMMAND: POST /session/92e25ae387a06d821b008f80a04495e6/execute/async - {"script":"<script> [1562 bytes]","args":[{"selector":{"id":"application-managepartners-display-component---NewPartner--btnAddTableRow-img"},"wdio_ui5_key":"applicationmanagepartners-display-component---NewPartner--btnAddTableRow-img"}]}
RESULT: {"script":"<script> [1562 bytes]","args":[{"selector":{"id":"application-managepartners-display-component---NewPartner--btnAddTableRow-img"},"wdio_ui5_key":"applicationmanagepartners-display-component---NewPartner--btnAddTableRow-img"}]}
RESULT: undefined
COMMAND: POST /session/92e25ae387a06d821b008f80a04495e6/element - {"using":"xpath","value":"//*[@id=\"application-managepartners-display-component---NewPartner--btnAddTableRow-img\"]"}
RESULT: {"using":"xpath","value":"//*[@id=\"application-managepartners-display-component---NewPartner--btnAddTableRow-img\"]"}
COMMAND: POST /session/92e25ae387a06d821b008f80a04495e6/element/f.2AE10C335A97376731A182912FB7EE33.d.879BE52BBC802DF7768FBC15AD7DA73C.e.1511/click - {}
RESULT: {}
COMMAND: GET /session/92e25ae387a06d821b008f80a04495e6/screenshot - {}
RESULT: {}
COMMAND: POST /session/92e25ae387a06d821b008f80a04495e6/element - {"using":"xpath","value":"//input[@id=\"application-managepartners-display-component---NewPartner--assignmentYard-application-managepartners-display-component---NewPartner--assignmentsTable-0-inner\"]"}
RESULT: {"using":"xpath","value":"//input[@id=\"application-managepartners-display-component---NewPartner--assignmentYard-application-managepartners-display-component---NewPartner--assignmentsTable-0-inner\"]"}
COMMAND: POST /session/92e25ae387a06d821b008f80a04495e6/element/f.2AE10C335A97376731A182912FB7EE33.d.879BE52BBC802DF7768FBC15AD7DA73C.e.1514/clear - {}
RESULT: {}
COMMAND: POST /session/92e25ae387a06d821b008f80a04495e6/element/f.2AE10C335A97376731A182912FB7EE33.d.879BE52BBC802DF7768FBC15AD7DA73C.e.1514/value - {"text":"275"}
COMMAND: GET /session/92e25ae387a06d821b008f80a04495e6/screenshot - {}
RESULT: {"text":"275"}
COMMAND: GET /session/92e25ae387a06d821b008f80a04495e6/screenshot - {}
RESULT: {}
RESULT: {}
COMMAND: POST /session/92e25ae387a06d821b008f80a04495e6/element - {"using":"xpath","value":"//li[.//span[text()='275']]"}
RESULT: {"using":"xpath","value":"//li[.//span[text()='275']]"}
COMMAND: POST /session/92e25ae387a06d821b008f80a04495e6/element/f.2AE10C335A97376731A182912FB7EE33.d.879BE52BBC802DF7768FBC15AD7DA73C.e.1523/click - {}
RESULT: {}
COMMAND: GET /session/92e25ae387a06d821b008f80a04495e6/screenshot - {}
RESULT: {}
COMMAND: POST /session/92e25ae387a06d821b008f80a04495e6/actions - {"actions":[{"id":"action2","type":"key","parameters":{},"actions":[{"type":"keyDown","value":"î€‡"},{"type":"pause","duration":10},{"type":"keyUp","value":"î€‡"}]}]}
RESULT: {"actions":[{"id":"action2","type":"key","parameters":{},"actions":[{"type":"keyDown","value":"î€‡"},{"type":"pause","duration":10},{"type":"keyUp","value":"î€‡"}]}]}
COMMAND: POST /session/92e25ae387a06d821b008f80a04495e6/element - {"using":"xpath","value":"//td[contains(@id, \"assignmentsTable-0-cell2\")]/div/div"}
COMMAND: GET /session/92e25ae387a06d821b008f80a04495e6/screenshot - {}
RESULT: {"using":"xpath","value":"//td[contains(@id, \"assignmentsTable-0-cell2\")]/div/div"}
COMMAND: POST /session/92e25ae387a06d821b008f80a04495e6/element/f.2AE10C335A97376731A182912FB7EE33.d.879BE52BBC802DF7768FBC15AD7DA73C.e.1526/click - {}
RESULT: {}
RESULT: {}
COMMAND: GET /session/92e25ae387a06d821b008f80a04495e6/screenshot - {}
RESULT: {}
COMMAND: POST /session/92e25ae387a06d821b008f80a04495e6/element - {"using":"xpath","value":"//button[@data-kt=\"saveButton\"]"}
RESULT: {"using":"xpath","value":"//button[@data-kt=\"saveButton\"]"}
COMMAND: POST /session/92e25ae387a06d821b008f80a04495e6/element/f.2AE10C335A97376731A182912FB7EE33.d.879BE52BBC802DF7768FBC15AD7DA73C.e.1406/click - {}
RESULT: {}
COMMAND: GET /session/92e25ae387a06d821b008f80a04495e6/screenshot - {}
RESULT: {}
COMMAND: POST /session/92e25ae387a06d821b008f80a04495e6/element - {"using":"xpath","value":"//header[contains(@id, 'ObjectPageLayout-headerTitle')]/div[1]/div[2]/div[2]/span[1]"}
RESULT: {"using":"xpath","value":"//header[contains(@id, 'ObjectPageLayout-headerTitle')]/div[1]/div[2]/div[2]/span[1]"}
COMMAND: POST /session/92e25ae387a06d821b008f80a04495e6/elements - {"using":"xpath","value":"//header[contains(@id, 'ObjectPageLayout-headerTitle')]/div[1]/div[2]/div[2]/span[1]"}
RESULT: {"using":"xpath","value":"//header[contains(@id, 'ObjectPageLayout-headerTitle')]/div[1]/div[2]/div[2]/span[1]"}
COMMAND: POST /session/92e25ae387a06d821b008f80a04495e6/execute/sync - {"script":"<script> [56 bytes]","args":[{"element-6066-11e4-a52e-4f735466cecf":"f.2AE10C335A97376731A182912FB7EE33.d.879BE52BBC802DF7768FBC15AD7DA73C.e.1686","ELEMENT":"f.2AE10C335A97376731A182912FB7EE33.d.879BE52BBC802DF7768FBC15AD7DA73C.e.1686"}]}
RESULT: {"script":"<script> [56 bytes]","args":[{"element-6066-11e4-a52e-4f735466cecf":"f.2AE10C335A97376731A182912FB7EE33.d.879BE52BBC802DF7768FBC15AD7DA73C.e.1686","ELEMENT":"f.2AE10C335A97376731A182912FB7EE33.d.879BE52BBC802DF7768FBC15AD7DA73C.e.1686"}]}
COMMAND: POST /session/92e25ae387a06d821b008f80a04495e6/element - {"using":"css selector","value":"#shell-header-logo"}
COMMAND: GET /session/92e25ae387a06d821b008f80a04495e6/screenshot - {}
RESULT: {"using":"css selector","value":"#shell-header-logo"}
COMMAND: POST /session/92e25ae387a06d821b008f80a04495e6/element/f.2AE10C335A97376731A182912FB7EE33.d.879BE52BBC802DF7768FBC15AD7DA73C.e.1025/click - {}
RESULT: {}
RESULT: {}
COMMAND: GET /session/92e25ae387a06d821b008f80a04495e6/screenshot - {}
RESULT: {}
COMMAND: POST /session/92e25ae387a06d821b008f80a04495e6/execute/sync - {"script":"<script> [299 bytes]","args":[["getModel","getResource"]]}
RESULT: {"script":"<script> [299 bytes]","args":[["getModel","getResource"]]}
]]></system-out>
    </testcase>
    <testcase classname="chrome.136_0_7103_49.windows.Partner_specific_tests_US150819_US151080_US151654_US151176_US103444_US151078_US151079_US151109_US151174_US151175_US151189" name="Should filter and search partners US151080" time="101.188">
      <system-out><![CDATA[
COMMAND: POST /session/92e25ae387a06d821b008f80a04495e6/element - {"using":"xpath","value":"//li[.//span[text()=\"Manage Partners\"]]"}
COMMAND: GET /session/92e25ae387a06d821b008f80a04495e6/screenshot - {}
RESULT: {"using":"xpath","value":"//li[.//span[text()=\"Manage Partners\"]]"}
COMMAND: POST /session/92e25ae387a06d821b008f80a04495e6/element - {"using":"xpath","value":"//li[.//span[text()=\"Manage Partners\"]]"}
RESULT: {}
RESULT: {"using":"xpath","value":"//li[.//span[text()=\"Manage Partners\"]]"}
COMMAND: POST /session/92e25ae387a06d821b008f80a04495e6/element - {"using":"css selector","value":"#shell-header-logo"}
RESULT: {"using":"css selector","value":"#shell-header-logo"}
COMMAND: POST /session/92e25ae387a06d821b008f80a04495e6/element/f.2AE10C335A97376731A182912FB7EE33.d.879BE52BBC802DF7768FBC15AD7DA73C.e.1688/click - {}
COMMAND: POST /session/92e25ae387a06d821b008f80a04495e6/execute/sync - {"script":"<script> [8489 bytes]","args":[{"element-6066-11e4-a52e-4f735466cecf":"f.2AE10C335A97376731A182912FB7EE33.d.879BE52BBC802DF7768FBC15AD7DA73C.e.1688","ELEMENT":"f.2AE10C335A97376731A182912FB7EE33.d.879BE52BBC802DF7768FBC15AD7DA73C.e.1688"}]}
RESULT: {}
COMMAND: GET /session/92e25ae387a06d821b008f80a04495e6/screenshot - {}
RESULT: {"script":"<script> [8489 bytes]","args":[{"element-6066-11e4-a52e-4f735466cecf":"f.2AE10C335A97376731A182912FB7EE33.d.879BE52BBC802DF7768FBC15AD7DA73C.e.1688","ELEMENT":"f.2AE10C335A97376731A182912FB7EE33.d.879BE52BBC802DF7768FBC15AD7DA73C.e.1688"}]}
COMMAND: POST /session/92e25ae387a06d821b008f80a04495e6/execute/sync - {"script":"<script> [5351 bytes]","args":[{"element-6066-11e4-a52e-4f735466cecf":"f.2AE10C335A97376731A182912FB7EE33.d.879BE52BBC802DF7768FBC15AD7DA73C.e.1688","ELEMENT":"f.2AE10C335A97376731A182912FB7EE33.d.879BE52BBC802DF7768FBC15AD7DA73C.e.1688"}]}
COMMAND: GET /session/92e25ae387a06d821b008f80a04495e6/screenshot - {}
RESULT: {}
RESULT: {}
RESULT: {"script":"<script> [5351 bytes]","args":[{"element-6066-11e4-a52e-4f735466cecf":"f.2AE10C335A97376731A182912FB7EE33.d.879BE52BBC802DF7768FBC15AD7DA73C.e.1688","ELEMENT":"f.2AE10C335A97376731A182912FB7EE33.d.879BE52BBC802DF7768FBC15AD7DA73C.e.1688"}]}
COMMAND: GET /session/92e25ae387a06d821b008f80a04495e6/screenshot - {}
RESULT: {}
RESULT: undefined
COMMAND: POST /session/92e25ae387a06d821b008f80a04495e6/element - {"using":"xpath","value":"//*[@id=\"__tile38\"]"}
RESULT: {"using":"xpath","value":"//*[@id=\"__tile38\"]"}
COMMAND: POST /session/92e25ae387a06d821b008f80a04495e6/element/f.2AE10C335A97376731A182912FB7EE33.d.879BE52BBC802DF7768FBC15AD7DA73C.e.153/click - {}
RESULT: {}
COMMAND: POST /session/92e25ae387a06d821b008f80a04495e6/element - {"using":"xpath","value":"//button[@data-kt=\"addButton\"]"}
COMMAND: GET /session/92e25ae387a06d821b008f80a04495e6/screenshot - {}
RESULT: {"using":"xpath","value":"//button[@data-kt=\"addButton\"]"}
COMMAND: POST /session/92e25ae387a06d821b008f80a04495e6/elements - {"using":"xpath","value":"//button[@data-kt=\"addButton\"]"}
RESULT: {}
RESULT: {"using":"xpath","value":"//button[@data-kt=\"addButton\"]"}
COMMAND: POST /session/92e25ae387a06d821b008f80a04495e6/elements - {"using":"xpath","value":"//button[@data-kt=\"addButton\"]"}
RESULT: {"using":"xpath","value":"//button[@data-kt=\"addButton\"]"}
COMMAND: POST /session/92e25ae387a06d821b008f80a04495e6/element - {"using":"xpath","value":"//button[@data-kt=\"addButton\"]"}
RESULT: {"using":"xpath","value":"//button[@data-kt=\"addButton\"]"}
COMMAND: POST /session/92e25ae387a06d821b008f80a04495e6/execute/sync - {"script":"<script> [8489 bytes]","args":[{"element-6066-11e4-a52e-4f735466cecf":"f.2AE10C335A97376731A182912FB7EE33.d.879BE52BBC802DF7768FBC15AD7DA73C.e.1723","ELEMENT":"f.2AE10C335A97376731A182912FB7EE33.d.879BE52BBC802DF7768FBC15AD7DA73C.e.1723"}]}
RESULT: {"script":"<script> [8489 bytes]","args":[{"element-6066-11e4-a52e-4f735466cecf":"f.2AE10C335A97376731A182912FB7EE33.d.879BE52BBC802DF7768FBC15AD7DA73C.e.1723","ELEMENT":"f.2AE10C335A97376731A182912FB7EE33.d.879BE52BBC802DF7768FBC15AD7DA73C.e.1723"}]}
COMMAND: GET /session/92e25ae387a06d821b008f80a04495e6/element/f.2AE10C335A97376731A182912FB7EE33.d.879BE52BBC802DF7768FBC15AD7DA73C.e.1723/enabled - {}
COMMAND: GET /session/92e25ae387a06d821b008f80a04495e6/screenshot - {}
RESULT: {}
COMMAND: POST /session/92e25ae387a06d821b008f80a04495e6/execute/sync - {"script":"<script> [8489 bytes]","args":[{"element-6066-11e4-a52e-4f735466cecf":"f.2AE10C335A97376731A182912FB7EE33.d.879BE52BBC802DF7768FBC15AD7DA73C.e.1723","ELEMENT":"f.2AE10C335A97376731A182912FB7EE33.d.879BE52BBC802DF7768FBC15AD7DA73C.e.1723"}]}
COMMAND: GET /session/92e25ae387a06d821b008f80a04495e6/screenshot - {}
RESULT: {}
RESULT: {"script":"<script> [8489 bytes]","args":[{"element-6066-11e4-a52e-4f735466cecf":"f.2AE10C335A97376731A182912FB7EE33.d.879BE52BBC802DF7768FBC15AD7DA73C.e.1723","ELEMENT":"f.2AE10C335A97376731A182912FB7EE33.d.879BE52BBC802DF7768FBC15AD7DA73C.e.1723"}]}
COMMAND: POST /session/92e25ae387a06d821b008f80a04495e6/execute/sync - {"script":"<script> [5351 bytes]","args":[{"element-6066-11e4-a52e-4f735466cecf":"f.2AE10C335A97376731A182912FB7EE33.d.879BE52BBC802DF7768FBC15AD7DA73C.e.1723","ELEMENT":"f.2AE10C335A97376731A182912FB7EE33.d.879BE52BBC802DF7768FBC15AD7DA73C.e.1723"}]}
COMMAND: GET /session/92e25ae387a06d821b008f80a04495e6/screenshot - {}
RESULT: {}
RESULT: {"script":"<script> [5351 bytes]","args":[{"element-6066-11e4-a52e-4f735466cecf":"f.2AE10C335A97376731A182912FB7EE33.d.879BE52BBC802DF7768FBC15AD7DA73C.e.1723","ELEMENT":"f.2AE10C335A97376731A182912FB7EE33.d.879BE52BBC802DF7768FBC15AD7DA73C.e.1723"}]}
COMMAND: GET /session/92e25ae387a06d821b008f80a04495e6/screenshot - {}
RESULT: {}
RESULT: {}
COMMAND: POST /session/92e25ae387a06d821b008f80a04495e6/execute/async - {"script":"<script> [1562 bytes]","args":[{"selector":{"id":"application-managepartners-display-component---masterPtm--smartTable-btnPersonalisation-img"},"wdio_ui5_key":"applicationmanagepartners-display-component---masterPtm--smartTable-btnPersonalisation-img"}]}
RESULT: {"script":"<script> [1562 bytes]","args":[{"selector":{"id":"application-managepartners-display-component---masterPtm--smartTable-btnPersonalisation-img"},"wdio_ui5_key":"applicationmanagepartners-display-component---masterPtm--smartTable-btnPersonalisation-img"}]}
RESULT: undefined
COMMAND: POST /session/92e25ae387a06d821b008f80a04495e6/element - {"using":"xpath","value":"//*[@id=\"application-managepartners-display-component---masterPtm--smartTable-btnPersonalisation-img\"]"}
RESULT: {"using":"xpath","value":"//*[@id=\"application-managepartners-display-component---masterPtm--smartTable-btnPersonalisation-img\"]"}
COMMAND: POST /session/92e25ae387a06d821b008f80a04495e6/element/f.2AE10C335A97376731A182912FB7EE33.d.879BE52BBC802DF7768FBC15AD7DA73C.e.1739/click - {}
RESULT: {}
COMMAND: GET /session/92e25ae387a06d821b008f80a04495e6/screenshot - {}
RESULT: {}
COMMAND: POST /session/92e25ae387a06d821b008f80a04495e6/execute/async - {"script":"<script> [1562 bytes]","args":[{"selector":{"controlType":"sap.m.IconTabFilter","viewName":"etm.portal.ui.managepartners.view.Master","viewId":"application-managepartners-display-component---masterPtm","properties":{"text":"Sort"},"searchOpenDialogs":true,"interaction":{"idSuffix":"text"}},"wdio_ui5_key":"etmportal.ui.managepartners.view.Mastersap.m.IconTabFilter{\"text\":\"Sort\"}"}]}
RESULT: {"script":"<script> [1562 bytes]","args":[{"selector":{"controlType":"sap.m.IconTabFilter","viewName":"etm.portal.ui.managepartners.view.Master","viewId":"application-managepartners-display-component---masterPtm","properties":{"text":"Sort"},"searchOpenDialogs":true,"interaction":{"idSuffix":"text"}},"wdio_ui5_key":"etmportal.ui.managepartners.view.Mastersap.m.IconTabFilter{\"text\":\"Sort\"}"}]}
RESULT: undefined
COMMAND: POST /session/92e25ae387a06d821b008f80a04495e6/element - {"using":"xpath","value":"//*[@id=\"__filter1\"]"}
RESULT: {"using":"xpath","value":"//*[@id=\"__filter1\"]"}
COMMAND: POST /session/92e25ae387a06d821b008f80a04495e6/element/f.2AE10C335A97376731A182912FB7EE33.d.879BE52BBC802DF7768FBC15AD7DA73C.e.1877/click - {}
RESULT: {}
COMMAND: GET /session/92e25ae387a06d821b008f80a04495e6/screenshot - {}
RESULT: {}
COMMAND: POST /session/92e25ae387a06d821b008f80a04495e6/element - {"using":"xpath","value":"//input[@placeholder=\"Sort by\"]/following-sibling::div//span"}
RESULT: {"using":"xpath","value":"//input[@placeholder=\"Sort by\"]/following-sibling::div//span"}
COMMAND: POST /session/92e25ae387a06d821b008f80a04495e6/element/f.2AE10C335A97376731A182912FB7EE33.d.879BE52BBC802DF7768FBC15AD7DA73C.e.1879/click - {}
RESULT: {}
COMMAND: GET /session/92e25ae387a06d821b008f80a04495e6/screenshot - {}
RESULT: {}
COMMAND: POST /session/92e25ae387a06d821b008f80a04495e6/element - {"using":"xpath","value":"//li[.//span[text()=\"Language\"]]"}
RESULT: {"using":"xpath","value":"//li[.//span[text()=\"Language\"]]"}
COMMAND: POST /session/92e25ae387a06d821b008f80a04495e6/element/f.2AE10C335A97376731A182912FB7EE33.d.879BE52BBC802DF7768FBC15AD7DA73C.e.1880/click - {}
RESULT: {}
COMMAND: GET /session/92e25ae387a06d821b008f80a04495e6/screenshot - {}
RESULT: {}
COMMAND: POST /session/92e25ae387a06d821b008f80a04495e6/element - {"using":"xpath","value":"//bdi[contains(text(), \"OK\")]"}
RESULT: {"using":"xpath","value":"//bdi[contains(text(), \"OK\")]"}
COMMAND: POST /session/92e25ae387a06d821b008f80a04495e6/element/f.2AE10C335A97376731A182912FB7EE33.d.879BE52BBC802DF7768FBC15AD7DA73C.e.1884/click - {}
RESULT: {}
COMMAND: GET /session/92e25ae387a06d821b008f80a04495e6/screenshot - {}
RESULT: {}
COMMAND: POST /session/92e25ae387a06d821b008f80a04495e6/element - {"using":"xpath","value":"//table[contains(@id, \"customPartnersTable\")]//tbody/tr[1]/td[3]/span"}
RESULT: {"using":"xpath","value":"//table[contains(@id, \"customPartnersTable\")]//tbody/tr[1]/td[3]/span"}
COMMAND: POST /session/92e25ae387a06d821b008f80a04495e6/execute/sync - {"script":"<script> [56 bytes]","args":[{"element-6066-11e4-a52e-4f735466cecf":"f.2AE10C335A97376731A182912FB7EE33.d.879BE52BBC802DF7768FBC15AD7DA73C.e.2002","ELEMENT":"f.2AE10C335A97376731A182912FB7EE33.d.879BE52BBC802DF7768FBC15AD7DA73C.e.2002"}]}
RESULT: {"script":"<script> [56 bytes]","args":[{"element-6066-11e4-a52e-4f735466cecf":"f.2AE10C335A97376731A182912FB7EE33.d.879BE52BBC802DF7768FBC15AD7DA73C.e.2002","ELEMENT":"f.2AE10C335A97376731A182912FB7EE33.d.879BE52BBC802DF7768FBC15AD7DA73C.e.2002"}]}
RESULT: undefined
COMMAND: POST /session/92e25ae387a06d821b008f80a04495e6/element - {"using":"xpath","value":"//*[@id=\"application-managepartners-display-component---masterPtm--smartTable-btnPersonalisation-img\"]"}
COMMAND: GET /session/92e25ae387a06d821b008f80a04495e6/screenshot - {}
RESULT: {"using":"xpath","value":"//*[@id=\"application-managepartners-display-component---masterPtm--smartTable-btnPersonalisation-img\"]"}
COMMAND: POST /session/92e25ae387a06d821b008f80a04495e6/element/f.2AE10C335A97376731A182912FB7EE33.d.879BE52BBC802DF7768FBC15AD7DA73C.e.1739/click - {}
[...]
RESULT: {}
COMMAND: GET /session/92e25ae387a06d821b008f80a04495e6/screenshot - {}
RESULT: {}
COMMAND: POST /session/92e25ae387a06d821b008f80a04495e6/element - {"using":"xpath","value":"//button[@data-kt=\"newYardSaveButton\"]"}
RESULT: {"using":"xpath","value":"//button[@data-kt=\"newYardSaveButton\"]"}
COMMAND: POST /session/92e25ae387a06d821b008f80a04495e6/element/f.2AE10C335A97376731A182912FB7EE33.d.9B3DADD2D00C95FCB95E24B604D68433.e.12634/click - {}
RESULT: {}
COMMAND: GET /session/92e25ae387a06d821b008f80a04495e6/screenshot - {}
RESULT: {}
COMMAND: POST /session/92e25ae387a06d821b008f80a04495e6/element - {"using":"xpath","value":"//header[contains(@id, 'ObjectPageLayout-headerTitle')]/div[1]/div[2]/div[1]/span[1]"}
RESULT: {"using":"xpath","value":"//header[contains(@id, 'ObjectPageLayout-headerTitle')]/div[1]/div[2]/div[1]/span[1]"}
COMMAND: POST /session/92e25ae387a06d821b008f80a04495e6/elements - {"using":"xpath","value":"//header[contains(@id, 'ObjectPageLayout-headerTitle')]/div[1]/div[2]/div[1]/span[1]"}
RESULT: {"using":"xpath","value":"//header[contains(@id, 'ObjectPageLayout-headerTitle')]/div[1]/div[2]/div[1]/span[1]"}
COMMAND: POST /session/92e25ae387a06d821b008f80a04495e6/execute/sync - {"script":"<script> [56 bytes]","args":[{"element-6066-11e4-a52e-4f735466cecf":"f.2AE10C335A97376731A182912FB7EE33.d.9B3DADD2D00C95FCB95E24B604D68433.e.12944","ELEMENT":"f.2AE10C335A97376731A182912FB7EE33.d.9B3DADD2D00C95FCB95E24B604D68433.e.12944"}]}
RESULT: {"script":"<script> [56 bytes]","args":[{"element-6066-11e4-a52e-4f735466cecf":"f.2AE10C335A97376731A182912FB7EE33.d.9B3DADD2D00C95FCB95E24B604D68433.e.12944","ELEMENT":"f.2AE10C335A97376731A182912FB7EE33.d.9B3DADD2D00C95FCB95E24B604D68433.e.12944"}]}
COMMAND: GET /session/92e25ae387a06d821b008f80a04495e6/screenshot - {}
RESULT: {}
COMMAND: POST /session/92e25ae387a06d821b008f80a04495e6/element - {"using":"css selector","value":"#shell-header-logo"}
RESULT: {"using":"css selector","value":"#shell-header-logo"}
COMMAND: POST /session/92e25ae387a06d821b008f80a04495e6/element/f.2AE10C335A97376731A182912FB7EE33.d.9B3DADD2D00C95FCB95E24B604D68433.e.12211/click - {}
RESULT: {}
COMMAND: GET /session/92e25ae387a06d821b008f80a04495e6/screenshot - {}
RESULT: {}
COMMAND: POST /session/92e25ae387a06d821b008f80a04495e6/execute/sync - {"script":"<script> [299 bytes]","args":[["getModel","getResource"]]}
RESULT: {"script":"<script> [299 bytes]","args":[["getModel","getResource"]]}
]]></system-out>
    </testcase>
    <testcase classname="chrome.136_0_7103_49.windows.Create_partner_US118246" name="Should create new external WHM partner" time="96.172">
      <system-out><![CDATA[
COMMAND: POST /session/92e25ae387a06d821b008f80a04495e6/window/fullscreen - {}
COMMAND: GET /session/92e25ae387a06d821b008f80a04495e6/screenshot - {}
RESULT: {}
RESULT: undefined
COMMAND: POST /session/92e25ae387a06d821b008f80a04495e6/element - {"using":"xpath","value":"//*[@id=\"__tile38\"]"}
RESULT: {}
RESULT: {"using":"xpath","value":"//*[@id=\"__tile38\"]"}
COMMAND: POST /session/92e25ae387a06d821b008f80a04495e6/element/f.2AE10C335A97376731A182912FB7EE33.d.9B3DADD2D00C95FCB95E24B604D68433.e.10668/click - {}
RESULT: {}
COMMAND: POST /session/92e25ae387a06d821b008f80a04495e6/element - {"using":"xpath","value":"//button[@data-kt=\"addButton\"]"}
COMMAND: GET /session/92e25ae387a06d821b008f80a04495e6/screenshot - {}
RESULT: {"using":"xpath","value":"//button[@data-kt=\"addButton\"]"}
COMMAND: POST /session/92e25ae387a06d821b008f80a04495e6/elements - {"using":"xpath","value":"//button[@data-kt=\"addButton\"]"}
RESULT: {}
RESULT: {"using":"xpath","value":"//button[@data-kt=\"addButton\"]"}
COMMAND: POST /session/92e25ae387a06d821b008f80a04495e6/elements - {"using":"xpath","value":"//button[@data-kt=\"addButton\"]"}
RESULT: {"using":"xpath","value":"//button[@data-kt=\"addButton\"]"}
COMMAND: POST /session/92e25ae387a06d821b008f80a04495e6/elements - {"using":"xpath","value":"//button[@data-kt=\"addButton\"]"}
RESULT: {"using":"xpath","value":"//button[@data-kt=\"addButton\"]"}
COMMAND: POST /session/92e25ae387a06d821b008f80a04495e6/elements - {"using":"xpath","value":"//button[@data-kt=\"addButton\"]"}
RESULT: {"using":"xpath","value":"//button[@data-kt=\"addButton\"]"}
COMMAND: POST /session/92e25ae387a06d821b008f80a04495e6/elements - {"using":"xpath","value":"//button[@data-kt=\"addButton\"]"}
RESULT: {"using":"xpath","value":"//button[@data-kt=\"addButton\"]"}
COMMAND: POST /session/92e25ae387a06d821b008f80a04495e6/element - {"using":"xpath","value":"//button[@data-kt=\"addButton\"]"}
RESULT: {"using":"xpath","value":"//button[@data-kt=\"addButton\"]"}
COMMAND: POST /session/92e25ae387a06d821b008f80a04495e6/execute/sync - {"script":"<script> [8489 bytes]","args":[{"element-6066-11e4-a52e-4f735466cecf":"f.2AE10C335A97376731A182912FB7EE33.d.9B3DADD2D00C95FCB95E24B604D68433.e.12981","ELEMENT":"f.2AE10C335A97376731A182912FB7EE33.d.9B3DADD2D00C95FCB95E24B604D68433.e.12981"}]}
RESULT: {"script":"<script> [8489 bytes]","args":[{"element-6066-11e4-a52e-4f735466cecf":"f.2AE10C335A97376731A182912FB7EE33.d.9B3DADD2D00C95FCB95E24B604D68433.e.12981","ELEMENT":"f.2AE10C335A97376731A182912FB7EE33.d.9B3DADD2D00C95FCB95E24B604D68433.e.12981"}]}
COMMAND: GET /session/92e25ae387a06d821b008f80a04495e6/element/f.2AE10C335A97376731A182912FB7EE33.d.9B3DADD2D00C95FCB95E24B604D68433.e.12981/enabled - {}
COMMAND: GET /session/92e25ae387a06d821b008f80a04495e6/screenshot - {}
RESULT: {}
COMMAND: POST /session/92e25ae387a06d821b008f80a04495e6/execute/sync - {"script":"<script> [8489 bytes]","args":[{"element-6066-11e4-a52e-4f735466cecf":"f.2AE10C335A97376731A182912FB7EE33.d.9B3DADD2D00C95FCB95E24B604D68433.e.12981","ELEMENT":"f.2AE10C335A97376731A182912FB7EE33.d.9B3DADD2D00C95FCB95E24B604D68433.e.12981"}]}
COMMAND: GET /session/92e25ae387a06d821b008f80a04495e6/screenshot - {}
RESULT: {}
RESULT: {"script":"<script> [8489 bytes]","args":[{"element-6066-11e4-a52e-4f735466cecf":"f.2AE10C335A97376731A182912FB7EE33.d.9B3DADD2D00C95FCB95E24B604D68433.e.12981","ELEMENT":"f.2AE10C335A97376731A182912FB7EE33.d.9B3DADD2D00C95FCB95E24B604D68433.e.12981"}]}
COMMAND: POST /session/92e25ae387a06d821b008f80a04495e6/execute/sync - {"script":"<script> [5351 bytes]","args":[{"element-6066-11e4-a52e-4f735466cecf":"f.2AE10C335A97376731A182912FB7EE33.d.9B3DADD2D00C95FCB95E24B604D68433.e.12981","ELEMENT":"f.2AE10C335A97376731A182912FB7EE33.d.9B3DADD2D00C95FCB95E24B604D68433.e.12981"}]}
COMMAND: GET /session/92e25ae387a06d821b008f80a04495e6/screenshot - {}
RESULT: {}
RESULT: {"script":"<script> [5351 bytes]","args":[{"element-6066-11e4-a52e-4f735466cecf":"f.2AE10C335A97376731A182912FB7EE33.d.9B3DADD2D00C95FCB95E24B604D68433.e.12981","ELEMENT":"f.2AE10C335A97376731A182912FB7EE33.d.9B3DADD2D00C95FCB95E24B604D68433.e.12981"}]}
COMMAND: POST /session/92e25ae387a06d821b008f80a04495e6/element/f.2AE10C335A97376731A182912FB7EE33.d.9B3DADD2D00C95FCB95E24B604D68433.e.12981/click - {}
COMMAND: GET /session/92e25ae387a06d821b008f80a04495e6/screenshot - {}
RESULT: {}
RESULT: {}
COMMAND: GET /session/92e25ae387a06d821b008f80a04495e6/screenshot - {}
RESULT: {}
RESULT: {}
RESULT: undefined
COMMAND: POST /session/92e25ae387a06d821b008f80a04495e6/execute/async - {"script":"<script> [776 bytes]","args":[{"enterText":"External Partner WDIO","selector":{"id":"application-managepartners-display-component---NewPartner--addressDetailDetailsName1","interaction":{"idSuffix":"inner"}},"clearTextFirst":true,"interactionType":"ENTER_TEXT"}]}
RESULT: {"script":"<script> [776 bytes]","args":[{"enterText":"External Partner WDIO","selector":{"id":"application-managepartners-display-component---NewPartner--addressDetailDetailsName1","interaction":{"idSuffix":"inner"}},"clearTextFirst":true,"interactionType":"ENTER_TEXT"}]}
RESULT: undefined
COMMAND: POST /session/92e25ae387a06d821b008f80a04495e6/element - {"using":"xpath","value":"//*[@id=\"application-managepartners-display-component---NewPartner--addressDetailDetailsLanguage-arrow\"]"}
RESULT: {"using":"xpath","value":"//*[@id=\"application-managepartners-display-component---NewPartner--addressDetailDetailsLanguage-arrow\"]"}
COMMAND: POST /session/92e25ae387a06d821b008f80a04495e6/element/f.2AE10C335A97376731A182912FB7EE33.d.9B3DADD2D00C95FCB95E24B604D68433.e.13426/click - {}
RESULT: {}
COMMAND: POST /session/92e25ae387a06d821b008f80a04495e6/element - {"using":"xpath","value":"//span[contains(text(), \"English\")]"}
COMMAND: GET /session/92e25ae387a06d821b008f80a04495e6/screenshot - {}
RESULT: {"using":"xpath","value":"//span[contains(text(), \"English\")]"}
COMMAND: POST /session/92e25ae387a06d821b008f80a04495e6/element/f.2AE10C335A97376731A182912FB7EE33.d.9B3DADD2D00C95FCB95E24B604D68433.e.13427/click - {}
RESULT: {}
RESULT: {}
COMMAND: GET /session/92e25ae387a06d821b008f80a04495e6/screenshot - {}
RESULT: {}
RESULT: undefined
COMMAND: POST /session/92e25ae387a06d821b008f80a04495e6/execute/async - {"script":"<script> [776 bytes]","args":[{"enterText":"Rosario","selector":{"id":"application-managepartners-display-component---NewPartner--addressDetailDetailsCity1","interaction":{"idSuffix":"inner"}},"clearTextFirst":true,"interactionType":"ENTER_TEXT"}]}
RESULT: {"script":"<script> [776 bytes]","args":[{"enterText":"Rosario","selector":{"id":"application-managepartners-display-component---NewPartner--addressDetailDetailsCity1","interaction":{"idSuffix":"inner"}},"clearTextFirst":true,"interactionType":"ENTER_TEXT"}]}
RESULT: undefined
COMMAND: POST /session/92e25ae387a06d821b008f80a04495e6/element - {"using":"xpath","value":"//*[@id=\"application-managepartners-display-component---NewPartner--addressDetailDetailsCountry-arrow\"]"}
RESULT: {"using":"xpath","value":"//*[@id=\"application-managepartners-display-component---NewPartner--addressDetailDetailsCountry-arrow\"]"}
COMMAND: POST /session/92e25ae387a06d821b008f80a04495e6/element/f.2AE10C335A97376731A182912FB7EE33.d.9B3DADD2D00C95FCB95E24B604D68433.e.13394/click - {}
RESULT: {}
COMMAND: POST /session/92e25ae387a06d821b008f80a04495e6/element - {"using":"xpath","value":"//span[contains(text(), \"Argentina\")]"}
COMMAND: GET /session/92e25ae387a06d821b008f80a04495e6/screenshot - {}
RESULT: {"using":"xpath","value":"//span[contains(text(), \"Argentina\")]"}
COMMAND: POST /session/92e25ae387a06d821b008f80a04495e6/element/f.2AE10C335A97376731A182912FB7EE33.d.9B3DADD2D00C95FCB95E24B604D68433.e.13428/click - {}
RESULT: {}
RESULT: {}
COMMAND: GET /session/92e25ae387a06d821b008f80a04495e6/screenshot - {}
RESULT: {}
COMMAND: POST /session/92e25ae387a06d821b008f80a04495e6/element - {"using":"xpath","value":"//bdi[contains(text(), \"Commercial\")]"}
RESULT: {"using":"xpath","value":"//bdi[contains(text(), \"Commercial\")]"}
COMMAND: POST /session/92e25ae387a06d821b008f80a04495e6/element/f.2AE10C335A97376731A182912FB7EE33.d.9B3DADD2D00C95FCB95E24B604D68433.e.13429/click - {}
RESULT: {}
COMMAND: GET /session/92e25ae387a06d821b008f80a04495e6/screenshot - {}
RESULT: {}
RESULT: undefined
COMMAND: POST /session/92e25ae387a06d821b008f80a04495e6/element - {"using":"xpath","value":"//*[@id=\"application-managepartners-display-component---NewPartner--partnerDetailInternal-arrow\"]"}
RESULT: {"using":"xpath","value":"//*[@id=\"application-managepartners-display-component---NewPartner--partnerDetailInternal-arrow\"]"}
COMMAND: POST /session/92e25ae387a06d821b008f80a04495e6/element/f.2AE10C335A97376731A182912FB7EE33.d.9B3DADD2D00C95FCB95E24B604D68433.e.13435/click - {}
RESULT: {}
COMMAND: POST /session/92e25ae387a06d821b008f80a04495e6/element - {"using":"xpath","value":"//span[contains(text(), \"External partner\")]"}
COMMAND: GET /session/92e25ae387a06d821b008f80a04495e6/screenshot - {}
RESULT: {"using":"xpath","value":"//span[contains(text(), \"External partner\")]"}
COMMAND: POST /session/92e25ae387a06d821b008f80a04495e6/element/f.2AE10C335A97376731A182912FB7EE33.d.9B3DADD2D00C95FCB95E24B604D68433.e.13436/click - {}
RESULT: {}
RESULT: {}
RESULT: undefined
COMMAND: POST /session/92e25ae387a06d821b008f80a04495e6/element - {"using":"xpath","value":"//*[@id=\"application-managepartners-display-component---NewPartner--partnerDetailsCurrency-arrow\"]"}
COMMAND: GET /session/92e25ae387a06d821b008f80a04495e6/screenshot - {}
RESULT: {"using":"xpath","value":"//*[@id=\"application-managepartners-display-component---NewPartner--partnerDetailsCurrency-arrow\"]"}
COMMAND: POST /session/92e25ae387a06d821b008f80a04495e6/element/f.2AE10C335A97376731A182912FB7EE33.d.9B3DADD2D00C95FCB95E24B604D68433.e.13441/click - {}
RESULT: {}
RESULT: {}
COMMAND: POST /session/92e25ae387a06d821b008f80a04495e6/element - {"using":"xpath","value":"//span[contains(text(), \"US Dollar\")]"}
COMMAND: GET /session/92e25ae387a06d821b008f80a04495e6/screenshot - {}
RESULT: {"using":"xpath","value":"//span[contains(text(), \"US Dollar\")]"}
COMMAND: POST /session/92e25ae387a06d821b008f80a04495e6/element/f.2AE10C335A97376731A182912FB7EE33.d.9B3DADD2D00C95FCB95E24B604D68433.e.13442/click - {}
RESULT: {}
RESULT: {}
COMMAND: GET /session/92e25ae387a06d821b008f80a04495e6/screenshot - {}
RESULT: {}
COMMAND: POST /session/92e25ae387a06d821b008f80a04495e6/element - {"using":"xpath","value":"//input[@id=\"application-managepartners-display-component---NewPartner--companyCodeComboBox-inner\"]"}
RESULT: {"using":"xpath","value":"//input[@id=\"application-managepartners-display-component---NewPartner--companyCodeComboBox-inner\"]"}
COMMAND: POST /session/92e25ae387a06d821b008f80a04495e6/element/f.2AE10C335A97376731A182912FB7EE33.d.9B3DADD2D00C95FCB95E24B604D68433.e.13303/clear - {}
RESULT: {}
COMMAND: POST /session/92e25ae387a06d821b008f80a04495e6/element/f.2AE10C335A97376731A182912FB7EE33.d.9B3DADD2D00C95FCB95E24B604D68433.e.13303/value - {"text":"C002"}
COMMAND: GET /session/92e25ae387a06d821b008f80a04495e6/screenshot - {}
RESULT: {"text":"C002"}
COMMAND: GET /session/92e25ae387a06d821b008f80a04495e6/screenshot - {}
RESULT: {}
RESULT: {}
COMMAND: POST /session/92e25ae387a06d821b008f80a04495e6/element - {"using":"xpath","value":"//li[.//span[text()= \"C002\"]]"}
RESULT: {"using":"xpath","value":"//li[.//span[text()= \"C002\"]]"}
COMMAND: POST /session/92e25ae387a06d821b008f80a04495e6/element/f.2AE10C335A97376731A182912FB7EE33.d.9B3DADD2D00C95FCB95E24B604D68433.e.13446/click - {}
RESULT: {}
COMMAND: GET /session/92e25ae387a06d821b008f80a04495e6/screenshot - {}
RESULT: {}
RESULT: undefined
COMMAND: POST /session/92e25ae387a06d821b008f80a04495e6/element - {"using":"xpath","value":"//*[@id=\"application-managepartners-display-component---NewPartner--btnAddTableRow-img\"]"}
RESULT: {"using":"xpath","value":"//*[@id=\"application-managepartners-display-component---NewPartner--btnAddTableRow-img\"]"}
COMMAND: POST /session/92e25ae387a06d821b008f80a04495e6/element/f.2AE10C335A97376731A182912FB7EE33.d.9B3DADD2D00C95FCB95E24B604D68433.e.13447/click - {}
RESULT: {}
COMMAND: GET /session/92e25ae387a06d821b008f80a04495e6/screenshot - {}
RESULT: {}
COMMAND: POST /session/92e25ae387a06d821b008f80a04495e6/element - {"using":"xpath","value":"//input[@id=\"application-managepartners-display-component---NewPartner--assignmentYard-application-managepartners-display-component---NewPartner--assignmentsTable-0-inner\"]"}
RESULT: {"using":"xpath","value":"//input[@id=\"application-managepartners-display-component---NewPartner--assignmentYard-application-managepartners-display-component---NewPartner--assignmentsTable-0-inner\"]"}
COMMAND: POST /session/92e25ae387a06d821b008f80a04495e6/element/f.2AE10C335A97376731A182912FB7EE33.d.9B3DADD2D00C95FCB95E24B604D68433.e.13450/clear - {}
RESULT: {}
COMMAND: POST /session/92e25ae387a06d821b008f80a04495e6/element/f.2AE10C335A97376731A182912FB7EE33.d.9B3DADD2D00C95FCB95E24B604D68433.e.13450/value - {"text":"281"}
COMMAND: GET /session/92e25ae387a06d821b008f80a04495e6/screenshot - {}
RESULT: {"text":"281"}
COMMAND: GET /session/92e25ae387a06d821b008f80a04495e6/screenshot - {}
RESULT: {}
RESULT: {}
COMMAND: POST /session/92e25ae387a06d821b008f80a04495e6/element - {"using":"xpath","value":"//li[.//span[text()='281']]"}
RESULT: {"using":"xpath","value":"//li[.//span[text()='281']]"}
COMMAND: POST /session/92e25ae387a06d821b008f80a04495e6/element/f.2AE10C335A97376731A182912FB7EE33.d.9B3DADD2D00C95FCB95E24B604D68433.e.13458/click - {}
RESULT: {}
COMMAND: GET /session/92e25ae387a06d821b008f80a04495e6/screenshot - {}
RESULT: {}
COMMAND: POST /session/92e25ae387a06d821b008f80a04495e6/actions - {"actions":[{"id":"action38","type":"key","parameters":{},"actions":[{"type":"keyDown","value":"î€‡"},{"type":"pause","duration":10},{"type":"keyUp","value":"î€‡"}]}]}
RESULT: {"actions":[{"id":"action38","type":"key","parameters":{},"actions":[{"type":"keyDown","value":"î€‡"},{"type":"pause","duration":10},{"type":"keyUp","value":"î€‡"}]}]}
COMMAND: POST /session/92e25ae387a06d821b008f80a04495e6/element - {"using":"xpath","value":"//td[contains(@id, \"assignmentsTable-0-cell2\")]/div/div"}
COMMAND: GET /session/92e25ae387a06d821b008f80a04495e6/screenshot - {}
RESULT: {"using":"xpath","value":"//td[contains(@id, \"assignmentsTable-0-cell2\")]/div/div"}
COMMAND: POST /session/92e25ae387a06d821b008f80a04495e6/element/f.2AE10C335A97376731A182912FB7EE33.d.9B3DADD2D00C95FCB95E24B604D68433.e.13461/click - {}
RESULT: {}
RESULT: {}
COMMAND: GET /session/92e25ae387a06d821b008f80a04495e6/screenshot - {}
RESULT: {}
COMMAND: POST /session/92e25ae387a06d821b008f80a04495e6/element - {"using":"xpath","value":"//button[@data-kt=\"saveButton\"]"}
RESULT: {"using":"xpath","value":"//button[@data-kt=\"saveButton\"]"}
COMMAND: POST /session/92e25ae387a06d821b008f80a04495e6/element/f.2AE10C335A97376731A182912FB7EE33.d.9B3DADD2D00C95FCB95E24B604D68433.e.13341/click - {}
RESULT: {}
COMMAND: GET /session/92e25ae387a06d821b008f80a04495e6/screenshot - {}
RESULT: {}
COMMAND: POST /session/92e25ae387a06d821b008f80a04495e6/element - {"using":"xpath","value":"//header[contains(@id, 'ObjectPageLayout-headerTitle')]/div[1]/div[2]/div[2]/span[1]"}
RESULT: {"using":"xpath","value":"//header[contains(@id, 'ObjectPageLayout-headerTitle')]/div[1]/div[2]/div[2]/span[1]"}
COMMAND: POST /session/92e25ae387a06d821b008f80a04495e6/elements - {"using":"xpath","value":"//header[contains(@id, 'ObjectPageLayout-headerTitle')]/div[1]/div[2]/div[2]/span[1]"}
RESULT: {"using":"xpath","value":"//header[contains(@id, 'ObjectPageLayout-headerTitle')]/div[1]/div[2]/div[2]/span[1]"}
COMMAND: POST /session/92e25ae387a06d821b008f80a04495e6/execute/sync - {"script":"<script> [56 bytes]","args":[{"element-6066-11e4-a52e-4f735466cecf":"f.2AE10C335A97376731A182912FB7EE33.d.9B3DADD2D00C95FCB95E24B604D68433.e.13625","ELEMENT":"f.2AE10C335A97376731A182912FB7EE33.d.9B3DADD2D00C95FCB95E24B604D68433.e.13625"}]}
RESULT: {"script":"<script> [56 bytes]","args":[{"element-6066-11e4-a52e-4f735466cecf":"f.2AE10C335A97376731A182912FB7EE33.d.9B3DADD2D00C95FCB95E24B604D68433.e.13625","ELEMENT":"f.2AE10C335A97376731A182912FB7EE33.d.9B3DADD2D00C95FCB95E24B604D68433.e.13625"}]}
COMMAND: POST /session/92e25ae387a06d821b008f80a04495e6/element - {"using":"css selector","value":"#shell-header-logo"}
COMMAND: GET /session/92e25ae387a06d821b008f80a04495e6/screenshot - {}
RESULT: {"using":"css selector","value":"#shell-header-logo"}
COMMAND: POST /session/92e25ae387a06d821b008f80a04495e6/element/f.2AE10C335A97376731A182912FB7EE33.d.9B3DADD2D00C95FCB95E24B604D68433.e.12948/click - {}
RESULT: {}
RESULT: {}
COMMAND: GET /session/92e25ae387a06d821b008f80a04495e6/screenshot - {}
RESULT: {}
COMMAND: POST /session/92e25ae387a06d821b008f80a04495e6/execute/sync - {"script":"<script> [299 bytes]","args":[["getModel","getResource"]]}
RESULT: {"script":"<script> [299 bytes]","args":[["getModel","getResource"]]}
COMMAND: GET /session/92e25ae387a06d821b008f80a04495e6/screenshot - {}
RESULT: {}
COMMAND: DELETE /session/92e25ae387a06d821b008f80a04495e6 - {}
RESULT: {}
]]></system-out>
    </testcase>
  </testsuite>
</testsuites>